Change Component Designator: Old Designator=C106 New Designator=C?
Change Component Designator: Old Designator=C107 New Designator=C?
Change Component Designator: Old Designator=C108 New Designator=C?
Change Component Designator: Old Designator=C109 New Designator=C?
Change Component Designator: Old Designator=C110 New Designator=C?
Change Component Designator: Old Designator=C111 New Designator=C?
Change Component Designator: Old Designator=C112 New Designator=C?
Change Component Designator: Old Designator=C113 New Designator=C?
Change Component Designator: Old Designator=C114 New Designator=C?
Change Component Designator: Old Designator=C115 New Designator=C?
Change Component Designator: Old Designator=C116 New Designator=C?
Change Component Designator: Old Designator=C117 New Designator=C?
Change Component Designator: Old Designator=C118 New Designator=C?
Change Component Designator: Old Designator=C119 New Designator=C?
Change Component Designator: Old Designator=C120 New Designator=C?
Change Component Designator: Old Designator=C121 New Designator=C?
Change Component Designator: Old Designator=C122 New Designator=C?
Change Component Designator: Old Designator=C123 New Designator=C?
Change Component Designator: Old Designator=C124 New Designator=C?
Change Component Designator: Old Designator=C125 New Designator=C?
Change Component Designator: Old Designator=IC22 New Designator=IC?
Change Component Designator: Old Designator=IC22 New Designator=IC?
Change Component Designator: Old Designator=IC23 New Designator=IC?
Change Component Designator: Old Designator=IC23 New Designator=IC?
Change Component Designator: Old Designator=IC24 New Designator=IC?
Change Component Designator: Old Designator=IC24 New Designator=IC?
Change Component Designator: Old Designator=L3 New Designator=L?
Change Component Designator: Old Designator=L4 New Designator=L?
Change Component Designator: Old Designator=L5 New Designator=L?
Change Component Designator: Old Designator=R58 New Designator=R?
Change Component Designator: Old Designator=R59 New Designator=R?
Change Component Designator: Old Designator=R60 New Designator=R?
Change Component Designator: Old Designator=R61 New Designator=R?
Change Component Designator: Old Designator=R62 New Designator=R?
Change Component Designator: Old Designator=R63 New Designator=R?
Change Component Designator: Old Designator=R64 New Designator=R?
Change Component Designator: Old Designator=R65 New Designator=R?
Change Component Designator: Old Designator=R66 New Designator=R?
Change Component Designator: Old Designator=R67 New Designator=R?
Change Component Designator: Old Designator=R68 New Designator=R?
Change Component Designator: Old Designator=R69 New Designator=R?
Change Component Designator: Old Designator=R70 New Designator=R?
Change Component Designator: Old Designator=R71 New Designator=R?
Change Component Designator: Old Designator=R72 New Designator=R?
Change Component Designator: Old Designator=RP1 New Designator=RP?
Change Component Designator: Old Designator=RP2 New Designator=RP?
Change Component Designator: Old Designator=RP3 New Designator=RP?
Change Component Designator: Old Designator=RP4 New Designator=RP?
Change Component Designator: Old Designator=RP5 New Designator=RP?
Change Component Designator: Old Designator=X1 New Designator=X?
