Removed Pin From Net: NetName=GND Pin=C106-2
Removed Pin From Net: NetName=GND Pin=C107-2
Removed Pin From Net: NetName=GND Pin=C110-1
Removed Pin From Net: NetName=GND Pin=C111-1
Removed Pin From Net: NetName=+3V3 Pin=C111-2
Removed Pin From Net: NetName=+3V3 Pin=C112-1
Removed Pin From Net: NetName=GND Pin=C112-2
Removed Pin From Net: NetName=GND Pin=C114-1
Removed Pin From Net: NetName=GND Pin=C116-1
Removed Pin From Net: NetName=+3V3 Pin=C116-2
Removed Pin From Net: NetName=GND Pin=C117-1
Removed Pin From Net: NetName=+2V5 Pin=C117-2
Removed Pin From Net: NetName=GND Pin=C118-1
Removed Pin From Net: NetName=+2V5 Pin=C118-2
Removed Pin From Net: NetName=GND Pin=C119-1
Removed Pin From Net: NetName=+2V5 Pin=C119-2
Removed Pin From Net: NetName=GND Pin=C120-1
Removed Pin From Net: NetName=+2V5 Pin=C120-2
Removed Pin From Net: NetName=GND Pin=C121-1
Removed Pin From Net: NetName=+2V5 Pin=C121-2
Removed Pin From Net: NetName=GND Pin=C122-1
Removed Pin From Net: NetName=+2V5 Pin=C122-2
Removed Pin From Net: NetName=GND Pin=C123-1
Removed Pin From Net: NetName=+2V5 Pin=C123-2
Removed Pin From Net: NetName=GND Pin=C124-1
Removed Pin From Net: NetName=GND Pin=C125-1
Removed Pin From Net: NetName=REFCLK_MAIN+ Pin=CN6-15
Removed Pin From Net: NetName=REFCLK_MAIN- Pin=CN6-17
Removed Pin From Net: NetName=REFCLK1+ Pin=CN6-18
Removed Pin From Net: NetName=REFCLK1- Pin=CN6-20
Removed Pin From Net: NetName=DMTDCLK_MAIN+ Pin=CN6-21
Removed Pin From Net: NetName=DMTDCLK_MAIN- Pin=CN6-23
Removed Pin From Net: NetName=REFCLK2+ Pin=CN6-24
Removed Pin From Net: NetName=REFCLK2- Pin=CN6-26
Removed Pin From Net: NetName=UP0_LOS Pin=CN6-51
Removed Pin From Net: NetName=UP0_SYNC Pin=CN6-64
Removed Pin From Net: NetName=CMI_PIO3 Pin=CN7-7
Removed Pin From Net: NetName=CMI_PIO2 Pin=CN7-9
Removed Pin From Net: NetName=CMI_PIO1 Pin=CN7-11
Removed Pin From Net: NetName=CMI_PIO0 Pin=CN7-13
Removed Pin From Net: NetName=CMI_CLKSRC1 Pin=CN7-17
Removed Pin From Net: NetName=CMI_CLKSRC0 Pin=CN7-19
Removed Pin From Net: NetName=CMI_IRQ1 Pin=CN7-21
Removed Pin From Net: NetName=CMI_IRQ0 Pin=CN7-23
Removed Pin From Net: NetName=CMI_SPI_CS Pin=CN7-27
Removed Pin From Net: NetName=CMI_SPI_SDOUT Pin=CN7-29
Removed Pin From Net: NetName=CMI_SPI_SDIN Pin=CN7-31
Removed Pin From Net: NetName=CMI_SPI_SCLK Pin=CN7-33
Removed Pin From Net: NetName=JTAG_TDO Pin=CN7-39
Removed Pin From Net: NetName=DCLK Pin=CN7-49
Removed Pin From Net: NetName=CONF_DONE Pin=CN7-51
Removed Pin From Net: NetName=UP1_LOS Pin=CN7-52
Removed Pin From Net: NetName=NCONFIG Pin=CN7-53
Removed Pin From Net: NetName=NSTATUS Pin=CN7-55
Removed Pin From Net: NetName=EXT_PPS_IN Pin=CN7-61
Removed Pin From Net: NetName=UP1_SYNC Pin=CN7-69
Removed Pin From Net: NetName=PDADC0_CS Pin=IC5-38
Removed Pin From Net: NetName=PDADC0_SDO Pin=IC5-39
Removed Pin From Net: NetName=PDADC0_SCLK Pin=IC5-42
Removed Pin From Net: NetName=PDADC1_CS Pin=IC5-43
Removed Pin From Net: NetName=PDADC1_SDO Pin=IC5-44
Removed Pin From Net: NetName=PDADC1_SCLK Pin=IC5-46
Removed Pin From Net: NetName=PD0_UP Pin=IC5-49
Removed Pin From Net: NetName=PD0_DOWN Pin=IC5-50
Removed Pin From Net: NetName=PD1_UP Pin=IC5-52
Removed Pin From Net: NetName=PD1_DOWN Pin=IC5-53
Removed Pin From Net: NetName=REFCLK_EXT_SEL Pin=IC10-15
Removed Pin From Net: NetName=REFCLK_FB- Pin=IC12-37
Removed Pin From Net: NetName=REFCLK_FB+ Pin=IC12-38
Removed Pin From Net: NetName=DAC_REF_SYNC Pin=IC13-5
Removed Pin From Net: NetName=DAC_REF_SCLK Pin=IC13-6
Removed Pin From Net: NetName=DAC_REF_DIN Pin=IC13-7
Removed Pin From Net: NetName=DMTDCLK+ Pin=IC16-7
Removed Pin From Net: NetName=DMTDCLK- Pin=IC16-8
Removed Pin From Net: NetName=DAC_DMTD_SYNC Pin=IC17-5
Removed Pin From Net: NetName=DAC_DMTD_SCLK Pin=IC17-6
Removed Pin From Net: NetName=DAC_DMTD_DIN Pin=IC17-7
Removed Pin From Net: NetName=GND Pin=IC22-1
Removed Pin From Net: NetName=GND Pin=IC22-3
Removed Pin From Net: NetName=+2V5 Pin=IC22-5
Removed Pin From Net: NetName=+2V5 Pin=IC23-6
Removed Pin From Net: NetName=+2V5 Pin=IC23-13
Removed Pin From Net: NetName=+2V5 Pin=IC23-16
Removed Pin From Net: NetName=+2V5 Pin=IC23-26
Removed Pin From Net: NetName=GND Pin=IC23-35
Removed Pin From Net: NetName=+2V5 Pin=IC23-37
Removed Pin From Net: NetName=GND Pin=IC23-40
Removed Pin From Net: NetName=GND Pin=IC23-PAD
Removed Pin From Net: NetName=GND Pin=IC23-PAD
Removed Pin From Net: NetName=GND Pin=IC23-PAD
Removed Pin From Net: NetName=GND Pin=IC23-PAD
Removed Pin From Net: NetName=GND Pin=IC23-PAD
Removed Pin From Net: NetName=GND Pin=IC23-PAD
Removed Pin From Net: NetName=GND Pin=IC23-PAD
Removed Pin From Net: NetName=GND Pin=IC23-PAD
Removed Pin From Net: NetName=GND Pin=IC23-PAD
Removed Pin From Net: NetName=GND Pin=IC24-5
Removed Pin From Net: NetName=+3V3 Pin=IC24-8
Removed Pin From Net: NetName=+3V3 Pin=L3-2
Removed Pin From Net: NetName=+3V3 Pin=L4-2
Removed Pin From Net: NetName=+2V5 Pin=L5-1
Removed Pin From Net: NetName=UP0_RBCLK Pin=R55-1
Removed Pin From Net: NetName=UP1_RBCLK Pin=R56-2
Removed Pin From Net: NetName=GND Pin=R58-1
Removed Pin From Net: NetName=+3V3 Pin=R59-1
Removed Pin From Net: NetName=GND Pin=R60-1
Removed Pin From Net: NetName=GND Pin=R61-2
Removed Pin From Net: NetName=GND Pin=R62-2
Removed Pin From Net: NetName=GND Pin=R63-2
Removed Pin From Net: NetName=+2V5 Pin=R64-2
Removed Pin From Net: NetName=+2V5 Pin=R65-2
Removed Pin From Net: NetName=GND Pin=R69-2
Removed Pin From Net: NetName=GND Pin=R70-2
Removed Pin From Net: NetName=+3V3 Pin=R71-2
Removed Pin From Net: NetName=+3V3 Pin=RP4-1
Removed Pin From Net: NetName=+3V3 Pin=RP4-2
Removed Pin From Net: NetName=+3V3 Pin=RP4-3
Removed Pin From Net: NetName=+3V3 Pin=RP4-4
Removed Pin From Net: NetName=+3V3 Pin=RP5-1
Removed Pin From Net: NetName=+3V3 Pin=RP5-2
Removed Pin From Net: NetName=+3V3 Pin=RP5-3
Removed Pin From Net: NetName=+3V3 Pin=RP5-4
Removed Pin From Net: NetName=GND Pin=X1-1
Removed Pin From Net: NetName=GND Pin=X1-9
Removed Pin From Net: NetName=GND Pin=X1-10
Removed Pin From Net: NetName=GND Pin=X1-11
Removed Pin From Net: NetName=GND Pin=X1-14
Removed Pin From Net: NetName=GND Pin=X1-17
Removed Pin From Net: NetName=GND Pin=X1-20
Removed Pin From Net: NetName=GND Pin=X1-21
Removed Pin From Net: NetName=GND Pin=X1-22
Removed Pin From Net: NetName=GND Pin=X1-23
Removed Pin From Net: NetName=GND Pin=X1-24
Removed Pin From Net: NetName=GND Pin=X1-25
Removed Pin From Net: NetName=GND Pin=X1-26
Removed Pin From Net: NetName=GND Pin=X1-27
Removed Pin From Net: NetName=GND Pin=X1-28
Removed Pin From Net: NetName=GND Pin=X1-29
Removed Pin From Net: NetName=GND Pin=X1-30
Removed Pin From Net: NetName=GND Pin=X1-31
Removed Member From Class: ClassName=CLKB_uplink_phy_and_sfp_1221 Member=C106
Removed Member From Class: ClassName=CLKB_uplink_phy_and_sfp_1221 Member=C106
Removed Member From Class: ClassName=CLKB_uplink_phy_and_sfp_1221 Member=C107
Removed Member From Class: ClassName=CLKB_uplink_phy_and_sfp_1221 Member=C107
Removed Member From Class: ClassName=CLKB_uplink_phy_and_sfp_1221 Member=C108
Removed Member From Class: ClassName=CLKB_uplink_phy_and_sfp_1221 Member=C108
Removed Member From Class: ClassName=CLKB_uplink_phy_and_sfp_1221 Member=C109
Removed Member From Class: ClassName=CLKB_uplink_phy_and_sfp_1221 Member=C109
Removed Member From Class: ClassName=CLKB_uplink_phy_and_sfp_1221 Member=C110
Removed Member From Class: ClassName=CLKB_uplink_phy_and_sfp_1221 Member=C110
Removed Member From Class: ClassName=CLKB_uplink_phy_and_sfp_1221 Member=C111
Removed Member From Class: ClassName=CLKB_uplink_phy_and_sfp_1221 Member=C111
Removed Member From Class: ClassName=CLKB_uplink_phy_and_sfp_1221 Member=C112
Removed Member From Class: ClassName=CLKB_uplink_phy_and_sfp_1221 Member=C112
Removed Member From Class: ClassName=CLKB_uplink_phy_and_sfp_1221 Member=C113
Removed Member From Class: ClassName=CLKB_uplink_phy_and_sfp_1221 Member=C113
Removed Member From Class: ClassName=CLKB_uplink_phy_and_sfp_1221 Member=C114
Removed Member From Class: ClassName=CLKB_uplink_phy_and_sfp_1221 Member=C114
Removed Member From Class: ClassName=CLKB_uplink_phy_and_sfp_1221 Member=C115
Removed Member From Class: ClassName=CLKB_uplink_phy_and_sfp_1221 Member=C115
Removed Member From Class: ClassName=CLKB_uplink_phy_and_sfp_1221 Member=C116
Removed Member From Class: ClassName=CLKB_uplink_phy_and_sfp_1221 Member=C116
Removed Member From Class: ClassName=CLKB_uplink_phy_and_sfp_1221 Member=C117
Removed Member From Class: ClassName=CLKB_uplink_phy_and_sfp_1221 Member=C117
Removed Member From Class: ClassName=CLKB_uplink_phy_and_sfp_1221 Member=C118
Removed Member From Class: ClassName=CLKB_uplink_phy_and_sfp_1221 Member=C118
Removed Member From Class: ClassName=CLKB_uplink_phy_and_sfp_1221 Member=C119
Removed Member From Class: ClassName=CLKB_uplink_phy_and_sfp_1221 Member=C119
Removed Member From Class: ClassName=CLKB_uplink_phy_and_sfp_1221 Member=C120
Removed Member From Class: ClassName=CLKB_uplink_phy_and_sfp_1221 Member=C120
Removed Member From Class: ClassName=CLKB_uplink_phy_and_sfp_1221 Member=C121
Removed Member From Class: ClassName=CLKB_uplink_phy_and_sfp_1221 Member=C121
Removed Member From Class: ClassName=CLKB_uplink_phy_and_sfp_1221 Member=C122
Removed Member From Class: ClassName=CLKB_uplink_phy_and_sfp_1221 Member=C122
Removed Member From Class: ClassName=CLKB_uplink_phy_and_sfp_1221 Member=C123
Removed Member From Class: ClassName=CLKB_uplink_phy_and_sfp_1221 Member=C123
Removed Member From Class: ClassName=CLKB_uplink_phy_and_sfp_1221 Member=C124
Removed Member From Class: ClassName=CLKB_uplink_phy_and_sfp_1221 Member=C124
Removed Member From Class: ClassName=CLKB_uplink_phy_and_sfp_1221 Member=C125
Removed Member From Class: ClassName=CLKB_uplink_phy_and_sfp_1221 Member=C125
Removed Member From Class: ClassName=CLKB_uplink_phy_and_sfp_1221 Member=IC22
Removed Member From Class: ClassName=CLKB_uplink_phy_and_sfp_1221 Member=IC22
Removed Member From Class: ClassName=CLKB_uplink_phy_and_sfp_1221 Member=IC23
Removed Member From Class: ClassName=CLKB_uplink_phy_and_sfp_1221 Member=IC23
Removed Member From Class: ClassName=CLKB_uplink_phy_and_sfp_1221 Member=IC24
Removed Member From Class: ClassName=CLKB_uplink_phy_and_sfp_1221 Member=IC24
Removed Member From Class: ClassName=CLKB_uplink_phy_and_sfp_1221 Member=L3
Removed Member From Class: ClassName=CLKB_uplink_phy_and_sfp_1221 Member=L3
Removed Member From Class: ClassName=CLKB_uplink_phy_and_sfp_1221 Member=L4
Removed Member From Class: ClassName=CLKB_uplink_phy_and_sfp_1221 Member=L4
Removed Member From Class: ClassName=CLKB_uplink_phy_and_sfp_1221 Member=L5
Removed Member From Class: ClassName=CLKB_uplink_phy_and_sfp_1221 Member=L5
Removed Member From Class: ClassName=CLKB_uplink_phy_and_sfp_1221 Member=R58
Removed Member From Class: ClassName=CLKB_uplink_phy_and_sfp_1221 Member=R58
Removed Member From Class: ClassName=CLKB_uplink_phy_and_sfp_1221 Member=R59
Removed Member From Class: ClassName=CLKB_uplink_phy_and_sfp_1221 Member=R59
Removed Member From Class: ClassName=CLKB_uplink_phy_and_sfp_1221 Member=R60
Removed Member From Class: ClassName=CLKB_uplink_phy_and_sfp_1221 Member=R60
Removed Member From Class: ClassName=CLKB_uplink_phy_and_sfp_1221 Member=R61
Removed Member From Class: ClassName=CLKB_uplink_phy_and_sfp_1221 Member=R61
Removed Member From Class: ClassName=CLKB_uplink_phy_and_sfp_1221 Member=R62
Removed Member From Class: ClassName=CLKB_uplink_phy_and_sfp_1221 Member=R62
Removed Member From Class: ClassName=CLKB_uplink_phy_and_sfp_1221 Member=R63
Removed Member From Class: ClassName=CLKB_uplink_phy_and_sfp_1221 Member=R63
Removed Member From Class: ClassName=CLKB_uplink_phy_and_sfp_1221 Member=R64
Removed Member From Class: ClassName=CLKB_uplink_phy_and_sfp_1221 Member=R64
Removed Member From Class: ClassName=CLKB_uplink_phy_and_sfp_1221 Member=R65
Removed Member From Class: ClassName=CLKB_uplink_phy_and_sfp_1221 Member=R65
Removed Member From Class: ClassName=CLKB_uplink_phy_and_sfp_1221 Member=R66
Removed Member From Class: ClassName=CLKB_uplink_phy_and_sfp_1221 Member=R66
Removed Member From Class: ClassName=CLKB_uplink_phy_and_sfp_1221 Member=R67
Removed Member From Class: ClassName=CLKB_uplink_phy_and_sfp_1221 Member=R67
Removed Member From Class: ClassName=CLKB_uplink_phy_and_sfp_1221 Member=R68
Removed Member From Class: ClassName=CLKB_uplink_phy_and_sfp_1221 Member=R68
Removed Member From Class: ClassName=CLKB_uplink_phy_and_sfp_1221 Member=R69
Removed Member From Class: ClassName=CLKB_uplink_phy_and_sfp_1221 Member=R69
Removed Member From Class: ClassName=CLKB_uplink_phy_and_sfp_1221 Member=R70
Removed Member From Class: ClassName=CLKB_uplink_phy_and_sfp_1221 Member=R70
Removed Member From Class: ClassName=CLKB_uplink_phy_and_sfp_1221 Member=R71
Removed Member From Class: ClassName=CLKB_uplink_phy_and_sfp_1221 Member=R71
Removed Member From Class: ClassName=CLKB_uplink_phy_and_sfp_1221 Member=R72
Removed Member From Class: ClassName=CLKB_uplink_phy_and_sfp_1221 Member=R72
Removed Member From Class: ClassName=CLKB_uplink_phy_and_sfp_1221 Member=RP1
Removed Member From Class: ClassName=CLKB_uplink_phy_and_sfp_1221 Member=RP1
Removed Member From Class: ClassName=CLKB_uplink_phy_and_sfp_1221 Member=RP2
Removed Member From Class: ClassName=CLKB_uplink_phy_and_sfp_1221 Member=RP2
Removed Member From Class: ClassName=CLKB_uplink_phy_and_sfp_1221 Member=RP3
Removed Member From Class: ClassName=CLKB_uplink_phy_and_sfp_1221 Member=RP3
Removed Member From Class: ClassName=CLKB_uplink_phy_and_sfp_1221 Member=RP4
Removed Member From Class: ClassName=CLKB_uplink_phy_and_sfp_1221 Member=RP4
Removed Member From Class: ClassName=CLKB_uplink_phy_and_sfp_1221 Member=RP5
Removed Member From Class: ClassName=CLKB_uplink_phy_and_sfp_1221 Member=RP5
Removed Member From Class: ClassName=CLKB_uplink_phy_and_sfp_1221 Member=X1
Removed Member From Class: ClassName=CLKB_uplink_phy_and_sfp_1221 Member=X1
Added Component: Designator=C106_up0(CC1005-0402)
Added Component: Designator=C106_up1(CC1005-0402)
Added Component: Designator=C107_up0(CC3216-1206)
Added Component: Designator=C107_up1(CC3216-1206)
Added Component: Designator=C108_up0(CC1005-0402)
Added Component: Designator=C108_up1(CC1005-0402)
Added Component: Designator=C109_up0(CC1005-0402)
Added Component: Designator=C109_up1(CC1005-0402)
Added Component: Designator=C110_up0(CC1005-0402)
Added Component: Designator=C110_up1(CC1005-0402)
Added Component: Designator=C111_up0(CC1005-0402)
Added Component: Designator=C111_up1(CC1005-0402)
Added Component: Designator=C112_up0(TC3216-1206)
Added Component: Designator=C112_up1(TC3216-1206)
Added Component: Designator=C113_up0(CC1005-0402)
Added Component: Designator=C113_up1(CC1005-0402)
Added Component: Designator=C114_up0(CC3216-1206)
Added Component: Designator=C114_up1(CC3216-1206)
Added Component: Designator=C115_up0(CC1005-0402)
Added Component: Designator=C115_up1(CC1005-0402)
Added Component: Designator=C116_up0(CC1005-0402)
Added Component: Designator=C116_up1(CC1005-0402)
Added Component: Designator=C117_up0(CC1005-0402)
Added Component: Designator=C117_up1(CC1005-0402)
Added Component: Designator=C118_up0(CC1005-0402)
Added Component: Designator=C118_up1(CC1005-0402)
Added Component: Designator=C119_up0(CC1005-0402)
Added Component: Designator=C119_up1(CC1005-0402)
Added Component: Designator=C120_up0(CC1005-0402)
Added Component: Designator=C120_up1(CC1005-0402)
Added Component: Designator=C121_up0(CC1005-0402)
Added Component: Designator=C121_up1(CC1005-0402)
Added Component: Designator=C122_up0(CC1005-0402)
Added Component: Designator=C122_up1(CC1005-0402)
Added Component: Designator=C123_up0(CC1005-0402)
Added Component: Designator=C123_up1(CC1005-0402)
Added Component: Designator=C124_up0(CC1005-0402)
Added Component: Designator=C124_up1(CC1005-0402)
Added Component: Designator=C125_up0(CC1005-0402)
Added Component: Designator=C125_up1(CC1005-0402)
Added Component: Designator=IC22_up0(SOT23-5AL)
Added Component: Designator=IC22_up1(SOT23-5AL)
Added Component: Designator=IC23_up0(QFN40_powerpad)
Added Component: Designator=IC23_up1(QFN40_powerpad)
Added Component: Designator=IC24_up0(TSOP65P490-8AN)
Added Component: Designator=IC24_up1(TSOP65P490-8AN)
Added Component: Designator=L3_up0(INDC2012-0805)
Added Component: Designator=L3_up1(INDC2012-0805)
Added Component: Designator=L4_up0(INDC2012-0805)
Added Component: Designator=L4_up1(INDC2012-0805)
Added Component: Designator=L5_up0(INDC2012-0805)
Added Component: Designator=L5_up1(INDC2012-0805)
Added Component: Designator=R58_up0(CC1608-0603)
Added Component: Designator=R58_up1(CC1608-0603)
Added Component: Designator=R59_up0(CR1005-0402)
Added Component: Designator=R59_up1(CR1005-0402)
Added Component: Designator=R60_up0(CC1608-0603)
Added Component: Designator=R60_up1(CC1608-0603)
Added Component: Designator=R61_up0(CR1005-0402)
Added Component: Designator=R61_up1(CR1005-0402)
Added Component: Designator=R62_up0(CC1608-0603)
Added Component: Designator=R62_up1(CC1608-0603)
Added Component: Designator=R63_up0(CC1608-0603)
Added Component: Designator=R63_up1(CC1608-0603)
Added Component: Designator=R64_up0(CC1608-0603)
Added Component: Designator=R64_up1(CC1608-0603)
Added Component: Designator=R65_up0(CC1608-0603)
Added Component: Designator=R65_up1(CC1608-0603)
Added Component: Designator=R66_up0(CR1005-0402)
Added Component: Designator=R66_up1(CR1005-0402)
Added Component: Designator=R67_up0(CR1005-0402)
Added Component: Designator=R67_up1(CR1005-0402)
Added Component: Designator=R68_up0(CR1005-0402)
Added Component: Designator=R68_up1(CR1005-0402)
Added Component: Designator=R69_up0(CR1005-0402)
Added Component: Designator=R69_up1(CR1005-0402)
Added Component: Designator=R70_up0(CR1005-0402)
Added Component: Designator=R70_up1(CR1005-0402)
Added Component: Designator=R71_up0(CR1005-0402)
Added Component: Designator=R71_up1(CR1005-0402)
Added Component: Designator=R72_up0(CR1608-0603)
Added Component: Designator=R72_up1(CR1608-0603)
Added Component: Designator=RP1_up0(YC124)
Added Component: Designator=RP1_up1(YC124)
Added Component: Designator=RP2_up0(YC124)
Added Component: Designator=RP2_up1(YC124)
Added Component: Designator=RP3_up0(YC124)
Added Component: Designator=RP3_up1(YC124)
Added Component: Designator=RP4_up0(YC124)
Added Component: Designator=RP4_up1(YC124)
Added Component: Designator=RP5_up0(YC124)
Added Component: Designator=RP5_up1(YC124)
Added Component: Designator=X1_up0(SFP_SINGLE_PORT)
Added Component: Designator=X1_up1(SFP_SINGLE_PORT)
Added Pin To Net: NetName=GND Pin=C106_up0-2
Added Pin To Net: NetName=GND Pin=C106_up1-2
Added Pin To Net: NetName=GND Pin=C107_up0-2
Added Pin To Net: NetName=GND Pin=C107_up1-2
Added Pin To Net: NetName=GND Pin=C110_up0-1
Added Pin To Net: NetName=GND Pin=C110_up1-1
Added Pin To Net: NetName=GND Pin=C111_up0-1
Added Pin To Net: NetName=+3V3 Pin=C111_up0-2
Added Pin To Net: NetName=GND Pin=C111_up1-1
Added Pin To Net: NetName=+3V3 Pin=C111_up1-2
Added Pin To Net: NetName=+3V3 Pin=C112_up0-1
Added Pin To Net: NetName=GND Pin=C112_up0-2
Added Pin To Net: NetName=+3V3 Pin=C112_up1-1
Added Pin To Net: NetName=GND Pin=C112_up1-2
Added Pin To Net: NetName=GND Pin=C114_up0-1
Added Pin To Net: NetName=GND Pin=C114_up1-1
Added Pin To Net: NetName=GND Pin=C116_up0-1
Added Pin To Net: NetName=+3V3 Pin=C116_up0-2
Added Pin To Net: NetName=GND Pin=C116_up1-1
Added Pin To Net: NetName=+3V3 Pin=C116_up1-2
Added Pin To Net: NetName=GND Pin=C117_up0-1
Added Pin To Net: NetName=+2V5 Pin=C117_up0-2
Added Pin To Net: NetName=GND Pin=C117_up1-1
Added Pin To Net: NetName=+2V5 Pin=C117_up1-2
Added Pin To Net: NetName=GND Pin=C118_up0-1
Added Pin To Net: NetName=+2V5 Pin=C118_up0-2
Added Pin To Net: NetName=GND Pin=C118_up1-1
Added Pin To Net: NetName=+2V5 Pin=C118_up1-2
Added Pin To Net: NetName=GND Pin=C119_up0-1
Added Pin To Net: NetName=+2V5 Pin=C119_up0-2
Added Pin To Net: NetName=GND Pin=C119_up1-1
Added Pin To Net: NetName=+2V5 Pin=C119_up1-2
Added Pin To Net: NetName=GND Pin=C120_up0-1
Added Pin To Net: NetName=+2V5 Pin=C120_up0-2
Added Pin To Net: NetName=GND Pin=C120_up1-1
Added Pin To Net: NetName=+2V5 Pin=C120_up1-2
Added Pin To Net: NetName=GND Pin=C121_up0-1
Added Pin To Net: NetName=+2V5 Pin=C121_up0-2
Added Pin To Net: NetName=GND Pin=C121_up1-1
Added Pin To Net: NetName=+2V5 Pin=C121_up1-2
Added Pin To Net: NetName=GND Pin=C122_up0-1
Added Pin To Net: NetName=+2V5 Pin=C122_up0-2
Added Pin To Net: NetName=GND Pin=C122_up1-1
Added Pin To Net: NetName=+2V5 Pin=C122_up1-2
Added Pin To Net: NetName=GND Pin=C123_up0-1
Added Pin To Net: NetName=+2V5 Pin=C123_up0-2
Added Pin To Net: NetName=GND Pin=C123_up1-1
Added Pin To Net: NetName=+2V5 Pin=C123_up1-2
Added Pin To Net: NetName=GND Pin=C124_up0-1
Added Pin To Net: NetName=GND Pin=C124_up1-1
Added Pin To Net: NetName=GND Pin=C125_up0-1
Added Pin To Net: NetName=GND Pin=C125_up1-1
Added Pin To Net: NetName=GND Pin=IC22_up0-1
Added Pin To Net: NetName=GND Pin=IC22_up0-3
Added Pin To Net: NetName=+2V5 Pin=IC22_up0-5
Added Pin To Net: NetName=GND Pin=IC22_up1-1
Added Pin To Net: NetName=GND Pin=IC22_up1-3
Added Pin To Net: NetName=+2V5 Pin=IC22_up1-5
Added Pin To Net: NetName=+2V5 Pin=IC23_up0-6
Added Pin To Net: NetName=+2V5 Pin=IC23_up0-13
Added Pin To Net: NetName=+2V5 Pin=IC23_up0-16
Added Pin To Net: NetName=+2V5 Pin=IC23_up0-26
Added Pin To Net: NetName=GND Pin=IC23_up0-35
Added Pin To Net: NetName=+2V5 Pin=IC23_up0-37
Added Pin To Net: NetName=GND Pin=IC23_up0-40
Added Pin To Net: NetName=GND Pin=IC23_up0-PAD
Added Pin To Net: NetName=GND Pin=IC23_up0-PAD
Added Pin To Net: NetName=GND Pin=IC23_up0-PAD
Added Pin To Net: NetName=GND Pin=IC23_up0-PAD
Added Pin To Net: NetName=GND Pin=IC23_up0-PAD
Added Pin To Net: NetName=GND Pin=IC23_up0-PAD
Added Pin To Net: NetName=GND Pin=IC23_up0-PAD
Added Pin To Net: NetName=GND Pin=IC23_up0-PAD
Added Pin To Net: NetName=GND Pin=IC23_up0-PAD
Added Pin To Net: NetName=+2V5 Pin=IC23_up1-6
Added Pin To Net: NetName=+2V5 Pin=IC23_up1-13
Added Pin To Net: NetName=+2V5 Pin=IC23_up1-16
Added Pin To Net: NetName=+2V5 Pin=IC23_up1-26
Added Pin To Net: NetName=GND Pin=IC23_up1-35
Added Pin To Net: NetName=+2V5 Pin=IC23_up1-37
Added Pin To Net: NetName=GND Pin=IC23_up1-40
Added Pin To Net: NetName=GND Pin=IC23_up1-PAD
Added Pin To Net: NetName=GND Pin=IC23_up1-PAD
Added Pin To Net: NetName=GND Pin=IC23_up1-PAD
Added Pin To Net: NetName=GND Pin=IC23_up1-PAD
Added Pin To Net: NetName=GND Pin=IC23_up1-PAD
Added Pin To Net: NetName=GND Pin=IC23_up1-PAD
Added Pin To Net: NetName=GND Pin=IC23_up1-PAD
Added Pin To Net: NetName=GND Pin=IC23_up1-PAD
Added Pin To Net: NetName=GND Pin=IC23_up1-PAD
Added Pin To Net: NetName=GND Pin=IC24_up0-5
Added Pin To Net: NetName=+3V3 Pin=IC24_up0-8
Added Pin To Net: NetName=GND Pin=IC24_up1-5
Added Pin To Net: NetName=+3V3 Pin=IC24_up1-8
Added Pin To Net: NetName=+3V3 Pin=L3_up0-2
Added Pin To Net: NetName=+3V3 Pin=L3_up1-2
Added Pin To Net: NetName=+3V3 Pin=L4_up0-2
Added Pin To Net: NetName=+3V3 Pin=L4_up1-2
Added Pin To Net: NetName=+2V5 Pin=L5_up0-1
Added Pin To Net: NetName=+2V5 Pin=L5_up1-1
Added Pin To Net: NetName=GND Pin=R58_up0-1
Added Pin To Net: NetName=GND Pin=R58_up1-1
Added Pin To Net: NetName=+3V3 Pin=R59_up0-1
Added Pin To Net: NetName=+3V3 Pin=R59_up1-1
Added Pin To Net: NetName=GND Pin=R60_up0-1
Added Pin To Net: NetName=GND Pin=R60_up1-1
Added Pin To Net: NetName=GND Pin=R61_up0-2
Added Pin To Net: NetName=GND Pin=R61_up1-2
Added Pin To Net: NetName=GND Pin=R62_up0-2
Added Pin To Net: NetName=GND Pin=R62_up1-2
Added Pin To Net: NetName=GND Pin=R63_up0-2
Added Pin To Net: NetName=GND Pin=R63_up1-2
Added Pin To Net: NetName=+2V5 Pin=R64_up0-2
Added Pin To Net: NetName=+2V5 Pin=R64_up1-2
Added Pin To Net: NetName=+2V5 Pin=R65_up0-2
Added Pin To Net: NetName=+2V5 Pin=R65_up1-2
Added Pin To Net: NetName=GND Pin=R69_up0-2
Added Pin To Net: NetName=GND Pin=R69_up1-2
Added Pin To Net: NetName=GND Pin=R70_up0-2
Added Pin To Net: NetName=GND Pin=R70_up1-2
Added Pin To Net: NetName=+3V3 Pin=R71_up0-2
Added Pin To Net: NetName=+3V3 Pin=R71_up1-2
Added Pin To Net: NetName=+3V3 Pin=RP4_up0-1
Added Pin To Net: NetName=+3V3 Pin=RP4_up0-2
Added Pin To Net: NetName=+3V3 Pin=RP4_up0-3
Added Pin To Net: NetName=+3V3 Pin=RP4_up0-4
Added Pin To Net: NetName=+3V3 Pin=RP4_up1-1
Added Pin To Net: NetName=+3V3 Pin=RP4_up1-2
Added Pin To Net: NetName=+3V3 Pin=RP4_up1-3
Added Pin To Net: NetName=+3V3 Pin=RP4_up1-4
Added Pin To Net: NetName=+3V3 Pin=RP5_up0-1
Added Pin To Net: NetName=+3V3 Pin=RP5_up0-2
Added Pin To Net: NetName=+3V3 Pin=RP5_up0-3
Added Pin To Net: NetName=+3V3 Pin=RP5_up0-4
Added Pin To Net: NetName=+3V3 Pin=RP5_up1-1
Added Pin To Net: NetName=+3V3 Pin=RP5_up1-2
Added Pin To Net: NetName=+3V3 Pin=RP5_up1-3
Added Pin To Net: NetName=+3V3 Pin=RP5_up1-4
Added Pin To Net: NetName=GND Pin=X1_up0-1
Added Pin To Net: NetName=GND Pin=X1_up0-9
Added Pin To Net: NetName=GND Pin=X1_up0-10
Added Pin To Net: NetName=GND Pin=X1_up0-11
Added Pin To Net: NetName=GND Pin=X1_up0-14
Added Pin To Net: NetName=GND Pin=X1_up0-17
Added Pin To Net: NetName=GND Pin=X1_up0-20
Added Pin To Net: NetName=GND Pin=X1_up0-21
Added Pin To Net: NetName=GND Pin=X1_up0-22
Added Pin To Net: NetName=GND Pin=X1_up0-23
Added Pin To Net: NetName=GND Pin=X1_up0-24
Added Pin To Net: NetName=GND Pin=X1_up0-25
Added Pin To Net: NetName=GND Pin=X1_up0-26
Added Pin To Net: NetName=GND Pin=X1_up0-27
Added Pin To Net: NetName=GND Pin=X1_up0-28
Added Pin To Net: NetName=GND Pin=X1_up0-29
Added Pin To Net: NetName=GND Pin=X1_up0-30
Added Pin To Net: NetName=GND Pin=X1_up0-31
Added Pin To Net: NetName=GND Pin=X1_up1-1
Added Pin To Net: NetName=GND Pin=X1_up1-9
Added Pin To Net: NetName=GND Pin=X1_up1-10
Added Pin To Net: NetName=GND Pin=X1_up1-11
Added Pin To Net: NetName=GND Pin=X1_up1-14
Added Pin To Net: NetName=GND Pin=X1_up1-17
Added Pin To Net: NetName=GND Pin=X1_up1-20
Added Pin To Net: NetName=GND Pin=X1_up1-21
Added Pin To Net: NetName=GND Pin=X1_up1-22
Added Pin To Net: NetName=GND Pin=X1_up1-23
Added Pin To Net: NetName=GND Pin=X1_up1-24
Added Pin To Net: NetName=GND Pin=X1_up1-25
Added Pin To Net: NetName=GND Pin=X1_up1-26
Added Pin To Net: NetName=GND Pin=X1_up1-27
Added Pin To Net: NetName=GND Pin=X1_up1-28
Added Pin To Net: NetName=GND Pin=X1_up1-29
Added Pin To Net: NetName=GND Pin=X1_up1-30
Added Pin To Net: NetName=GND Pin=X1_up1-31
Change Net Name : Old Net Name=NetIC5_15 New Net Name=JTAG_TDI
Change Net Name : Old Net Name=NetIC5_16 New Net Name=JTAG_TCK
Change Net Name : Old Net Name=NetIC5_18 New Net Name=JTAG_TMS
Added Pin To Net: NetName=NetC106_up0_1 Pin=C106_up0-1
Added Pin To Net: NetName=NetC106_up0_1 Pin=C107_up0-1
Added Pin To Net: NetName=NetC106_up0_1 Pin=L4_up0-1
Added Pin To Net: NetName=NetC106_up0_1 Pin=X1_up0-15
Added Net: Name=NetC106_up0_1
Added Pin To Net: NetName=NetC106_up1_1 Pin=C106_up1-1
Added Pin To Net: NetName=NetC106_up1_1 Pin=C107_up1-1
Added Pin To Net: NetName=NetC106_up1_1 Pin=L4_up1-1
Added Pin To Net: NetName=NetC106_up1_1 Pin=X1_up1-15
Added Net: Name=NetC106_up1_1
Added Pin To Net: NetName=NetC108_up0_1 Pin=C108_up0-1
Added Pin To Net: NetName=NetC108_up0_1 Pin=IC23_up0-38
Added Pin To Net: NetName=NetC108_up0_1 Pin=R58_up0-2
Added Net: Name=NetC108_up0_1
Added Pin To Net: NetName=NetC108_up0_2 Pin=C108_up0-2
Added Pin To Net: NetName=NetC108_up0_2 Pin=X1_up0-13
Added Net: Name=NetC108_up0_2
Added Pin To Net: NetName=NetC108_up1_1 Pin=C108_up1-1
Added Pin To Net: NetName=NetC108_up1_1 Pin=IC23_up1-38
Added Pin To Net: NetName=NetC108_up1_1 Pin=R58_up1-2
Added Net: Name=NetC108_up1_1
Added Pin To Net: NetName=NetC108_up1_2 Pin=C108_up1-2
Added Pin To Net: NetName=NetC108_up1_2 Pin=X1_up1-13
Added Net: Name=NetC108_up1_2
Added Pin To Net: NetName=NetC109_up0_1 Pin=C109_up0-1
Added Pin To Net: NetName=NetC109_up0_1 Pin=IC23_up0-39
Added Pin To Net: NetName=NetC109_up0_1 Pin=R60_up0-2
Added Net: Name=NetC109_up0_1
Added Pin To Net: NetName=NetC109_up0_2 Pin=C109_up0-2
Added Pin To Net: NetName=NetC109_up0_2 Pin=R59_up0-2
Added Pin To Net: NetName=NetC109_up0_2 Pin=R61_up0-1
Added Pin To Net: NetName=NetC109_up0_2 Pin=X1_up0-12
Added Net: Name=NetC109_up0_2
Added Pin To Net: NetName=NetC109_up1_1 Pin=C109_up1-1
Added Pin To Net: NetName=NetC109_up1_1 Pin=IC23_up1-39
Added Pin To Net: NetName=NetC109_up1_1 Pin=R60_up1-2
Added Net: Name=NetC109_up1_1
Added Pin To Net: NetName=NetC109_up1_2 Pin=C109_up1-2
Added Pin To Net: NetName=NetC109_up1_2 Pin=R59_up1-2
Added Pin To Net: NetName=NetC109_up1_2 Pin=R61_up1-1
Added Pin To Net: NetName=NetC109_up1_2 Pin=X1_up1-12
Added Net: Name=NetC109_up1_2
Added Pin To Net: NetName=NetC110_up0_2 Pin=C110_up0-2
Added Pin To Net: NetName=NetC110_up0_2 Pin=C114_up0-2
Added Pin To Net: NetName=NetC110_up0_2 Pin=L3_up0-1
Added Pin To Net: NetName=NetC110_up0_2 Pin=X1_up0-16
Added Net: Name=NetC110_up0_2
Added Pin To Net: NetName=NetC110_up1_2 Pin=C110_up1-2
Added Pin To Net: NetName=NetC110_up1_2 Pin=C114_up1-2
Added Pin To Net: NetName=NetC110_up1_2 Pin=L3_up1-1
Added Pin To Net: NetName=NetC110_up1_2 Pin=X1_up1-16
Added Net: Name=NetC110_up1_2
Added Pin To Net: NetName=NetC113_up0_1 Pin=C113_up0-1
Added Pin To Net: NetName=NetC113_up0_1 Pin=IC23_up0-34
Added Pin To Net: NetName=NetC113_up0_1 Pin=R62_up0-1
Added Pin To Net: NetName=NetC113_up0_1 Pin=R65_up0-1
Added Net: Name=NetC113_up0_1
Added Pin To Net: NetName=NetC113_up0_2 Pin=C113_up0-2
Added Pin To Net: NetName=NetC113_up0_2 Pin=X1_up0-18
Added Net: Name=NetC113_up0_2
Added Pin To Net: NetName=NetC113_up1_1 Pin=C113_up1-1
Added Pin To Net: NetName=NetC113_up1_1 Pin=IC23_up1-34
Added Pin To Net: NetName=NetC113_up1_1 Pin=R62_up1-1
Added Pin To Net: NetName=NetC113_up1_1 Pin=R65_up1-1
Added Net: Name=NetC113_up1_1
Added Pin To Net: NetName=NetC113_up1_2 Pin=C113_up1-2
Added Pin To Net: NetName=NetC113_up1_2 Pin=X1_up1-18
Added Net: Name=NetC113_up1_2
Added Pin To Net: NetName=NetC115_up0_1 Pin=C115_up0-1
Added Pin To Net: NetName=NetC115_up0_1 Pin=IC23_up0-33
Added Pin To Net: NetName=NetC115_up0_1 Pin=R63_up0-1
Added Pin To Net: NetName=NetC115_up0_1 Pin=R64_up0-1
Added Net: Name=NetC115_up0_1
Added Pin To Net: NetName=NetC115_up0_2 Pin=C115_up0-2
Added Pin To Net: NetName=NetC115_up0_2 Pin=X1_up0-19
Added Net: Name=NetC115_up0_2
Added Pin To Net: NetName=NetC115_up1_1 Pin=C115_up1-1
Added Pin To Net: NetName=NetC115_up1_1 Pin=IC23_up1-33
Added Pin To Net: NetName=NetC115_up1_1 Pin=R63_up1-1
Added Pin To Net: NetName=NetC115_up1_1 Pin=R64_up1-1
Added Net: Name=NetC115_up1_1
Added Pin To Net: NetName=NetC115_up1_2 Pin=C115_up1-2
Added Pin To Net: NetName=NetC115_up1_2 Pin=X1_up1-19
Added Net: Name=NetC115_up1_2
Added Pin To Net: NetName=NetC124_up0_2 Pin=C124_up0-2
Added Pin To Net: NetName=NetC124_up0_2 Pin=C125_up0-2
Added Pin To Net: NetName=NetC124_up0_2 Pin=IC23_up0-36
Added Pin To Net: NetName=NetC124_up0_2 Pin=L5_up0-2
Added Net: Name=NetC124_up0_2
Added Pin To Net: NetName=NetC124_up1_2 Pin=C124_up1-2
Added Pin To Net: NetName=NetC124_up1_2 Pin=C125_up1-2
Added Pin To Net: NetName=NetC124_up1_2 Pin=IC23_up1-36
Added Pin To Net: NetName=NetC124_up1_2 Pin=L5_up1-2
Added Net: Name=NetC124_up1_2
Added Pin To Net: NetName=NetIC22_up0_2 Pin=IC22_up0-2
Added Pin To Net: NetName=NetIC22_up0_2 Pin=IC23_up0-17
Added Pin To Net: NetName=NetIC22_up0_2 Pin=R66_up0-2
Added Net: Name=NetIC22_up0_2
Added Pin To Net: NetName=NetIC22_up1_2 Pin=IC22_up1-2
Added Pin To Net: NetName=NetIC22_up1_2 Pin=IC23_up1-17
Added Pin To Net: NetName=NetIC22_up1_2 Pin=R66_up1-2
Added Net: Name=NetIC22_up1_2
Added Pin To Net: NetName=NetIC23_up0_14 Pin=IC23_up0-14
Added Pin To Net: NetName=NetIC23_up0_14 Pin=R66_up0-1
Added Pin To Net: NetName=NetIC23_up0_14 Pin=R67_up0-2
Added Net: Name=NetIC23_up0_14
Added Pin To Net: NetName=NetIC23_up0_19 Pin=IC23_up0-19
Added Pin To Net: NetName=NetIC23_up0_19 Pin=RP1_up0-7
Added Net: Name=NetIC23_up0_19
Added Pin To Net: NetName=NetIC23_up0_20 Pin=IC23_up0-20
Added Pin To Net: NetName=NetIC23_up0_20 Pin=RP1_up0-8
Added Net: Name=NetIC23_up0_20
Added Pin To Net: NetName=NetIC23_up0_21 Pin=IC23_up0-21
Added Pin To Net: NetName=NetIC23_up0_21 Pin=RP3_up0-5
Added Net: Name=NetIC23_up0_21
Added Pin To Net: NetName=NetIC23_up0_22 Pin=IC23_up0-22
Added Pin To Net: NetName=NetIC23_up0_22 Pin=RP3_up0-6
Added Net: Name=NetIC23_up0_22
Added Pin To Net: NetName=NetIC23_up0_23 Pin=IC23_up0-23
Added Pin To Net: NetName=NetIC23_up0_23 Pin=RP3_up0-7
Added Net: Name=NetIC23_up0_23
Added Pin To Net: NetName=NetIC23_up0_24 Pin=IC23_up0-24
Added Pin To Net: NetName=NetIC23_up0_24 Pin=RP3_up0-8
Added Net: Name=NetIC23_up0_24
Added Pin To Net: NetName=NetIC23_up0_25 Pin=IC23_up0-25
Added Pin To Net: NetName=NetIC23_up0_25 Pin=RP2_up0-5
Added Net: Name=NetIC23_up0_25
Added Pin To Net: NetName=NetIC23_up0_27 Pin=IC23_up0-27
Added Pin To Net: NetName=NetIC23_up0_27 Pin=RP2_up0-6
Added Net: Name=NetIC23_up0_27
Added Pin To Net: NetName=NetIC23_up0_28 Pin=IC23_up0-28
Added Pin To Net: NetName=NetIC23_up0_28 Pin=RP2_up0-7
Added Net: Name=NetIC23_up0_28
Added Pin To Net: NetName=NetIC23_up0_29 Pin=IC23_up0-29
Added Pin To Net: NetName=NetIC23_up0_29 Pin=RP2_up0-8
Added Net: Name=NetIC23_up0_29
Added Pin To Net: NetName=NetIC23_up1_14 Pin=IC23_up1-14
Added Pin To Net: NetName=NetIC23_up1_14 Pin=R66_up1-1
Added Pin To Net: NetName=NetIC23_up1_14 Pin=R67_up1-2
Added Net: Name=NetIC23_up1_14
Added Pin To Net: NetName=NetIC23_up1_19 Pin=IC23_up1-19
Added Pin To Net: NetName=NetIC23_up1_19 Pin=RP1_up1-7
Added Net: Name=NetIC23_up1_19
Added Pin To Net: NetName=NetIC23_up1_20 Pin=IC23_up1-20
Added Pin To Net: NetName=NetIC23_up1_20 Pin=RP1_up1-8
Added Net: Name=NetIC23_up1_20
Added Pin To Net: NetName=NetIC23_up1_21 Pin=IC23_up1-21
Added Pin To Net: NetName=NetIC23_up1_21 Pin=RP3_up1-5
Added Net: Name=NetIC23_up1_21
Added Pin To Net: NetName=NetIC23_up1_22 Pin=IC23_up1-22
Added Pin To Net: NetName=NetIC23_up1_22 Pin=RP3_up1-6
Added Net: Name=NetIC23_up1_22
Added Pin To Net: NetName=NetIC23_up1_23 Pin=IC23_up1-23
Added Pin To Net: NetName=NetIC23_up1_23 Pin=RP3_up1-7
Added Net: Name=NetIC23_up1_23
Added Pin To Net: NetName=NetIC23_up1_24 Pin=IC23_up1-24
Added Pin To Net: NetName=NetIC23_up1_24 Pin=RP3_up1-8
Added Net: Name=NetIC23_up1_24
Added Pin To Net: NetName=NetIC23_up1_25 Pin=IC23_up1-25
Added Pin To Net: NetName=NetIC23_up1_25 Pin=RP2_up1-5
Added Net: Name=NetIC23_up1_25
Added Pin To Net: NetName=NetIC23_up1_27 Pin=IC23_up1-27
Added Pin To Net: NetName=NetIC23_up1_27 Pin=RP2_up1-6
Added Net: Name=NetIC23_up1_27
Added Pin To Net: NetName=NetIC23_up1_28 Pin=IC23_up1-28
Added Pin To Net: NetName=NetIC23_up1_28 Pin=RP2_up1-7
Added Net: Name=NetIC23_up1_28
Added Pin To Net: NetName=NetIC23_up1_29 Pin=IC23_up1-29
Added Pin To Net: NetName=NetIC23_up1_29 Pin=RP2_up1-8
Added Net: Name=NetIC23_up1_29
Added Pin To Net: NetName=NetIC24_up0_7 Pin=IC24_up0-7
Added Pin To Net: NetName=NetIC24_up0_7 Pin=R68_up0-1
Added Net: Name=NetIC24_up0_7
Added Pin To Net: NetName=NetIC24_up1_7 Pin=IC24_up1-7
Added Pin To Net: NetName=NetIC24_up1_7 Pin=R68_up1-1
Added Net: Name=NetIC24_up1_7
Added Pin To Net: NetName=NetR67_up0_1 Pin=R67_up0-1
Added Pin To Net: NetName=NetR67_up0_1 Pin=R68_up0-2
Added Pin To Net: NetName=NetR67_up0_1 Pin=R69_up0-1
Added Net: Name=NetR67_up0_1
Added Pin To Net: NetName=NetR67_up1_1 Pin=R67_up1-1
Added Pin To Net: NetName=NetR67_up1_1 Pin=R68_up1-2
Added Pin To Net: NetName=NetR67_up1_1 Pin=R69_up1-1
Added Net: Name=NetR67_up1_1
Added Pin To Net: NetName=NetR70_up0_1 Pin=R70_up0-1
Added Pin To Net: NetName=NetR70_up0_1 Pin=R71_up0-1
Added Pin To Net: NetName=NetR70_up0_1 Pin=X1_up0-7
Added Net: Name=NetR70_up0_1
Added Pin To Net: NetName=NetR70_up1_1 Pin=R70_up1-1
Added Pin To Net: NetName=NetR70_up1_1 Pin=R71_up1-1
Added Pin To Net: NetName=NetR70_up1_1 Pin=X1_up1-7
Added Net: Name=NetR70_up1_1
Added Pin To Net: NetName=TDO Pin=IC5-20
Added Pin To Net: NetName=TDO Pin=R54-2
Added Net: Name=TDO
Added Pin To Net: NetName=UP1_TX_DISABLE Pin=RP5_up1-6
Added Pin To Net: NetName=UP1_TX_DISABLE Pin=X1_up1-3
Added Net: Name=UP1_TX_DISABLE
Change Class Name : Old Net Name=CLKB_analog_phase_detector New Net Name=APD
Change Class Name : Old Net Name=CLKB_clocking_fpga New Net Name=FPGA
Change Class Name : Old Net Name=CLKB_clocking_system New Net Name=CLK
Change Class Name : Old Net Name=CLKB_mainboard_connector New Net Name=MBCONN
Change Class Name : Old Net Name=CLKB_power_regulators New Net Name=PWR
Change Class Name : Old Net Name=CLKB_uplink_phy_and_sfp_1221 New Net Name=up0
Added Class: Name=up1
Added Class: Name=CLKB_uplink_phy_and_sfp_1221
Added Member To Class: ClassName=up0 Member=Component C106_up0 (C106) ceramic Cap
Added Member To Class: ClassName=up0 Member=Component C107_up0 (C107) ceramic Cap
Added Member To Class: ClassName=up0 Member=Component C108_up0 (C108) ceramic Cap
Added Member To Class: ClassName=up0 Member=Component C109_up0 (C109) ceramic Cap
Added Member To Class: ClassName=up0 Member=Component C110_up0 (C110) ceramic Cap
Added Member To Class: ClassName=up0 Member=Component C111_up0 (C111) ceramic Cap
Added Member To Class: ClassName=up0 Member=Component C112_up0 (C112) Cap Pol1
Added Member To Class: ClassName=up0 Member=Component C113_up0 (C113) ceramic Cap
Added Member To Class: ClassName=up0 Member=Component C114_up0 (C114) ceramic Cap
Added Member To Class: ClassName=up0 Member=Component C115_up0 (C115) ceramic Cap
Added Member To Class: ClassName=up0 Member=Component C116_up0 (C116) ceramic Cap
Added Member To Class: ClassName=up0 Member=Component C117_up0 (C117) ceramic Cap
Added Member To Class: ClassName=up0 Member=Component C118_up0 (C118) ceramic Cap
Added Member To Class: ClassName=up0 Member=Component C119_up0 (C119) ceramic Cap
Added Member To Class: ClassName=up0 Member=Component C120_up0 (C120) ceramic Cap
Added Member To Class: ClassName=up0 Member=Component C121_up0 (C121) ceramic Cap
Added Member To Class: ClassName=up0 Member=Component C122_up0 (C122) ceramic Cap
Added Member To Class: ClassName=up0 Member=Component C123_up0 (C123) ceramic Cap
Added Member To Class: ClassName=up0 Member=Component C124_up0 (C124) ceramic Cap
Added Member To Class: ClassName=up0 Member=Component C125_up0 (C125) ceramic Cap
Added Member To Class: ClassName=up0 Member=Component IC22_up0 (IC22A) SN74AUC1G125
Added Member To Class: ClassName=up0 Member=Component IC23_up0 (IC23A) TLK1221
Added Member To Class: ClassName=up0 Member=Component IC24_up0 (IC24A) MC100EPT21
Added Member To Class: ClassName=up0 Member=Component L3_up0 (L3) Inductor
Added Member To Class: ClassName=up0 Member=Component L4_up0 (L4) Inductor
Added Member To Class: ClassName=up0 Member=Component L5_up0 (L5) Inductor
Added Member To Class: ClassName=up0 Member=Component R58_up0 (R58) Res2
Added Member To Class: ClassName=up0 Member=Component R59_up0 (R59) Res2
Added Member To Class: ClassName=up0 Member=Component R60_up0 (R60) Res2
Added Member To Class: ClassName=up0 Member=Component R61_up0 (R61) Res2
Added Member To Class: ClassName=up0 Member=Component R62_up0 (R62) Res2
Added Member To Class: ClassName=up0 Member=Component R63_up0 (R63) Res2
Added Member To Class: ClassName=up0 Member=Component R64_up0 (R64) Res2
Added Member To Class: ClassName=up0 Member=Component R65_up0 (R65) Res2
Added Member To Class: ClassName=up0 Member=Component R66_up0 (R66) Res2
Added Member To Class: ClassName=up0 Member=Component R67_up0 (R67) Res2
Added Member To Class: ClassName=up0 Member=Component R68_up0 (R68) Res2
Added Member To Class: ClassName=up0 Member=Component R69_up0 (R69) Res2
Added Member To Class: ClassName=up0 Member=Component R70_up0 (R70) Res2
Added Member To Class: ClassName=up0 Member=Component R71_up0 (R71) Res2
Added Member To Class: ClassName=up0 Member=Component R72_up0 (R72) Res2
Added Member To Class: ClassName=up0 Member=Component RP1_up0 (RP1) 235003311101
Added Member To Class: ClassName=up0 Member=Component RP2_up0 (RP2) 235003311101
Added Member To Class: ClassName=up0 Member=Component RP3_up0 (RP3) 235003311101
Added Member To Class: ClassName=up0 Member=Component RP4_up0 (RP4) 235003311101
Added Member To Class: ClassName=up0 Member=Component RP5_up0 (RP5) 235003311101
Added Member To Class: ClassName=up0 Member=Component X1_up0 (X1) SFP Module socket
Added Room: Name=up0
Added Room: Name=up1
