Added Component: Designator=CN2(UTCA_MCH_TONGUE2_3_4)
Added Pin To Net: NetName=GND Pin=CN2-1
Added Pin To Net: NetName=GND Pin=CN2-4
Added Pin To Net: NetName=GND Pin=CN2-7
Added Pin To Net: NetName=GND Pin=CN2-10
Added Pin To Net: NetName=GND Pin=CN2-13
Added Pin To Net: NetName=NetCN2_14 Pin=CN2-14
Added Pin To Net: NetName=NetCN2_15 Pin=CN2-15
Added Pin To Net: NetName=GND Pin=CN2-16
Added Pin To Net: NetName=GND Pin=CN2-19
Added Pin To Net: NetName=GND Pin=CN2-22
Added Pin To Net: NetName=GND Pin=CN2-25
Added Pin To Net: NetName=NetCN2_26 Pin=CN2-26
Added Pin To Net: NetName=NetCN2_27 Pin=CN2-27
Added Pin To Net: NetName=GND Pin=CN2-28
Added Pin To Net: NetName=GND Pin=CN2-31
Added Pin To Net: NetName=GND Pin=CN2-34
Added Pin To Net: NetName=GND Pin=CN2-37
Added Pin To Net: NetName=NetCN2_38 Pin=CN2-38
Added Pin To Net: NetName=NetCN2_39 Pin=CN2-39
Added Pin To Net: NetName=GND Pin=CN2-40
Added Pin To Net: NetName=GND Pin=CN2-43
Added Pin To Net: NetName=GND Pin=CN2-46
Added Pin To Net: NetName=GND Pin=CN2-49
Added Pin To Net: NetName=NetCN2_50 Pin=CN2-50
Added Pin To Net: NetName=NetCN2_51 Pin=CN2-51
Added Pin To Net: NetName=GND Pin=CN2-52
Added Pin To Net: NetName=GND Pin=CN2-55
Added Pin To Net: NetName=GND Pin=CN2-58
Added Pin To Net: NetName=GND Pin=CN2-61
Added Pin To Net: NetName=NetCN2_62 Pin=CN2-62
Added Pin To Net: NetName=NetCN2_63 Pin=CN2-63
Added Pin To Net: NetName=GND Pin=CN2-64
Added Pin To Net: NetName=GND Pin=CN2-67
Added Pin To Net: NetName=GND Pin=CN2-70
Added Pin To Net: NetName=GND Pin=CN2-73
Added Pin To Net: NetName=NetCN2_74 Pin=CN2-74
Added Pin To Net: NetName=NetCN2_75 Pin=CN2-75
Added Pin To Net: NetName=GND Pin=CN2-76
Added Pin To Net: NetName=GND Pin=CN2-79
Added Pin To Net: NetName=GND Pin=CN2-82
Added Pin To Net: NetName=GND Pin=CN2-85
Added Pin To Net: NetName=GND Pin=CN2-86
Added Pin To Net: NetName=GND Pin=CN2-89
Added Pin To Net: NetName=GND Pin=CN2-92
Added Pin To Net: NetName=GND Pin=CN2-95
Added Pin To Net: NetName=NetCN2_96 Pin=CN2-96
Added Pin To Net: NetName=NetCN2_97 Pin=CN2-97
Added Pin To Net: NetName=GND Pin=CN2-98
Added Pin To Net: NetName=GND Pin=CN2-101
Added Pin To Net: NetName=GND Pin=CN2-104
Added Pin To Net: NetName=GND Pin=CN2-107
Added Pin To Net: NetName=NetCN2_108 Pin=CN2-108
Added Pin To Net: NetName=NetCN2_109 Pin=CN2-109
Added Pin To Net: NetName=GND Pin=CN2-110
Added Pin To Net: NetName=GND Pin=CN2-113
Added Pin To Net: NetName=GND Pin=CN2-116
Added Pin To Net: NetName=GND Pin=CN2-119
Added Pin To Net: NetName=NetCN2_120 Pin=CN2-120
Added Pin To Net: NetName=NetCN2_121 Pin=CN2-121
Added Pin To Net: NetName=GND Pin=CN2-122
Added Pin To Net: NetName=GND Pin=CN2-125
Added Pin To Net: NetName=GND Pin=CN2-128
Added Pin To Net: NetName=GND Pin=CN2-131
Added Pin To Net: NetName=NetCN2_132 Pin=CN2-132
Added Pin To Net: NetName=NetCN2_133 Pin=CN2-133
Added Pin To Net: NetName=GND Pin=CN2-134
Added Pin To Net: NetName=GND Pin=CN2-137
Added Pin To Net: NetName=GND Pin=CN2-140
Added Pin To Net: NetName=GND Pin=CN2-143
Added Pin To Net: NetName=NetCN2_144 Pin=CN2-144
Added Pin To Net: NetName=NetCN2_145 Pin=CN2-145
Added Pin To Net: NetName=GND Pin=CN2-146
Added Pin To Net: NetName=GND Pin=CN2-149
Added Pin To Net: NetName=GND Pin=CN2-152
Added Pin To Net: NetName=GND Pin=CN2-155
Added Pin To Net: NetName=NetCN2_156 Pin=CN2-156
Added Pin To Net: NetName=NetCN2_157 Pin=CN2-157
Added Pin To Net: NetName=GND Pin=CN2-158
Added Pin To Net: NetName=GND Pin=CN2-161
Added Pin To Net: NetName=GND Pin=CN2-164
Added Pin To Net: NetName=GND Pin=CN2-167
Added Pin To Net: NetName=GND Pin=CN2-170
Added Pin To Net: NetName=VDD Pin=IC6-14
Added Member To Class: ClassName=U_CLKB_SMI_if_1_6 Member=Component CN2 UTCA_MCH_TONGUE3
