Added Component: Designator=C?_0(CC1005-0402)
Added Component: Designator=C?_0(CC1005-0402)
Added Component: Designator=C?_0(CC1005-0402)
Added Component: Designator=C?_0(CC1005-0402)
Added Component: Designator=C?_0(CC1005-0402)
Added Component: Designator=C?_0(CC1005-0402)
Added Component: Designator=C?_0(CC1005-0402)
Added Component: Designator=C?_0(TC3216-1206)
Added Component: Designator=C?_0(CC3216-1206)
Added Component: Designator=C?_0(CC3216-1206)
Added Component: Designator=C?_0(CC1005-0402)
Added Component: Designator=C?_0(CC1005-0402)
Added Component: Designator=C?_0(CC1005-0402)
Added Component: Designator=C?_0(CC1005-0402)
Added Component: Designator=C?_0(CC1005-0402)
Added Component: Designator=C?_0(CC1005-0402)
Added Component: Designator=C?_0(CC1005-0402)
Added Component: Designator=C?_0(CC1005-0402)
Added Component: Designator=C?_0(CC1005-0402)
Added Component: Designator=C?_0(CC1005-0402)
Added Component: Designator=C?_1(CC1005-0402)
Added Component: Designator=C?_1(CC1005-0402)
Added Component: Designator=C?_1(CC1005-0402)
Added Component: Designator=C?_1(CC1005-0402)
Added Component: Designator=C?_1(CC1005-0402)
Added Component: Designator=C?_1(CC1005-0402)
Added Component: Designator=C?_1(CC1005-0402)
Added Component: Designator=C?_1(TC3216-1206)
Added Component: Designator=C?_1(CC3216-1206)
Added Component: Designator=C?_1(CC3216-1206)
Added Component: Designator=C?_1(CC1005-0402)
Added Component: Designator=C?_1(CC1005-0402)
Added Component: Designator=C?_1(CC1005-0402)
Added Component: Designator=C?_1(CC1005-0402)
Added Component: Designator=C?_1(CC1005-0402)
Added Component: Designator=C?_1(CC1005-0402)
Added Component: Designator=C?_1(CC1005-0402)
Added Component: Designator=C?_1(CC1005-0402)
Added Component: Designator=C?_1(CC1005-0402)
Added Component: Designator=C?_1(CC1005-0402)
Added Component: Designator=C?(CC1005-0402)
Added Component: Designator=C?(CC1005-0402)
Added Component: Designator=C?(TC3216-1206)
Added Component: Designator=C?(CC1005-0402)
Added Component: Designator=C?(TC3528-1411)
Added Component: Designator=C?(CC1005-0402)
Added Component: Designator=C?(CC1005-0402)
Added Component: Designator=C?(CC1005-0402)
Added Component: Designator=C?(CC3216-1206)
Added Component: Designator=C?(TC3216-1206)
Added Component: Designator=C?(CC1005-0402)
Added Component: Designator=C?(TC3216-1206)
Added Component: Designator=C?(CC1005-0402)
Added Component: Designator=C?(CC1005-0402)
Added Component: Designator=C?(CC1005-0402)
Added Component: Designator=C?(CC1005-0402)
Added Component: Designator=C?(CC1005-0402)
Added Component: Designator=C?(CC1005-0402)
Added Component: Designator=C?(CC1005-0402)
Added Component: Designator=C?(CC1005-0402)
Added Component: Designator=C?(CC1005-0402)
Added Component: Designator=C?(CC1005-0402)
Added Component: Designator=C?(CC1005-0402)
Added Component: Designator=C?(CC1005-0402)
Added Component: Designator=C?(CC1005-0402)
Added Component: Designator=C?(CC1005-0402)
Added Component: Designator=C?(CC1005-0402)
Added Component: Designator=C?(CC1005-0402)
Added Component: Designator=C?(CC1005-0402)
Added Component: Designator=C?(CC1005-0402)
Added Component: Designator=C?(CC1005-0402)
Added Component: Designator=C?(CC1005-0402)
Added Component: Designator=C?(CC1005-0402)
Added Component: Designator=C?(CC1005-0402)
Added Component: Designator=C?(CC1005-0402)
Added Component: Designator=C?(CC1005-0402)
Added Component: Designator=C?(CC1005-0402)
Added Component: Designator=C?(CC1005-0402)
Added Component: Designator=C?(CC1005-0402)
Added Component: Designator=C?(CC1005-0402)
Added Component: Designator=C?(CC1005-0402)
Added Component: Designator=C?(CC1005-0402)
Added Component: Designator=C?(CC1005-0402)
Added Component: Designator=C?(CC1005-0402)
Added Component: Designator=C?(CC1005-0402)
Added Component: Designator=C?(CC1005-0402)
Added Component: Designator=C?(CC1005-0402)
Added Component: Designator=C?(CC1005-0402)
Added Component: Designator=C?(CC1005-0402)
Added Component: Designator=C?(CC1005-0402)
Added Component: Designator=C?(CC1005-0402)
Added Component: Designator=C?(CC1005-0402)
Added Component: Designator=C?(CC1005-0402)
Added Component: Designator=C?(CC1005-0402)
Added Component: Designator=C?(CC1005-0402)
Added Component: Designator=C?(CC1005-0402)
Added Component: Designator=C?(CC1005-0402)
Added Component: Designator=C?(CC1005-0402)
Added Component: Designator=C?(CC1005-0402)
Added Component: Designator=C?(CC1005-0402)
Added Component: Designator=C?(CC1005-0402)
Added Component: Designator=C?(CC1005-0402)
Added Component: Designator=C?(CC1005-0402)
Added Component: Designator=C?(TC3216-1206)
Added Component: Designator=C?(CC1005-0402)
Added Component: Designator=C?(CC1005-0402)
Added Component: Designator=C?(TC3216-1206)
Added Component: Designator=C?(CC1005-0402)
Added Component: Designator=C?(CC1005-0402)
Added Component: Designator=C?(CC1005-0402)
Added Component: Designator=C?(CC1005-0402)
Added Component: Designator=C?(CC1005-0402)
Added Component: Designator=C?(TC3216-1206)
Added Component: Designator=C?(CC1005-0402)
Added Component: Designator=C?(CC1005-0402)
Added Component: Designator=C?(CC1005-0402)
Added Component: Designator=C?(CC1005-0402)
Added Component: Designator=C?(CC1005-0402)
Added Component: Designator=C?(CC1005-0402)
Added Component: Designator=C?(CC1005-0402)
Added Component: Designator=C?(CC1005-0402)
Added Component: Designator=C?(CC1005-0402)
Added Component: Designator=C?(TC3216-1206)
Added Component: Designator=C?(CC1005-0402)
Added Component: Designator=C?(CC1005-0402)
Added Component: Designator=C?(CC1005-0402)
Added Component: Designator=C?(CC1005-0402)
Added Component: Designator=C?(CC1005-0402)
Added Component: Designator=C?(TC3216-1206)
Added Component: Designator=C?(CC1005-0402)
Added Component: Designator=C?(CC1005-0402)
Added Component: Designator=C?(CC1005-0402)
Added Component: Designator=C?(CC1005-0402)
Added Component: Designator=C?(CC1005-0402)
Added Component: Designator=C?(CC1005-0402)
Added Component: Designator=C?(CC3216-1206)
Added Component: Designator=C?(CC3216-1206)
Added Component: Designator=C?(CC1005-0402)
Added Component: Designator=C?(CC3216-1206)
Added Component: Designator=C?(CC1005-0402)
Added Component: Designator=C?(CC1005-0402)
Added Component: Designator=C?(CC3216-1206)
Added Component: Designator=C?(CC3216-1206)
Added Component: Designator=C?(CC1005-0402)
Added Component: Designator=C?(CC3216-1206)
Added Component: Designator=CN?(JAE_KX15_70p)
Added Component: Designator=CN?(JAE_KX15_70p)
Added Component: Designator=D?(CD1608-0603)
Added Component: Designator=IC?_0(TSOP65P490-8AN)
Added Component: Designator=IC?_0(SOT23-5AL)
Added Component: Designator=IC?_0(QFN40_powerpad)
Added Component: Designator=IC?_0(TSOP65P490-8AN)
Added Component: Designator=IC?_0(SOT23-5AL)
Added Component: Designator=IC?_0(QFN40_powerpad)
Added Component: Designator=IC?_1(TSOP65P490-8AN)
Added Component: Designator=IC?_1(SOT23-5AL)
Added Component: Designator=IC?_1(QFN40_powerpad)
Added Component: Designator=IC?_1(TSOP65P490-8AN)
Added Component: Designator=IC?_1(SOT23-5AL)
Added Component: Designator=IC?_1(QFN40_powerpad)
Added Component: Designator=IC?(EQFP144_N)
Added Component: Designator=IC?(EQFP144_N)
Added Component: Designator=IC?(TSOP65P490-8AN)
Added Component: Designator=IC?(MLF44)
Added Component: Designator=IC?(MLF24)
Added Component: Designator=IC?(MLF24)
Added Component: Designator=IC?(TSOP65P490-8AN)
Added Component: Designator=IC?(SOP65P640-16L)
Added Component: Designator=IC?(SOT223-6L)
Added Component: Designator=IC?(SOT223-4L)
Added Component: Designator=IC?(SOT223-4L)
Added Component: Designator=IC?(VS-705)
Added Component: Designator=IC?(VS-705)
Added Component: Designator=IC?(SOT23-5AL)
Added Component: Designator=IC?(TSOP65P490-8AN)
Added Component: Designator=IC?(TSOP65P490-8AN)
Added Component: Designator=IC?(TSOP65P490-8AN)
Added Component: Designator=IC?(TSOP65P490-8AN)
Added Component: Designator=IC?(MLF44)
Added Component: Designator=IC?(MLF24)
Added Component: Designator=IC?(MLF24)
Added Component: Designator=IC?(SOP65P640-16L)
Added Component: Designator=IC?(SO-G8/P1.53)
Added Component: Designator=IC?(EQFP144_N)
Added Component: Designator=IC?(EQFP144_N)
Added Component: Designator=IC?(EQFP144_N)
Added Component: Designator=IC?(EQFP144_N)
Added Component: Designator=IC?(EQFP144_N)
Added Component: Designator=IC?(EQFP144_N)
Added Component: Designator=IC?(SOT23A-6L)
Added Component: Designator=IC?(SOT23A-6L)
Added Component: Designator=L?_0(INDC2012-0805)
Added Component: Designator=L?_0(INDC2012-0805)
Added Component: Designator=L?_0(INDC2012-0805)
Added Component: Designator=L?_1(INDC2012-0805)
Added Component: Designator=L?_1(INDC2012-0805)
Added Component: Designator=L?_1(INDC2012-0805)
Added Component: Designator=L?(INDC2012-0805)
Added Component: Designator=L?(INDC2012-0805)
Added Component: Designator=R?_0(CC1608-0603)
Added Component: Designator=R?_0(CC1608-0603)
Added Component: Designator=R?_0(CC1608-0603)
Added Component: Designator=R?_0(CC1608-0603)
Added Component: Designator=R?_0(CR1005-0402)
Added Component: Designator=R?_0(CR1005-0402)
Added Component: Designator=R?_0(CC1608-0603)
Added Component: Designator=R?_0(CC1608-0603)
Added Component: Designator=R?_0(CR1005-0402)
Added Component: Designator=R?_0(CR1005-0402)
Added Component: Designator=R?_0(CR1005-0402)
Added Component: Designator=R?_0(CR1005-0402)
Added Component: Designator=R?_0(CR1005-0402)
Added Component: Designator=R?_0(CR1005-0402)
Added Component: Designator=R?_0(CR1608-0603)
Added Component: Designator=R?_1(CC1608-0603)
Added Component: Designator=R?_1(CC1608-0603)
Added Component: Designator=R?_1(CC1608-0603)
Added Component: Designator=R?_1(CC1608-0603)
Added Component: Designator=R?_1(CR1005-0402)
Added Component: Designator=R?_1(CR1005-0402)
Added Component: Designator=R?_1(CC1608-0603)
Added Component: Designator=R?_1(CC1608-0603)
Added Component: Designator=R?_1(CR1005-0402)
Added Component: Designator=R?_1(CR1005-0402)
Added Component: Designator=R?_1(CR1005-0402)
Added Component: Designator=R?_1(CR1005-0402)
Added Component: Designator=R?_1(CR1005-0402)
Added Component: Designator=R?_1(CR1005-0402)
Added Component: Designator=R?_1(CR1608-0603)
Added Component: Designator=R?(CR1005-0402)
Added Component: Designator=R?(CR1005-0402)
Added Component: Designator=R?(CR1005-0402)
Added Component: Designator=R?(CR1005-0402)
Added Component: Designator=R?(CR1005-0402)
Added Component: Designator=R?(CR1005-0402)
Added Component: Designator=R?(CR2012-0805)
Added Component: Designator=R?(CR1005-0402)
Added Component: Designator=R?(CR1005-0402)
Added Component: Designator=R?(CR1005-0402)
Added Component: Designator=R?(CR2012-0805)
Added Component: Designator=R?(CR1005-0402)
Added Component: Designator=R?(CR1005-0402)
Added Component: Designator=R?(CR1005-0402)
Added Component: Designator=R?(CR1005-0402)
Added Component: Designator=R?(CR1005-0402)
Added Component: Designator=R?(CR1005-0402)
Added Component: Designator=R?(CR2012-0805)
Added Component: Designator=R?(CR2012-0805)
Added Component: Designator=R?(CR1005-0402)
Added Component: Designator=R?(CR1005-0402)
Added Component: Designator=R?(CR1005-0402)
Added Component: Designator=R?(CR1005-0402)
Added Component: Designator=R?(CR1005-0402)
Added Component: Designator=R?(CR2012-0805)
Added Component: Designator=R?(CR2012-0805)
Added Component: Designator=R?(CR1005-0402)
Added Component: Designator=R?(CR1005-0402)
Added Component: Designator=R?(CR1005-0402)
Added Component: Designator=R?(CR1005-0402)
Added Component: Designator=R?(CR1005-0402)
Added Component: Designator=R?(CR1005-0402)
Added Component: Designator=R?(CR1005-0402)
Added Component: Designator=R?(CR1005-0402)
Added Component: Designator=R?(CR1005-0402)
Added Component: Designator=R?(CR1005-0402)
Added Component: Designator=R?(CR1005-0402)
Added Component: Designator=R?(CR1005-0402)
Added Component: Designator=R?(CR1005-0402)
Added Component: Designator=R?(CR1005-0402)
Added Component: Designator=R?(CR1005-0402)
Added Component: Designator=R?(CR1005-0402)
Added Component: Designator=R?(CR1005-0402)
Added Component: Designator=R?(CR1005-0402)
Added Component: Designator=R?(CR1005-0402)
Added Component: Designator=R?(CR1005-0402)
Added Component: Designator=R?(CR1005-0402)
Added Component: Designator=R?(CR1005-0402)
Added Component: Designator=R?(CR1005-0402)
Added Component: Designator=R?(CR1005-0402)
Added Component: Designator=R?(CR1005-0402)
Added Component: Designator=R?(CR1005-0402)
Added Component: Designator=R?(CR1005-0402)
Added Component: Designator=R?(CR1005-0402)
Added Component: Designator=R?(CR1005-0402)
Added Component: Designator=R?(CR1005-0402)
Added Component: Designator=R?(CR1005-0402)
Added Component: Designator=RP?_0(YC124)
Added Component: Designator=RP?_0(YC124)
Added Component: Designator=RP?_0(YC124)
Added Component: Designator=RP?_0(YC124)
Added Component: Designator=RP?_0(YC124)
Added Component: Designator=RP?_1(YC124)
Added Component: Designator=RP?_1(YC124)
Added Component: Designator=RP?_1(YC124)
Added Component: Designator=RP?_1(YC124)
Added Component: Designator=RP?_1(YC124)
Added Pin To Net: NetName=+1V2 Pin=C?-1
Added Pin To Net: NetName=+1V2 Pin=C?-1
Added Pin To Net: NetName=+1V2 Pin=C?-1
Added Pin To Net: NetName=+1V2 Pin=C?-1
Added Pin To Net: NetName=+1V2 Pin=C?-1
Added Pin To Net: NetName=+1V2 Pin=C?-1
Added Pin To Net: NetName=+1V2 Pin=C?-1
Added Pin To Net: NetName=+1V2 Pin=C?-1
Added Pin To Net: NetName=+1V2 Pin=C?-1
Added Pin To Net: NetName=+1V2 Pin=C?-2
Added Pin To Net: NetName=+1V2 Pin=C?-2
Added Pin To Net: NetName=+1V2 Pin=C?-2
Added Pin To Net: NetName=+1V2 Pin=C?-2
Added Pin To Net: NetName=+1V2 Pin=C?-2
Added Pin To Net: NetName=+1V2 Pin=IC?-2
Added Pin To Net: NetName=+1V2 Pin=IC?-4
Added Pin To Net: NetName=+1V2 Pin=IC?-5
Added Net: Name=+1V2
Added Pin To Net: NetName=+2V5 Pin=C?-1
Added Pin To Net: NetName=+2V5 Pin=C?-1
Added Pin To Net: NetName=+2V5 Pin=C?-1
Added Pin To Net: NetName=+2V5 Pin=C?-1
Added Pin To Net: NetName=+2V5 Pin=C?-1
Added Pin To Net: NetName=+2V5 Pin=C?-1
Added Pin To Net: NetName=+2V5 Pin=C?-1
Added Pin To Net: NetName=+2V5 Pin=C?-1
Added Pin To Net: NetName=+2V5 Pin=C?-1
Added Pin To Net: NetName=+2V5 Pin=C?-1
Added Pin To Net: NetName=+2V5 Pin=C?-1
Added Pin To Net: NetName=+2V5 Pin=C?-2
Added Pin To Net: NetName=+2V5 Pin=C?-2
Added Pin To Net: NetName=+2V5 Pin=C?-2
Added Pin To Net: NetName=+2V5 Pin=C?-2
Added Pin To Net: NetName=+2V5 Pin=C?-2
Added Pin To Net: NetName=+2V5 Pin=C?-2
Added Pin To Net: NetName=+2V5 Pin=C?-2
Added Pin To Net: NetName=+2V5 Pin=C?-2
Added Pin To Net: NetName=+2V5 Pin=C?-2
Added Pin To Net: NetName=+2V5 Pin=C?-2
Added Pin To Net: NetName=+2V5 Pin=C?-2
Added Pin To Net: NetName=+2V5 Pin=C?-2
Added Pin To Net: NetName=+2V5 Pin=C?-2
Added Pin To Net: NetName=+2V5 Pin=C?-2
Added Pin To Net: NetName=+2V5 Pin=C?-2
Added Pin To Net: NetName=+2V5 Pin=C?-2
Added Pin To Net: NetName=+2V5 Pin=C?-2
Added Pin To Net: NetName=+2V5 Pin=C?_0-2
Added Pin To Net: NetName=+2V5 Pin=C?_0-2
Added Pin To Net: NetName=+2V5 Pin=C?_0-2
Added Pin To Net: NetName=+2V5 Pin=C?_0-2
Added Pin To Net: NetName=+2V5 Pin=C?_0-2
Added Pin To Net: NetName=+2V5 Pin=C?_0-2
Added Pin To Net: NetName=+2V5 Pin=C?_0-2
Added Pin To Net: NetName=+2V5 Pin=C?_1-2
Added Pin To Net: NetName=+2V5 Pin=C?_1-2
Added Pin To Net: NetName=+2V5 Pin=C?_1-2
Added Pin To Net: NetName=+2V5 Pin=C?_1-2
Added Pin To Net: NetName=+2V5 Pin=C?_1-2
Added Pin To Net: NetName=+2V5 Pin=C?_1-2
Added Pin To Net: NetName=+2V5 Pin=C?_1-2
Added Pin To Net: NetName=+2V5 Pin=CN?-9
Added Pin To Net: NetName=+2V5 Pin=CN?-10
Added Pin To Net: NetName=+2V5 Pin=CN?-11
Added Pin To Net: NetName=+2V5 Pin=CN?-12
Added Pin To Net: NetName=+2V5 Pin=IC?-1
Added Pin To Net: NetName=+2V5 Pin=IC?-1
Added Pin To Net: NetName=+2V5 Pin=IC?-3
Added Pin To Net: NetName=+2V5 Pin=IC?-6
Added Pin To Net: NetName=+2V5 Pin=IC?-6
Added Pin To Net: NetName=+2V5 Pin=IC?_0-5
Added Pin To Net: NetName=+2V5 Pin=IC?_0-6
Added Pin To Net: NetName=+2V5 Pin=IC?_0-13
Added Pin To Net: NetName=+2V5 Pin=IC?_0-16
Added Pin To Net: NetName=+2V5 Pin=IC?_0-26
Added Pin To Net: NetName=+2V5 Pin=IC?_0-37
Added Pin To Net: NetName=+2V5 Pin=IC?_1-5
Added Pin To Net: NetName=+2V5 Pin=IC?_1-6
Added Pin To Net: NetName=+2V5 Pin=IC?_1-13
Added Pin To Net: NetName=+2V5 Pin=IC?_1-16
Added Pin To Net: NetName=+2V5 Pin=IC?_1-26
Added Pin To Net: NetName=+2V5 Pin=IC?_1-37
Added Pin To Net: NetName=+2V5 Pin=L?_0-1
Added Pin To Net: NetName=+2V5 Pin=L?_1-1
Added Pin To Net: NetName=+2V5 Pin=R?-2
Added Pin To Net: NetName=+2V5 Pin=R?-2
Added Pin To Net: NetName=+2V5 Pin=R?_0-2
Added Pin To Net: NetName=+2V5 Pin=R?_0-2
Added Pin To Net: NetName=+2V5 Pin=R?_1-2
Added Pin To Net: NetName=+2V5 Pin=R?_1-2
Added Net: Name=+2V5
Added Pin To Net: NetName=+3V3_OSC Pin=C?-2
Added Pin To Net: NetName=+3V3_OSC Pin=C?-2
Added Pin To Net: NetName=+3V3_OSC Pin=C?-2
Added Pin To Net: NetName=+3V3_OSC Pin=C?-2
Added Pin To Net: NetName=+3V3_OSC Pin=IC?-1
Added Pin To Net: NetName=+3V3_OSC Pin=IC?-1
Added Pin To Net: NetName=+3V3_OSC Pin=IC?-4
Added Pin To Net: NetName=+3V3_OSC Pin=L?-2
Added Pin To Net: NetName=+3V3_OSC Pin=L?-2
Added Net: Name=+3V3_OSC
Added Pin To Net: NetName=+3V3 Pin=C?-1
Added Pin To Net: NetName=+3V3 Pin=C?-1
Added Pin To Net: NetName=+3V3 Pin=C?-1
Added Pin To Net: NetName=+3V3 Pin=C?-1
Added Pin To Net: NetName=+3V3 Pin=C?-1
Added Pin To Net: NetName=+3V3 Pin=C?-1
Added Pin To Net: NetName=+3V3 Pin=C?-1
Added Pin To Net: NetName=+3V3 Pin=C?-1
Added Pin To Net: NetName=+3V3 Pin=C?-1
Added Pin To Net: NetName=+3V3 Pin=C?-2
Added Pin To Net: NetName=+3V3 Pin=C?-2
Added Pin To Net: NetName=+3V3 Pin=C?-2
Added Pin To Net: NetName=+3V3 Pin=C?-2
Added Pin To Net: NetName=+3V3 Pin=C?-2
Added Pin To Net: NetName=+3V3 Pin=C?-2
Added Pin To Net: NetName=+3V3 Pin=C?-2
Added Pin To Net: NetName=+3V3 Pin=C?_0-1
Added Pin To Net: NetName=+3V3 Pin=C?_0-2
Added Pin To Net: NetName=+3V3 Pin=C?_0-2
Added Pin To Net: NetName=+3V3 Pin=C?_1-1
Added Pin To Net: NetName=+3V3 Pin=C?_1-2
Added Pin To Net: NetName=+3V3 Pin=C?_1-2
Added Pin To Net: NetName=+3V3 Pin=CN?-5
Added Pin To Net: NetName=+3V3 Pin=CN?-6
Added Pin To Net: NetName=+3V3 Pin=CN?-7
Added Pin To Net: NetName=+3V3 Pin=CN?-8
Added Pin To Net: NetName=+3V3 Pin=D?-1
Added Pin To Net: NetName=+3V3 Pin=IC?-1
Added Pin To Net: NetName=+3V3 Pin=IC?-1
Added Pin To Net: NetName=+3V3 Pin=IC?-1
Added Pin To Net: NetName=+3V3 Pin=IC?-5
Added Pin To Net: NetName=+3V3 Pin=IC?_0-8
Added Pin To Net: NetName=+3V3 Pin=IC?_1-8
Added Pin To Net: NetName=+3V3 Pin=L?_0-2
Added Pin To Net: NetName=+3V3 Pin=L?_0-2
Added Pin To Net: NetName=+3V3 Pin=L?_1-2
Added Pin To Net: NetName=+3V3 Pin=L?_1-2
Added Pin To Net: NetName=+3V3 Pin=R?-1
Added Pin To Net: NetName=+3V3 Pin=R?-1
Added Pin To Net: NetName=+3V3 Pin=R?-1
Added Pin To Net: NetName=+3V3 Pin=R?-2
Added Pin To Net: NetName=+3V3 Pin=R?-2
Added Pin To Net: NetName=+3V3 Pin=R?-2
Added Pin To Net: NetName=+3V3 Pin=R?-2
Added Pin To Net: NetName=+3V3 Pin=R?_0-1
Added Pin To Net: NetName=+3V3 Pin=R?_0-2
Added Pin To Net: NetName=+3V3 Pin=R?_1-1
Added Pin To Net: NetName=+3V3 Pin=R?_1-2
Added Pin To Net: NetName=+3V3 Pin=RP?_0-1
Added Pin To Net: NetName=+3V3 Pin=RP?_0-1
Added Pin To Net: NetName=+3V3 Pin=RP?_0-2
Added Pin To Net: NetName=+3V3 Pin=RP?_0-2
Added Pin To Net: NetName=+3V3 Pin=RP?_0-3
Added Pin To Net: NetName=+3V3 Pin=RP?_0-3
Added Pin To Net: NetName=+3V3 Pin=RP?_0-4
Added Pin To Net: NetName=+3V3 Pin=RP?_0-4
Added Pin To Net: NetName=+3V3 Pin=RP?_1-1
Added Pin To Net: NetName=+3V3 Pin=RP?_1-1
Added Pin To Net: NetName=+3V3 Pin=RP?_1-2
Added Pin To Net: NetName=+3V3 Pin=RP?_1-2
Added Pin To Net: NetName=+3V3 Pin=RP?_1-3
Added Pin To Net: NetName=+3V3 Pin=RP?_1-3
Added Pin To Net: NetName=+3V3 Pin=RP?_1-4
Added Pin To Net: NetName=+3V3 Pin=RP?_1-4
Added Net: Name=+3V3
Added Pin To Net: NetName=+5V Pin=C?-1
Added Pin To Net: NetName=+5V Pin=C?-2
Added Pin To Net: NetName=+5V Pin=C?-2
Added Pin To Net: NetName=+5V Pin=IC?-1
Added Pin To Net: NetName=+5V Pin=IC?-2
Added Pin To Net: NetName=+5V Pin=IC?-2
Added Pin To Net: NetName=+5V Pin=IC?-4
Added Net: Name=+5V
Added Pin To Net: NetName=+12V_BULK Pin=C?-1
Added Pin To Net: NetName=+12V_BULK Pin=CN?-1
Added Pin To Net: NetName=+12V_BULK Pin=CN?-2
Added Pin To Net: NetName=+12V_BULK Pin=CN?-3
Added Pin To Net: NetName=+12V_BULK Pin=CN?-4
Added Pin To Net: NetName=+12V_BULK Pin=IC?-3
Added Net: Name=+12V_BULK
Added Net: Name=CMI_CLKSRC0
Added Net: Name=CMI_CLKSRC1
Added Net: Name=CMI_IRQ0
Added Net: Name=CMI_IRQ1
Added Net: Name=CMI_PIO0
Added Net: Name=CMI_PIO1
Added Net: Name=CMI_PIO2
Added Net: Name=CMI_PIO3
Added Net: Name=CMI_SPI_CS
Added Net: Name=CMI_SPI_SCLK
Added Net: Name=CMI_SPI_SDIN
Added Net: Name=CMI_SPI_SDOUT
Added Pin To Net: NetName=CONF_DONE Pin=R?-1
Added Net: Name=CONF_DONE
Added Net: Name=DAC_DMTD_DIN
Added Net: Name=DAC_DMTD_SCLK
Added Net: Name=DAC_DMTD_SYNC
Added Net: Name=DAC_REF_DIN
Added Net: Name=DAC_REF_SCLK
Added Net: Name=DAC_REF_SYNC
Added Net: Name=DCLK
Added Pin To Net: NetName=DMTDCLK+ Pin=R?-2
Added Net: Name=DMTDCLK+
Added Pin To Net: NetName=DMTDCLK- Pin=R?-1
Added Net: Name=DMTDCLK-
Added Pin To Net: NetName=DMTDCLK_MAIN+ Pin=CN?-21
Added Net: Name=DMTDCLK_MAIN+
Added Pin To Net: NetName=DMTDCLK_MAIN- Pin=CN?-23
Added Net: Name=DMTDCLK_MAIN-
Added Pin To Net: NetName=EXT_PPS_IN Pin=CN?-61
Added Net: Name=EXT_PPS_IN
Added Pin To Net: NetName=EXT_PPS_OUT Pin=CN?-59
Added Net: Name=EXT_PPS_OUT
Added Pin To Net: NetName=EXT_VBB Pin=C?-2
Added Pin To Net: NetName=EXT_VBB Pin=IC?-3
Added Pin To Net: NetName=EXT_VBB Pin=IC?-4
Added Net: Name=EXT_VBB
Added Net: Name=EXTCLK_PLL_ENABLE
Added Net: Name=FPGA_CONF_D0
Added Pin To Net: NetName=GND Pin=C?-1
Added Pin To Net: NetName=GND Pin=C?-1
Added Pin To Net: NetName=GND Pin=C?-1
Added Pin To Net: NetName=GND Pin=C?-1
Added Pin To Net: NetName=GND Pin=C?-1
Added Pin To Net: NetName=GND Pin=C?-1
Added Pin To Net: NetName=GND Pin=C?-1
Added Pin To Net: NetName=GND Pin=C?-1
Added Pin To Net: NetName=GND Pin=C?-1
Added Pin To Net: NetName=GND Pin=C?-1
Added Pin To Net: NetName=GND Pin=C?-1
Added Pin To Net: NetName=GND Pin=C?-1
Added Pin To Net: NetName=GND Pin=C?-1
Added Pin To Net: NetName=GND Pin=C?-1
Added Pin To Net: NetName=GND Pin=C?-1
Added Pin To Net: NetName=GND Pin=C?-1
Added Pin To Net: NetName=GND Pin=C?-1
Added Pin To Net: NetName=GND Pin=C?-1
Added Pin To Net: NetName=GND Pin=C?-1
Added Pin To Net: NetName=GND Pin=C?-1
Added Pin To Net: NetName=GND Pin=C?-1
Added Pin To Net: NetName=GND Pin=C?-1
Added Pin To Net: NetName=GND Pin=C?-1
Added Pin To Net: NetName=GND Pin=C?-1
Added Pin To Net: NetName=GND Pin=C?-1
Added Pin To Net: NetName=GND Pin=C?-1
Added Pin To Net: NetName=GND Pin=C?-1
Added Pin To Net: NetName=GND Pin=C?-1
Added Pin To Net: NetName=GND Pin=C?-1
Added Pin To Net: NetName=GND Pin=C?-1
Added Pin To Net: NetName=GND Pin=C?-1
Added Pin To Net: NetName=GND Pin=C?-1
Added Pin To Net: NetName=GND Pin=C?-1
Added Pin To Net: NetName=GND Pin=C?-1
Added Pin To Net: NetName=GND Pin=C?-1
Added Pin To Net: NetName=GND Pin=C?-1
Added Pin To Net: NetName=GND Pin=C?-1
Added Pin To Net: NetName=GND Pin=C?-1
Added Pin To Net: NetName=GND Pin=C?-1
Added Pin To Net: NetName=GND Pin=C?-1
Added Pin To Net: NetName=GND Pin=C?-1
Added Pin To Net: NetName=GND Pin=C?-1
Added Pin To Net: NetName=GND Pin=C?-1
Added Pin To Net: NetName=GND Pin=C?-1
Added Pin To Net: NetName=GND Pin=C?-1
Added Pin To Net: NetName=GND Pin=C?-1
Added Pin To Net: NetName=GND Pin=C?-1
Added Pin To Net: NetName=GND Pin=C?-1
Added Pin To Net: NetName=GND Pin=C?-1
Added Pin To Net: NetName=GND Pin=C?-1
Added Pin To Net: NetName=GND Pin=C?-1
Added Pin To Net: NetName=GND Pin=C?-1
Added Pin To Net: NetName=GND Pin=C?-1
Added Pin To Net: NetName=GND Pin=C?-1
Added Pin To Net: NetName=GND Pin=C?-1
Added Pin To Net: NetName=GND Pin=C?-1
Added Pin To Net: NetName=GND Pin=C?-2
Added Pin To Net: NetName=GND Pin=C?-2
Added Pin To Net: NetName=GND Pin=C?-2
Added Pin To Net: NetName=GND Pin=C?-2
Added Pin To Net: NetName=GND Pin=C?-2
Added Pin To Net: NetName=GND Pin=C?-2
Added Pin To Net: NetName=GND Pin=C?-2
Added Pin To Net: NetName=GND Pin=C?-2
Added Pin To Net: NetName=GND Pin=C?-2
Added Pin To Net: NetName=GND Pin=C?-2
Added Pin To Net: NetName=GND Pin=C?-2
Added Pin To Net: NetName=GND Pin=C?-2
Added Pin To Net: NetName=GND Pin=C?-2
Added Pin To Net: NetName=GND Pin=C?-2
Added Pin To Net: NetName=GND Pin=C?-2
Added Pin To Net: NetName=GND Pin=C?-2
Added Pin To Net: NetName=GND Pin=C?-2
Added Pin To Net: NetName=GND Pin=C?-2
Added Pin To Net: NetName=GND Pin=C?-2
Added Pin To Net: NetName=GND Pin=C?-2
Added Pin To Net: NetName=GND Pin=C?-2
Added Pin To Net: NetName=GND Pin=C?-2
Added Pin To Net: NetName=GND Pin=C?-2
Added Pin To Net: NetName=GND Pin=C?-2
Added Pin To Net: NetName=GND Pin=C?-2
Added Pin To Net: NetName=GND Pin=C?-2
Added Pin To Net: NetName=GND Pin=C?-2
Added Pin To Net: NetName=GND Pin=C?-2
Added Pin To Net: NetName=GND Pin=C?-2
Added Pin To Net: NetName=GND Pin=C?-2
Added Pin To Net: NetName=GND Pin=C?-2
Added Pin To Net: NetName=GND Pin=C?-2
Added Pin To Net: NetName=GND Pin=C?-2
Added Pin To Net: NetName=GND Pin=C?_0-1
Added Pin To Net: NetName=GND Pin=C?_0-1
Added Pin To Net: NetName=GND Pin=C?_0-1
Added Pin To Net: NetName=GND Pin=C?_0-1
Added Pin To Net: NetName=GND Pin=C?_0-1
Added Pin To Net: NetName=GND Pin=C?_0-1
Added Pin To Net: NetName=GND Pin=C?_0-1
Added Pin To Net: NetName=GND Pin=C?_0-1
Added Pin To Net: NetName=GND Pin=C?_0-1
Added Pin To Net: NetName=GND Pin=C?_0-1
Added Pin To Net: NetName=GND Pin=C?_0-1
Added Pin To Net: NetName=GND Pin=C?_0-1
Added Pin To Net: NetName=GND Pin=C?_0-1
Added Pin To Net: NetName=GND Pin=C?_0-2
Added Pin To Net: NetName=GND Pin=C?_0-2
Added Pin To Net: NetName=GND Pin=C?_0-2
Added Pin To Net: NetName=GND Pin=C?_1-1
Added Pin To Net: NetName=GND Pin=C?_1-1
Added Pin To Net: NetName=GND Pin=C?_1-1
Added Pin To Net: NetName=GND Pin=C?_1-1
Added Pin To Net: NetName=GND Pin=C?_1-1
Added Pin To Net: NetName=GND Pin=C?_1-1
Added Pin To Net: NetName=GND Pin=C?_1-1
Added Pin To Net: NetName=GND Pin=C?_1-1
Added Pin To Net: NetName=GND Pin=C?_1-1
Added Pin To Net: NetName=GND Pin=C?_1-1
Added Pin To Net: NetName=GND Pin=C?_1-1
Added Pin To Net: NetName=GND Pin=C?_1-1
Added Pin To Net: NetName=GND Pin=C?_1-1
Added Pin To Net: NetName=GND Pin=C?_1-2
Added Pin To Net: NetName=GND Pin=C?_1-2
Added Pin To Net: NetName=GND Pin=C?_1-2
Added Pin To Net: NetName=GND Pin=CN?-1
Added Pin To Net: NetName=GND Pin=CN?-2
Added Pin To Net: NetName=GND Pin=CN?-2
Added Pin To Net: NetName=GND Pin=CN?-2
Added Pin To Net: NetName=GND Pin=CN?-2
Added Pin To Net: NetName=GND Pin=CN?-2
Added Pin To Net: NetName=GND Pin=CN?-2
Added Pin To Net: NetName=GND Pin=CN?-5
Added Pin To Net: NetName=GND Pin=CN?-13
Added Pin To Net: NetName=GND Pin=CN?-14
Added Pin To Net: NetName=GND Pin=CN?-14
Added Pin To Net: NetName=GND Pin=CN?-15
Added Pin To Net: NetName=GND Pin=CN?-16
Added Pin To Net: NetName=GND Pin=CN?-19
Added Pin To Net: NetName=GND Pin=CN?-22
Added Pin To Net: NetName=GND Pin=CN?-25
Added Pin To Net: NetName=GND Pin=CN?-25
Added Pin To Net: NetName=GND Pin=CN?-26
Added Pin To Net: NetName=GND Pin=CN?-28
Added Pin To Net: NetName=GND Pin=CN?-30
Added Pin To Net: NetName=GND Pin=CN?-35
Added Pin To Net: NetName=GND Pin=CN?-37
Added Pin To Net: NetName=GND Pin=CN?-38
Added Pin To Net: NetName=GND Pin=CN?-42
Added Pin To Net: NetName=GND Pin=CN?-47
Added Pin To Net: NetName=GND Pin=CN?-49
Added Pin To Net: NetName=GND Pin=CN?-50
Added Pin To Net: NetName=GND Pin=CN?-54
Added Pin To Net: NetName=GND Pin=CN?-57
Added Pin To Net: NetName=GND Pin=CN?-57
Added Pin To Net: NetName=GND Pin=CN?-58
Added Pin To Net: NetName=GND Pin=CN?-63
Added Pin To Net: NetName=GND Pin=CN?-65
Added Pin To Net: NetName=GND Pin=CN?-66
Added Pin To Net: NetName=GND Pin=CN?-66
Added Pin To Net: NetName=GND Pin=CN?-69
Added Pin To Net: NetName=GND Pin=CN?-70
Added Pin To Net: NetName=GND Pin=IC?-1
Added Pin To Net: NetName=GND Pin=IC?-1
Added Pin To Net: NetName=GND Pin=IC?-1
Added Pin To Net: NetName=GND Pin=IC?-1
Added Pin To Net: NetName=GND Pin=IC?-2
Added Pin To Net: NetName=GND Pin=IC?-2
Added Pin To Net: NetName=GND Pin=IC?-2
Added Pin To Net: NetName=GND Pin=IC?-2
Added Pin To Net: NetName=GND Pin=IC?-2
Added Pin To Net: NetName=GND Pin=IC?-3
Added Pin To Net: NetName=GND Pin=IC?-3
Added Pin To Net: NetName=GND Pin=IC?-3
Added Pin To Net: NetName=GND Pin=IC?-4
Added Pin To Net: NetName=GND Pin=IC?-4
Added Pin To Net: NetName=GND Pin=IC?-4
Added Pin To Net: NetName=GND Pin=IC?-4
Added Pin To Net: NetName=GND Pin=IC?-4
Added Pin To Net: NetName=GND Pin=IC?-4
Added Pin To Net: NetName=GND Pin=IC?-5
Added Pin To Net: NetName=GND Pin=IC?-5
Added Pin To Net: NetName=GND Pin=IC?-6
Added Pin To Net: NetName=GND Pin=IC?-6
Added Pin To Net: NetName=GND Pin=IC?_0-1
Added Pin To Net: NetName=GND Pin=IC?_0-3
Added Pin To Net: NetName=GND Pin=IC?_0-5
Added Pin To Net: NetName=GND Pin=IC?_0-35
Added Pin To Net: NetName=GND Pin=IC?_0-40
Added Pin To Net: NetName=GND Pin=IC?_0-PAD
Added Pin To Net: NetName=GND Pin=IC?_0-PAD
Added Pin To Net: NetName=GND Pin=IC?_0-PAD
Added Pin To Net: NetName=GND Pin=IC?_0-PAD
Added Pin To Net: NetName=GND Pin=IC?_0-PAD
Added Pin To Net: NetName=GND Pin=IC?_0-PAD
Added Pin To Net: NetName=GND Pin=IC?_0-PAD
Added Pin To Net: NetName=GND Pin=IC?_0-PAD
Added Pin To Net: NetName=GND Pin=IC?_0-PAD
Added Pin To Net: NetName=GND Pin=IC?_1-1
Added Pin To Net: NetName=GND Pin=IC?_1-3
Added Pin To Net: NetName=GND Pin=IC?_1-5
Added Pin To Net: NetName=GND Pin=IC?_1-35
Added Pin To Net: NetName=GND Pin=IC?_1-40
Added Pin To Net: NetName=GND Pin=IC?_1-PAD
Added Pin To Net: NetName=GND Pin=IC?_1-PAD
Added Pin To Net: NetName=GND Pin=IC?_1-PAD
Added Pin To Net: NetName=GND Pin=IC?_1-PAD
Added Pin To Net: NetName=GND Pin=IC?_1-PAD
Added Pin To Net: NetName=GND Pin=IC?_1-PAD
Added Pin To Net: NetName=GND Pin=IC?_1-PAD
Added Pin To Net: NetName=GND Pin=IC?_1-PAD
Added Pin To Net: NetName=GND Pin=IC?_1-PAD
Added Pin To Net: NetName=GND Pin=R?-1
Added Pin To Net: NetName=GND Pin=R?-1
Added Pin To Net: NetName=GND Pin=R?-1
Added Pin To Net: NetName=GND Pin=R?-1
Added Pin To Net: NetName=GND Pin=R?-1
Added Pin To Net: NetName=GND Pin=R?-1
Added Pin To Net: NetName=GND Pin=R?-1
Added Pin To Net: NetName=GND Pin=R?-1
Added Pin To Net: NetName=GND Pin=R?-1
Added Pin To Net: NetName=GND Pin=R?-1
Added Pin To Net: NetName=GND Pin=R?-1
Added Pin To Net: NetName=GND Pin=R?-1
Added Pin To Net: NetName=GND Pin=R?-1
Added Pin To Net: NetName=GND Pin=R?-2
Added Pin To Net: NetName=GND Pin=R?-2
Added Pin To Net: NetName=GND Pin=R?_0-1
Added Pin To Net: NetName=GND Pin=R?_0-1
Added Pin To Net: NetName=GND Pin=R?_0-2
Added Pin To Net: NetName=GND Pin=R?_0-2
Added Pin To Net: NetName=GND Pin=R?_0-2
Added Pin To Net: NetName=GND Pin=R?_0-2
Added Pin To Net: NetName=GND Pin=R?_0-2
Added Pin To Net: NetName=GND Pin=R?_1-1
Added Pin To Net: NetName=GND Pin=R?_1-1
Added Pin To Net: NetName=GND Pin=R?_1-2
Added Pin To Net: NetName=GND Pin=R?_1-2
Added Pin To Net: NetName=GND Pin=R?_1-2
Added Pin To Net: NetName=GND Pin=R?_1-2
Added Pin To Net: NetName=GND Pin=R?_1-2
Added Net: Name=GND
Added Pin To Net: NetName=JTAG_TCK Pin=CN?-41
Added Net: Name=JTAG_TCK
Added Pin To Net: NetName=JTAG_TDI Pin=CN?-37
Added Net: Name=JTAG_TDI
Added Pin To Net: NetName=JTAG_TDO Pin=CN?-39
Added Net: Name=JTAG_TDO
Added Pin To Net: NetName=JTAG_TMS Pin=CN?-43
Added Net: Name=JTAG_TMS
Added Pin To Net: NetName=JTAG_TRSTN Pin=CN?-45
Added Net: Name=JTAG_TRSTN
Added Pin To Net: NetName=NCONFIG Pin=R?-2
Added Net: Name=NCONFIG
Added Pin To Net: NetName=NetC?_0_1 Pin=C?_0-1
Added Pin To Net: NetName=NetC?_0_1 Pin=C?_0-1
Added Pin To Net: NetName=NetC?_0_1 Pin=L?_0-1
Added Net: Name=NetC?_0_1
Added Pin To Net: NetName=NetC?_0_2 Pin=C?_0-2
Added Pin To Net: NetName=NetC?_0_2 Pin=C?_0-2
Added Pin To Net: NetName=NetC?_0_2 Pin=L?_0-1
Added Net: Name=NetC?_0_2
Added Pin To Net: NetName=NetC?_1_1 Pin=C?_1-1
Added Pin To Net: NetName=NetC?_1_1 Pin=C?_1-1
Added Pin To Net: NetName=NetC?_1_1 Pin=L?_1-1
Added Net: Name=NetC?_1_1
Added Pin To Net: NetName=NetC?_1_2 Pin=C?_1-2
Added Pin To Net: NetName=NetC?_1_2 Pin=C?_1-2
Added Pin To Net: NetName=NetC?_1_2 Pin=L?_1-1
Added Net: Name=NetC?_1_2
Added Pin To Net: NetName=NetC?_1 Pin=C?-1
Added Pin To Net: NetName=NetC?_1 Pin=IC?-3
Added Pin To Net: NetName=NetC?_1 Pin=IC?-6
Added Net: Name=NetC?_1
Added Pin To Net: NetName=NetC?_2 Pin=C?-2
Added Pin To Net: NetName=NetC?_2 Pin=IC?-5
Added Pin To Net: NetName=NetC?_2 Pin=R?-2
Added Net: Name=NetC?_2
Added Pin To Net: NetName=NetCN?_1 Pin=CN?-1
Added Pin To Net: NetName=NetCN?_1 Pin=R?-1
Added Net: Name=NetCN?_1
Added Pin To Net: NetName=NetCN?_67 Pin=CN?-67
Added Pin To Net: NetName=NetCN?_67 Pin=R?-2
Added Net: Name=NetCN?_67
Added Pin To Net: NetName=NetCN?_68 Pin=CN?-68
Added Pin To Net: NetName=NetCN?_68 Pin=R?-1
Added Net: Name=NetCN?_68
Added Pin To Net: NetName=NetD?_2 Pin=D?-2
Added Pin To Net: NetName=NetD?_2 Pin=R?-1
Added Net: Name=NetD?_2
Added Pin To Net: NetName=NetD?_3 Pin=IC?-5
Added Pin To Net: NetName=NetD?_3 Pin=IC?-6
Added Pin To Net: NetName=NetD?_3 Pin=R?-1
Added Net: Name=NetD?_3
Added Pin To Net: NetName=NetD?_4 Pin=IC?-4
Added Pin To Net: NetName=NetD?_4 Pin=R?-2
Added Pin To Net: NetName=NetD?_4 Pin=R?-2
Added Net: Name=NetD?_4
Added Pin To Net: NetName=NetIC?_0_2 Pin=IC?_0-2
Added Pin To Net: NetName=NetIC?_0_2 Pin=IC?_0-17
Added Pin To Net: NetName=NetIC?_0_2 Pin=R?_0-2
Added Net: Name=NetIC?_0_2
Added Pin To Net: NetName=NetIC?_0_7 Pin=IC?_0-7
Added Pin To Net: NetName=NetIC?_0_7 Pin=R?_0-1
Added Net: Name=NetIC?_0_7
Added Pin To Net: NetName=NetIC?_0_14 Pin=IC?_0-14
Added Pin To Net: NetName=NetIC?_0_14 Pin=R?_0-1
Added Pin To Net: NetName=NetIC?_0_14 Pin=R?_0-2
Added Net: Name=NetIC?_0_14
Added Pin To Net: NetName=NetIC?_0_19 Pin=IC?_0-19
Added Pin To Net: NetName=NetIC?_0_19 Pin=RP?_0-3
Added Net: Name=NetIC?_0_19
Added Pin To Net: NetName=NetIC?_0_20 Pin=IC?_0-20
Added Pin To Net: NetName=NetIC?_0_20 Pin=RP?_0-4
Added Net: Name=NetIC?_0_20
Added Pin To Net: NetName=NetIC?_0_21 Pin=IC?_0-21
Added Pin To Net: NetName=NetIC?_0_21 Pin=RP?_0-1
Added Net: Name=NetIC?_0_21
Added Pin To Net: NetName=NetIC?_0_22 Pin=IC?_0-22
Added Pin To Net: NetName=NetIC?_0_22 Pin=RP?_0-2
Added Net: Name=NetIC?_0_22
Added Pin To Net: NetName=NetIC?_0_23 Pin=IC?_0-23
Added Pin To Net: NetName=NetIC?_0_23 Pin=RP?_0-3
Added Net: Name=NetIC?_0_23
Added Pin To Net: NetName=NetIC?_0_24 Pin=IC?_0-24
Added Pin To Net: NetName=NetIC?_0_24 Pin=RP?_0-4
Added Net: Name=NetIC?_0_24
Added Pin To Net: NetName=NetIC?_0_25 Pin=IC?_0-25
Added Pin To Net: NetName=NetIC?_0_25 Pin=RP?_0-1
Added Net: Name=NetIC?_0_25
Added Pin To Net: NetName=NetIC?_0_27 Pin=IC?_0-27
Added Pin To Net: NetName=NetIC?_0_27 Pin=RP?_0-2
Added Net: Name=NetIC?_0_27
Added Pin To Net: NetName=NetIC?_0_28 Pin=IC?_0-28
Added Pin To Net: NetName=NetIC?_0_28 Pin=RP?_0-3
Added Net: Name=NetIC?_0_28
Added Pin To Net: NetName=NetIC?_0_29 Pin=IC?_0-29
Added Pin To Net: NetName=NetIC?_0_29 Pin=RP?_0-4
Added Net: Name=NetIC?_0_29
Added Pin To Net: NetName=NetIC?_1_2 Pin=IC?_1-2
Added Pin To Net: NetName=NetIC?_1_2 Pin=IC?_1-17
Added Pin To Net: NetName=NetIC?_1_2 Pin=R?_1-2
Added Net: Name=NetIC?_1_2
Added Pin To Net: NetName=NetIC?_1_7 Pin=IC?_1-7
Added Pin To Net: NetName=NetIC?_1_7 Pin=R?_1-1
Added Net: Name=NetIC?_1_7
Added Pin To Net: NetName=NetIC?_1_14 Pin=IC?_1-14
Added Pin To Net: NetName=NetIC?_1_14 Pin=R?_1-1
Added Pin To Net: NetName=NetIC?_1_14 Pin=R?_1-2
Added Net: Name=NetIC?_1_14
Added Pin To Net: NetName=NetIC?_1_19 Pin=IC?_1-19
Added Pin To Net: NetName=NetIC?_1_19 Pin=RP?_1-3
Added Net: Name=NetIC?_1_19
Added Pin To Net: NetName=NetIC?_1_20 Pin=IC?_1-20
Added Pin To Net: NetName=NetIC?_1_20 Pin=RP?_1-4
Added Net: Name=NetIC?_1_20
Added Pin To Net: NetName=NetIC?_1_21 Pin=IC?_1-21
Added Pin To Net: NetName=NetIC?_1_21 Pin=RP?_1-1
Added Net: Name=NetIC?_1_21
Added Pin To Net: NetName=NetIC?_1_22 Pin=IC?_1-22
Added Pin To Net: NetName=NetIC?_1_22 Pin=RP?_1-2
Added Net: Name=NetIC?_1_22
Added Pin To Net: NetName=NetIC?_1_23 Pin=IC?_1-23
Added Pin To Net: NetName=NetIC?_1_23 Pin=RP?_1-3
Added Net: Name=NetIC?_1_23
Added Pin To Net: NetName=NetIC?_1_24 Pin=IC?_1-24
Added Pin To Net: NetName=NetIC?_1_24 Pin=RP?_1-4
Added Net: Name=NetIC?_1_24
Added Pin To Net: NetName=NetIC?_1_25 Pin=IC?_1-25
Added Pin To Net: NetName=NetIC?_1_25 Pin=RP?_1-1
Added Net: Name=NetIC?_1_25
Added Pin To Net: NetName=NetIC?_1_27 Pin=IC?_1-27
Added Pin To Net: NetName=NetIC?_1_27 Pin=RP?_1-2
Added Net: Name=NetIC?_1_27
Added Pin To Net: NetName=NetIC?_1_28 Pin=IC?_1-28
Added Pin To Net: NetName=NetIC?_1_28 Pin=RP?_1-3
Added Net: Name=NetIC?_1_28
Added Pin To Net: NetName=NetIC?_1_29 Pin=IC?_1-29
Added Pin To Net: NetName=NetIC?_1_29 Pin=RP?_1-4
Added Net: Name=NetIC?_1_29
Added Pin To Net: NetName=NetIC?_1 Pin=IC?-1
Added Pin To Net: NetName=NetIC?_1 Pin=IC?-2
Added Pin To Net: NetName=NetIC?_1 Pin=R?-1
Added Net: Name=NetIC?_1
Added Pin To Net: NetName=NetIC?_2 Pin=IC?-2
Added Net: Name=NetIC?_2
Added Pin To Net: NetName=NetIC?_3 Pin=IC?-3
Added Pin To Net: NetName=NetIC?_3 Pin=R?-1
Added Net: Name=NetIC?_3
Added Pin To Net: NetName=NetIC?_4 Pin=IC?-4
Added Pin To Net: NetName=NetIC?_4 Pin=R?-2
Added Net: Name=NetIC?_4
Added Pin To Net: NetName=NetIC?_5 Pin=IC?-5
Added Net: Name=NetIC?_5
Added Pin To Net: NetName=NetIC?_6 Pin=IC?-6
Added Pin To Net: NetName=NetIC?_6 Pin=R?-2
Added Net: Name=NetIC?_6
Added Pin To Net: NetName=NetIC?_7 Pin=R?-2
Added Net: Name=NetIC?_7
Added Pin To Net: NetName=NetIC?_14 Pin=R?-1
Added Net: Name=NetIC?_14
Added Pin To Net: NetName=NetIC?_20 Pin=R?-2
Added Net: Name=NetIC?_20
Added Pin To Net: NetName=NetIC?_29 Pin=R?-2
Added Net: Name=NetIC?_29
Added Pin To Net: NetName=NetIC?_97 Pin=R?-1
Added Pin To Net: NetName=NetIC?_97 Pin=R?-2
Added Net: Name=NetIC?_97
Added Pin To Net: NetName=NetR?_0_1 Pin=R?_0-1
Added Pin To Net: NetName=NetR?_0_1 Pin=R?_0-1
Added Net: Name=NetR?_0_1
Added Pin To Net: NetName=NetR?_1_1 Pin=R?_1-1
Added Pin To Net: NetName=NetR?_1_1 Pin=R?_1-1
Added Net: Name=NetR?_1_1
Added Pin To Net: NetName=NSTATUS Pin=R?-1
Added Net: Name=NSTATUS
Added Net: Name=PD0_DOWN
Added Net: Name=PD0_UP
Added Net: Name=PD1_DOWN
Added Net: Name=PD1_UP
Added Net: Name=PDADC0_CS
Added Net: Name=PDADC0_SCLK
Added Net: Name=PDADC0_SDO
Added Net: Name=PDADC1_CS
Added Net: Name=PDADC1_SCLK
Added Net: Name=PDADC1_SDO
Added Pin To Net: NetName=REFCLK1+ Pin=CN?-18
Added Net: Name=REFCLK1+
Added Pin To Net: NetName=REFCLK1- Pin=CN?-20
Added Net: Name=REFCLK1-
Added Pin To Net: NetName=REFCLK2+ Pin=CN?-24
Added Net: Name=REFCLK2+
Added Pin To Net: NetName=REFCLK2- Pin=CN?-26
Added Net: Name=REFCLK2-
Added Pin To Net: NetName=REFCLK_EXT+ Pin=R?-2
Added Net: Name=REFCLK_EXT+
Added Pin To Net: NetName=REFCLK_EXT- Pin=R?-1
Added Net: Name=REFCLK_EXT-
Added Net: Name=REFCLK_EXT_FB+
Added Net: Name=REFCLK_EXT_FB-
Added Pin To Net: NetName=REFCLK_EXT_SEL Pin=IC?-2
Added Net: Name=REFCLK_EXT_SEL
Added Pin To Net: NetName=REFCLK_FB+ Pin=R?-2
Added Net: Name=REFCLK_FB+
Added Pin To Net: NetName=REFCLK_FB- Pin=R?-1
Added Net: Name=REFCLK_FB-
Added Pin To Net: NetName=REFCLK_MAIN+ Pin=CN?-15
Added Net: Name=REFCLK_MAIN+
Added Pin To Net: NetName=REFCLK_MAIN- Pin=CN?-17
Added Net: Name=REFCLK_MAIN-
Added Pin To Net: NetName=REFCLK_UP0+ Pin=IC?_0-2
Added Pin To Net: NetName=REFCLK_UP0+ Pin=R?_0-1
Added Net: Name=REFCLK_UP0+
Added Pin To Net: NetName=REFCLK_UP0- Pin=IC?_0-3
Added Pin To Net: NetName=REFCLK_UP0- Pin=R?_0-2
Added Net: Name=REFCLK_UP0-
Added Pin To Net: NetName=REFCLK_UP1+ Pin=IC?_1-2
Added Pin To Net: NetName=REFCLK_UP1+ Pin=R?_1-1
Added Net: Name=REFCLK_UP1+
Added Pin To Net: NetName=REFCLK_UP1- Pin=IC?_1-3
Added Pin To Net: NetName=REFCLK_UP1- Pin=R?_1-2
Added Net: Name=REFCLK_UP1-
Added Pin To Net: NetName=REFCLK_VCSO_SEL Pin=IC?-1
Added Net: Name=REFCLK_VCSO_SEL
Added Pin To Net: NetName=UP0_DETECT Pin=CN?-53
Added Net: Name=UP0_DETECT
Added Pin To Net: NetName=UP0_ENABLE Pin=CN?-62
Added Net: Name=UP0_ENABLE
Added Pin To Net: NetName=UP0_LOOPEN Pin=CN?-58
Added Net: Name=UP0_LOOPEN
Added Net: Name=UP0_LOS
Added Pin To Net: NetName=UP0_PRBSEN Pin=CN?-60
Added Net: Name=UP0_PRBSEN
Added Net: Name=UP0_RBCLK
Added Pin To Net: NetName=UP0_RD0 Pin=CN?-28
Added Net: Name=UP0_RD0
Added Pin To Net: NetName=UP0_RD1 Pin=CN?-30
Added Net: Name=UP0_RD1
Added Pin To Net: NetName=UP0_RD2 Pin=CN?-32
Added Net: Name=UP0_RD2
Added Pin To Net: NetName=UP0_RD3 Pin=CN?-34
Added Net: Name=UP0_RD3
Added Pin To Net: NetName=UP0_RD4 Pin=CN?-36
Added Net: Name=UP0_RD4
Added Pin To Net: NetName=UP0_RD5 Pin=CN?-40
Added Net: Name=UP0_RD5
Added Pin To Net: NetName=UP0_RD6 Pin=CN?-42
Added Net: Name=UP0_RD6
Added Pin To Net: NetName=UP0_RD7 Pin=CN?-44
Added Net: Name=UP0_RD7
Added Pin To Net: NetName=UP0_RD8 Pin=CN?-46
Added Net: Name=UP0_RD8
Added Pin To Net: NetName=UP0_RD9 Pin=CN?-48
Added Net: Name=UP0_RD9
Added Pin To Net: NetName=UP0_SCL Pin=CN?-63
Added Net: Name=UP0_SCL
Added Pin To Net: NetName=UP0_SDA Pin=CN?-61
Added Net: Name=UP0_SDA
Added Pin To Net: NetName=UP0_SYNCEN Pin=CN?-56
Added Net: Name=UP0_SYNCEN
Added Pin To Net: NetName=UP0_SYNC Pin=CN?-64
Added Net: Name=UP0_SYNC
Added Pin To Net: NetName=UP0_TD0 Pin=CN?-27
Added Net: Name=UP0_TD0
Added Pin To Net: NetName=UP0_TD1 Pin=CN?-29
Added Net: Name=UP0_TD1
Added Pin To Net: NetName=UP0_TD2 Pin=CN?-31
Added Net: Name=UP0_TD2
Added Pin To Net: NetName=UP0_TD3 Pin=CN?-33
Added Net: Name=UP0_TD3
Added Pin To Net: NetName=UP0_TD4 Pin=CN?-35
Added Net: Name=UP0_TD4
Added Pin To Net: NetName=UP0_TD5 Pin=CN?-39
Added Net: Name=UP0_TD5
Added Pin To Net: NetName=UP0_TD6 Pin=CN?-41
Added Net: Name=UP0_TD6
Added Pin To Net: NetName=UP0_TD7 Pin=CN?-43
Added Net: Name=UP0_TD7
Added Pin To Net: NetName=UP0_TD8 Pin=CN?-45
Added Net: Name=UP0_TD8
Added Pin To Net: NetName=UP0_TD9 Pin=CN?-47
Added Net: Name=UP0_TD9
Added Pin To Net: NetName=UP0_TX_DISABLE Pin=CN?-59
Added Pin To Net: NetName=UP0_TX_DISABLE Pin=CN?-60
Added Net: Name=UP0_TX_DISABLE
Added Pin To Net: NetName=UP0_TX_FAULT Pin=CN?-55
Added Net: Name=UP0_TX_FAULT
Added Pin To Net: NetName=UP1_DETECT Pin=CN?-54
Added Net: Name=UP1_DETECT
Added Pin To Net: NetName=UP1_ENABLE Pin=CN?-67
Added Net: Name=UP1_ENABLE
Added Pin To Net: NetName=UP1_LOOPEN Pin=CN?-70
Added Net: Name=UP1_LOOPEN
Added Pin To Net: NetName=UP1_LOS Pin=CN?-52
Added Net: Name=UP1_LOS
Added Pin To Net: NetName=UP1_PRBSEN Pin=CN?-65
Added Net: Name=UP1_PRBSEN
Added Pin To Net: NetName=UP1_RBCLK Pin=R?-2
Added Net: Name=UP1_RBCLK
Added Pin To Net: NetName=UP1_RD0 Pin=CN?-4
Added Net: Name=UP1_RD0
Added Pin To Net: NetName=UP1_RD1 Pin=CN?-6
Added Net: Name=UP1_RD1
Added Pin To Net: NetName=UP1_RD2 Pin=CN?-8
Added Net: Name=UP1_RD2
Added Pin To Net: NetName=UP1_RD3 Pin=CN?-10
Added Net: Name=UP1_RD3
Added Pin To Net: NetName=UP1_RD4 Pin=CN?-12
Added Net: Name=UP1_RD4
Added Pin To Net: NetName=UP1_RD5 Pin=CN?-16
Added Net: Name=UP1_RD5
Added Pin To Net: NetName=UP1_RD6 Pin=CN?-18
Added Net: Name=UP1_RD6
Added Pin To Net: NetName=UP1_RD7 Pin=CN?-20
Added Net: Name=UP1_RD7
Added Pin To Net: NetName=UP1_RD8 Pin=CN?-22
Added Net: Name=UP1_RD8
Added Pin To Net: NetName=UP1_RD9 Pin=CN?-24
Added Net: Name=UP1_RD9
Added Pin To Net: NetName=UP1_SCL Pin=CN?-64
Added Net: Name=UP1_SCL
Added Pin To Net: NetName=UP1_SDA Pin=CN?-62
Added Net: Name=UP1_SDA
Added Pin To Net: NetName=UP1_SYNCEN Pin=CN?-68
Added Net: Name=UP1_SYNCEN
Added Pin To Net: NetName=UP1_SYNC Pin=CN?-69
Added Net: Name=UP1_SYNC
Added Pin To Net: NetName=UP1_TD0 Pin=CN?-32
Added Net: Name=UP1_TD0
Added Pin To Net: NetName=UP1_TD1 Pin=CN?-34
Added Net: Name=UP1_TD1
Added Pin To Net: NetName=UP1_TD2 Pin=CN?-36
Added Net: Name=UP1_TD2
Added Pin To Net: NetName=UP1_TD3 Pin=CN?-38
Added Net: Name=UP1_TD3
Added Pin To Net: NetName=UP1_TD4 Pin=CN?-40
Added Net: Name=UP1_TD4
Added Pin To Net: NetName=UP1_TD5 Pin=CN?-44
Added Net: Name=UP1_TD5
Added Pin To Net: NetName=UP1_TD6 Pin=CN?-46
Added Net: Name=UP1_TD6
Added Pin To Net: NetName=UP1_TD7 Pin=CN?-48
Added Net: Name=UP1_TD7
Added Pin To Net: NetName=UP1_TD8 Pin=CN?-50
Added Net: Name=UP1_TD8
Added Pin To Net: NetName=UP1_TD9 Pin=CN?-52
Added Net: Name=UP1_TD9
Added Pin To Net: NetName=UP1_TX_DISABLE Pin=RP?_1-6
Added Net: Name=UP1_TX_DISABLE
Added Pin To Net: NetName=UP1_TX_FAULT Pin=CN?-56
Added Net: Name=UP1_TX_FAULT
Added Net: Name=VDD
Added Class: Name=0
Added Class: Name=1
Added Class: Name=2
Added Class: Name=3
Added Class: Name=4
Added Class: Name=5
Added Class: Name=6
Added Class: Name=CLKB_main
Added Class: Name=CLKB_uplink_phy_and_sfp_1221
Added Room: Name=0
Added Room: Name=1
Added Room: Name=2
Added Room: Name=3
Added Room: Name=4
Added Room: Name=5
Added Room: Name=6
Added Room: Name=CLKB_main
