Removed Pin From Net: NetName=GND Pin=CN6-26
Removed Pin From Net: NetName=UP1_TD0 Pin=CN6-28
Removed Pin From Net: NetName=UP0_RD7 Pin=RP2_up0-1
Removed Pin From Net: NetName=UP0_RD6 Pin=RP2_up0-2
Removed Pin From Net: NetName=UP0_RD5 Pin=RP2_up0-3
Removed Pin From Net: NetName=UP0_RD4 Pin=RP2_up0-4
Removed Pin From Net: NetName=NetIC23_up0_24 Pin=RP2_up0-5
Removed Pin From Net: NetName=NetIC23_up0_23 Pin=RP2_up0-6
Removed Pin From Net: NetName=NetIC23_up0_22 Pin=RP2_up0-7
Removed Pin From Net: NetName=NetIC23_up0_21 Pin=RP2_up0-8
Change Component Designator: OldDesignator=C79 NewDesignator=C132
Added Component: Designator=C79(TC3528-1411)
Added Component: Designator=C127(CC1005-0402)
Added Component: Designator=C128(CC1005-0402)
Added Component: Designator=C129(CC1005-0402)
Added Component: Designator=C130(CC1005-0402)
Added Component: Designator=C131(CC1005-0402)
Added Component: Designator=C133(TC3528-1411)
Added Component: Designator=C134(TC3528-1411)
Added Component: Designator=CN1(DSUB_MINI_9)
Added Component: Designator=IC26(SSOP16)
Added Component: Designator=L6(INDC2012-0805)
Added Component: Designator=L7(INDC2012-0805)
Added Component: Designator=L8(INDC2012-0805)
Added Component: Designator=L9(INDC2012-0805)
Added Pin To Net: NetName=+3V3_OSC Pin=C79-1
Added Pin To Net: NetName=GND Pin=C79-2
Added Pin To Net: NetName=+3V3 Pin=C127-1
Added Pin To Net: NetName=GND Pin=C127-2
Added Pin To Net: NetName=+3V3 Pin=C128-1
Added Pin To Net: NetName=GND Pin=C130-1
Added Pin To Net: NetName=+1V2 Pin=C133-1
Added Pin To Net: NetName=GND Pin=C133-2
Added Pin To Net: NetName=+1V2 Pin=C134-1
Added Pin To Net: NetName=GND Pin=C134-2
Added Pin To Net: NetName=GND Pin=CN1-5
Added Pin To Net: NetName=GND Pin=CN1-10
Added Pin To Net: NetName=GND Pin=CN1-11
Added Pin To Net: NetName=+3V3 Pin=IC6-14
Added Pin To Net: NetName=RS_TXD Pin=IC26-11
Added Pin To Net: NetName=RS_RXD Pin=IC26-12
Added Pin To Net: NetName=GND Pin=IC26-15
Added Pin To Net: NetName=+3V3 Pin=IC26-16
Added Pin To Net: NetName=UP0_RD4 Pin=RP2_up0-1
Added Pin To Net: NetName=UP0_RD5 Pin=RP2_up0-2
Added Pin To Net: NetName=UP0_RD6 Pin=RP2_up0-3
Added Pin To Net: NetName=UP0_RD7 Pin=RP2_up0-4
Added Pin To Net: NetName=NetIC23_up0_21 Pin=RP2_up0-5
Added Pin To Net: NetName=NetIC23_up0_22 Pin=RP2_up0-6
Added Pin To Net: NetName=NetIC23_up0_23 Pin=RP2_up0-7
Added Pin To Net: NetName=NetIC23_up0_24 Pin=RP2_up0-8
Added Pin To Net: NetName=NetC128_2 Pin=C128-2
Added Pin To Net: NetName=NetC128_2 Pin=IC26-2
Added Net: Name=NetC128_2
Added Pin To Net: NetName=NetC129_1 Pin=C129-1
Added Pin To Net: NetName=NetC129_1 Pin=IC26-1
Added Net: Name=NetC129_1
Added Pin To Net: NetName=NetC129_2 Pin=C129-2
Added Pin To Net: NetName=NetC129_2 Pin=IC26-3
Added Net: Name=NetC129_2
Added Pin To Net: NetName=NetC130_2 Pin=C130-2
Added Pin To Net: NetName=NetC130_2 Pin=IC26-6
Added Net: Name=NetC130_2
Added Pin To Net: NetName=NetC131_1 Pin=C131-1
Added Pin To Net: NetName=NetC131_1 Pin=IC26-4
Added Net: Name=NetC131_1
Added Pin To Net: NetName=NetC131_2 Pin=C131-2
Added Pin To Net: NetName=NetC131_2 Pin=IC26-5
Added Net: Name=NetC131_2
Added Pin To Net: NetName=NetCN1_2 Pin=CN1-2
Added Pin To Net: NetName=NetCN1_2 Pin=L8-1
Added Net: Name=NetCN1_2
Added Pin To Net: NetName=NetCN1_3 Pin=CN1-3
Added Pin To Net: NetName=NetCN1_3 Pin=L6-1
Added Net: Name=NetCN1_3
Added Pin To Net: NetName=NetCN1_7 Pin=CN1-7
Added Pin To Net: NetName=NetCN1_7 Pin=L7-1
Added Net: Name=NetCN1_7
Added Pin To Net: NetName=NetCN1_8 Pin=CN1-8
Added Pin To Net: NetName=NetCN1_8 Pin=L9-1
Added Net: Name=NetCN1_8
Added Pin To Net: NetName=NetIC26_7 Pin=IC26-7
Added Pin To Net: NetName=NetIC26_7 Pin=L7-2
Added Net: Name=NetIC26_7
Added Pin To Net: NetName=NetIC26_8 Pin=IC26-8
Added Pin To Net: NetName=NetIC26_8 Pin=L9-2
Added Net: Name=NetIC26_8
Added Pin To Net: NetName=NetIC26_13 Pin=IC26-13
Added Pin To Net: NetName=NetIC26_13 Pin=L8-2
Added Net: Name=NetIC26_13
Added Pin To Net: NetName=NetIC26_14 Pin=IC26-14
Added Pin To Net: NetName=NetIC26_14 Pin=L6-2
Added Net: Name=NetIC26_14
Added Pin To Net: NetName=RS_CTS Pin=CN6-26
Added Pin To Net: NetName=RS_CTS Pin=IC26-9
Added Net: Name=RS_CTS
Added Pin To Net: NetName=RS_RTS Pin=CN6-28
Added Pin To Net: NetName=RS_RTS Pin=IC26-10
Added Net: Name=RS_RTS
Added Class: Name=RS232
Added Member To Class: ClassName=CLK Member=Component C52 ceramic Cap
Added Member To Class: ClassName=PWR Member=Component C132 Cap Pol1
Added Member To Class: ClassName=PWR Member=Component C133 Cap Pol1
Added Member To Class: ClassName=PWR Member=Component C134 Cap Pol1
Added Room: Name=RS232
Removed Pin From Net: NetName=REFCLK2+ Pin=CN6-22
Added Pin To Net: NetName=RS_RXD Pin=CN6-22
Removed Pin From Net: NetName=REFCLK2- Pin=CN6-24
Added Pin To Net: NetName=RS_TXD Pin=CN6-24
Removed Pin From Net: NetName=UP1_TD1 Pin=CN6-30
Added Pin To Net: NetName=GND Pin=CN6-30
Removed Pin From Net: NetName=UP1_TD2 Pin=CN6-32
Added Pin To Net: NetName=UP1_TD0 Pin=CN6-32
Removed Pin From Net: NetName=UP1_TD3 Pin=CN6-34
Added Pin To Net: NetName=UP1_TD1 Pin=CN6-34
Removed Pin From Net: NetName=UP1_TD4 Pin=CN6-36
Added Pin To Net: NetName=UP1_TD2 Pin=CN6-36
Removed Pin From Net: NetName=GND Pin=CN6-38
Added Pin To Net: NetName=UP1_TD3 Pin=CN6-38
Removed Pin From Net: NetName=UP1_TD5 Pin=CN6-40
Added Pin To Net: NetName=UP1_TD4 Pin=CN6-40
Removed Pin From Net: NetName=UP1_TD6 Pin=CN6-42
Added Pin To Net: NetName=GND Pin=CN6-42
Removed Pin From Net: NetName=UP1_TD7 Pin=CN6-44
Added Pin To Net: NetName=UP1_TD5 Pin=CN6-44
Removed Pin From Net: NetName=UP1_TD8 Pin=CN6-46
Added Pin To Net: NetName=UP1_TD6 Pin=CN6-46
Removed Pin From Net: NetName=UP1_TD9 Pin=CN6-48
Added Pin To Net: NetName=UP1_TD7 Pin=CN6-48
Removed Pin From Net: NetName=RS_RXD Pin=CN6-50
Added Pin To Net: NetName=UP1_TD8 Pin=CN6-50
Removed Pin From Net: NetName=RS_TXD Pin=CN6-52
Added Pin To Net: NetName=UP1_TD9 Pin=CN6-52
