Added Component: Designator=C1(CC1005-0402)
Added Component: Designator=C2(CC1005-0402)
Added Component: Designator=C3(CC3216-1206)
Added Component: Designator=C4(CC3216-1206)
Added Component: Designator=C5(CC1005-0402)
Added Component: Designator=C6(CC3216-1206)
Added Component: Designator=C7(CC1005-0402)
Added Component: Designator=C8(CC1005-0402)
Added Component: Designator=C9(CC3216-1206)
Added Component: Designator=C10(CC3216-1206)
Added Component: Designator=C11(CC1005-0402)
Added Component: Designator=C12(CC3216-1206)
Added Component: Designator=C13(TC3216-1206)
Added Component: Designator=C14(CC1005-0402)
Added Component: Designator=C15(CC1005-0402)
Added Component: Designator=C16(CC1005-0402)
Added Component: Designator=C17(CC1005-0402)
Added Component: Designator=C18(CC1005-0402)
Added Component: Designator=C19(CC1005-0402)
Added Component: Designator=C20(CC1005-0402)
Added Component: Designator=C21(CC1005-0402)
Added Component: Designator=C22(CC1005-0402)
Added Component: Designator=C23(CC1005-0402)
Added Component: Designator=C24(CC1005-0402)
Added Component: Designator=C25(TC3216-1206)
Added Component: Designator=C26(CC1005-0402)
Added Component: Designator=C27(CC1005-0402)
Added Component: Designator=C28(CC1005-0402)
Added Component: Designator=C29(CC1005-0402)
Added Component: Designator=C30(CC1005-0402)
Added Component: Designator=C31(CC1005-0402)
Added Component: Designator=C32(CC1005-0402)
Added Component: Designator=C33(CC1005-0402)
Added Component: Designator=C34(CC1005-0402)
Added Component: Designator=C35(CC1005-0402)
Added Component: Designator=C36(CC1005-0402)
Added Component: Designator=C37(CC1005-0402)
Added Component: Designator=C38(CC1005-0402)
Added Component: Designator=C39(CC1005-0402)
Added Component: Designator=C40(CC1005-0402)
Added Component: Designator=C41(TC3216-1206)
Added Component: Designator=C42(TC3216-1206)
Added Component: Designator=C43(CC1005-0402)
Added Component: Designator=C44(CC1005-0402)
Added Component: Designator=C45(CC1005-0402)
Added Component: Designator=C46(CC1005-0402)
Added Component: Designator=C47(CC1005-0402)
Added Component: Designator=C48(CC1005-0402)
Added Component: Designator=C49(CC1005-0402)
Added Component: Designator=C50(CC1005-0402)
Added Component: Designator=C51(TC3216-1206)
Added Component: Designator=C52(CC1005-0402)
Added Component: Designator=C53(CC1005-0402)
Added Component: Designator=C54(CC1005-0402)
Added Component: Designator=C55(CC1005-0402)
Added Component: Designator=C56(CC1005-0402)
Added Component: Designator=C57(TC3216-1206)
Added Component: Designator=C58(TC3216-1206)
Added Component: Designator=C59(CC1005-0402)
Added Component: Designator=C60(CC3216-1206)
Added Component: Designator=C61(CC1005-0402)
Added Component: Designator=C62(CC1005-0402)
Added Component: Designator=C63(CC1005-0402)
Added Component: Designator=C64(CC1005-0402)
Added Component: Designator=C65(CC1005-0402)
Added Component: Designator=C66(CC1005-0402)
Added Component: Designator=C67(CC1005-0402)
Added Component: Designator=C68(CC1005-0402)
Added Component: Designator=C69(CC1005-0402)
Added Component: Designator=C70(CC1005-0402)
Added Component: Designator=C71(CC1005-0402)
Added Component: Designator=C72(CC1005-0402)
Added Component: Designator=C73(CC1005-0402)
Added Component: Designator=C74(CC1005-0402)
Added Component: Designator=C75(CC1005-0402)
Added Component: Designator=C76(CC1005-0402)
Added Component: Designator=C77(CC1005-0402)
Added Component: Designator=C78(CC1005-0402)
Added Component: Designator=C79(TC3216-1206)
Added Component: Designator=C80(TC3528-1411)
Added Component: Designator=C81(CC1005-0402)
Added Component: Designator=C82(CC1005-0402)
Added Component: Designator=C83(CC1005-0402)
Added Component: Designator=C84(CC1005-0402)
Added Component: Designator=C85(CC1005-0402)
Added Component: Designator=C86(CC1005-0402)
Added Component: Designator=C87(CC1005-0402)
Added Component: Designator=C88(CC1005-0402)
Added Component: Designator=C89(CC1005-0402)
Added Component: Designator=C90(CC1005-0402)
Added Component: Designator=C91(CC1005-0402)
Added Component: Designator=C92(CC1005-0402)
Added Component: Designator=C93(CC1005-0402)
Added Component: Designator=C94(CC1005-0402)
Added Component: Designator=C95(CC1005-0402)
Added Component: Designator=C96(CC1005-0402)
Added Component: Designator=C97(CC1005-0402)
Added Component: Designator=C98(CC1005-0402)
Added Component: Designator=C99(CC1005-0402)
Added Component: Designator=C100(CC1005-0402)
Added Component: Designator=C101(CC1005-0402)
Added Component: Designator=C102(CC1005-0402)
Added Component: Designator=C103(CC1005-0402)
Added Component: Designator=C104(CC1005-0402)
Added Component: Designator=C105(CC1005-0402)
Added Component: Designator=C106_0(CC1005-0402)
Added Component: Designator=C106_1(CC1005-0402)
Added Component: Designator=C107_0(CC3216-1206)
Added Component: Designator=C107_1(CC3216-1206)
Added Component: Designator=C108_0(CC1005-0402)
Added Component: Designator=C108_1(CC1005-0402)
Added Component: Designator=C109_0(CC1005-0402)
Added Component: Designator=C109_1(CC1005-0402)
Added Component: Designator=C110_0(CC1005-0402)
Added Component: Designator=C110_1(CC1005-0402)
Added Component: Designator=C111_0(CC1005-0402)
Added Component: Designator=C111_1(CC1005-0402)
Added Component: Designator=C112_0(TC3216-1206)
Added Component: Designator=C112_1(TC3216-1206)
Added Component: Designator=C113_0(CC1005-0402)
Added Component: Designator=C113_1(CC1005-0402)
Added Component: Designator=C114_0(CC3216-1206)
Added Component: Designator=C114_1(CC3216-1206)
Added Component: Designator=C115_0(CC1005-0402)
Added Component: Designator=C115_1(CC1005-0402)
Added Component: Designator=C116_0(CC1005-0402)
Added Component: Designator=C116_1(CC1005-0402)
Added Component: Designator=C117_0(CC1005-0402)
Added Component: Designator=C117_1(CC1005-0402)
Added Component: Designator=C118_0(CC1005-0402)
Added Component: Designator=C118_1(CC1005-0402)
Added Component: Designator=C119_0(CC1005-0402)
Added Component: Designator=C119_1(CC1005-0402)
Added Component: Designator=C120_0(CC1005-0402)
Added Component: Designator=C120_1(CC1005-0402)
Added Component: Designator=C121_0(CC1005-0402)
Added Component: Designator=C121_1(CC1005-0402)
Added Component: Designator=C122_0(CC1005-0402)
Added Component: Designator=C122_1(CC1005-0402)
Added Component: Designator=C123_0(CC1005-0402)
Added Component: Designator=C123_1(CC1005-0402)
Added Component: Designator=C124_0(CC1005-0402)
Added Component: Designator=C124_1(CC1005-0402)
Added Component: Designator=C125_0(CC1005-0402)
Added Component: Designator=C125_1(CC1005-0402)
Added Component: Designator=CN6(JAE_KX15_70p)
Added Component: Designator=CN7(JAE_KX15_70p)
Added Component: Designator=D6(CD1608-0603)
Added Component: Designator=IC1(SOT23A-6L)
Added Component: Designator=IC3(SOT23A-6L)
Added Component: Designator=IC5(EQFP144_N)
Added Component: Designator=IC7(SOT23-5AL)
Added Component: Designator=IC8(SOP65P640-16L)
Added Component: Designator=IC9(SO-G8/P1.53)
Added Component: Designator=IC10(MLF24)
Added Component: Designator=IC11(TSOP65P490-8AN)
Added Component: Designator=IC12(MLF44)
Added Component: Designator=IC13(TSOP65P490-8AN)
Added Component: Designator=IC14(VS-705)
Added Component: Designator=IC15(TSOP65P490-8AN)
Added Component: Designator=IC16(MLF24)
Added Component: Designator=IC17(TSOP65P490-8AN)
Added Component: Designator=IC18(VS-705)
Added Component: Designator=IC19(SOT223-4L)
Added Component: Designator=IC20(SOT223-6L)
Added Component: Designator=IC21(SOT223-4L)
Added Component: Designator=IC22_0(SOT23-5AL)
Added Component: Designator=IC22_1(SOT23-5AL)
Added Component: Designator=IC23_0(QFN40_powerpad)
Added Component: Designator=IC23_1(QFN40_powerpad)
Added Component: Designator=IC24_0(TSOP65P490-8AN)
Added Component: Designator=IC24_1(TSOP65P490-8AN)
Added Component: Designator=IC?(EQFP144_N)
Added Component: Designator=IC?(EQFP144_N)
Added Component: Designator=L1(INDC2012-0805)
Added Component: Designator=L2(INDC2012-0805)
Added Component: Designator=L3_0(INDC2012-0805)
Added Component: Designator=L3_1(INDC2012-0805)
Added Component: Designator=L4_0(INDC2012-0805)
Added Component: Designator=L4_1(INDC2012-0805)
Added Component: Designator=L5_0(INDC2012-0805)
Added Component: Designator=L5_1(INDC2012-0805)
Added Component: Designator=R1(CR1005-0402)
Added Component: Designator=R2(CR1005-0402)
Added Component: Designator=R3(CR1005-0402)
Added Component: Designator=R4(CR1005-0402)
Added Component: Designator=R5(CR1005-0402)
Added Component: Designator=R6(CR1005-0402)
Added Component: Designator=R7(CR1005-0402)
Added Component: Designator=R8(CR1005-0402)
Added Component: Designator=R9(CR1005-0402)
Added Component: Designator=R10(CR1005-0402)
Added Component: Designator=R11(CR1005-0402)
Added Component: Designator=R12(CR1005-0402)
Added Component: Designator=R13(CR1005-0402)
Added Component: Designator=R14(CR1005-0402)
Added Component: Designator=R15(CR1005-0402)
Added Component: Designator=R16(CR1005-0402)
Added Component: Designator=R17(CR1005-0402)
Added Component: Designator=R18(CR1005-0402)
Added Component: Designator=R19(CR1005-0402)
Added Component: Designator=R20(CR1005-0402)
Added Component: Designator=R21(CR1005-0402)
Added Component: Designator=R22(CR1005-0402)
Added Component: Designator=R23(CR1005-0402)
Added Component: Designator=R24(CR1005-0402)
Added Component: Designator=R25(CR1005-0402)
Added Component: Designator=R26(CR1005-0402)
Added Component: Designator=R27(CR1005-0402)
Added Component: Designator=R28(CR2012-0805)
Added Component: Designator=R29(CR1005-0402)
Added Component: Designator=R30(CR2012-0805)
Added Component: Designator=R31(CR2012-0805)
Added Component: Designator=R32(CR1005-0402)
Added Component: Designator=R33(CR1005-0402)
Added Component: Designator=R34(CR1005-0402)
Added Component: Designator=R35(CR1005-0402)
Added Component: Designator=R36(CR1005-0402)
Added Component: Designator=R37(CR1005-0402)
Added Component: Designator=R38(CR1005-0402)
Added Component: Designator=R39(CR1005-0402)
Added Component: Designator=R40(CR1005-0402)
Added Component: Designator=R41(CR1005-0402)
Added Component: Designator=R42(CR2012-0805)
Added Component: Designator=R43(CR2012-0805)
Added Component: Designator=R44(CR1005-0402)
Added Component: Designator=R45(CR1005-0402)
Added Component: Designator=R46(CR1005-0402)
Added Component: Designator=R47(CR2012-0805)
Added Component: Designator=R48(CR1005-0402)
Added Component: Designator=R49(CR1005-0402)
Added Component: Designator=R50(CR1005-0402)
Added Component: Designator=R51(CR1005-0402)
Added Component: Designator=R52(CR1005-0402)
Added Component: Designator=R53(CR1005-0402)
Added Component: Designator=R54(CR1005-0402)
Added Component: Designator=R55(CR1005-0402)
Added Component: Designator=R56(CR1005-0402)
Added Component: Designator=R57(CR1005-0402)
Added Component: Designator=R58_0(CC1608-0603)
Added Component: Designator=R58_1(CC1608-0603)
Added Component: Designator=R59_0(CR1005-0402)
Added Component: Designator=R59_1(CR1005-0402)
Added Component: Designator=R60_0(CC1608-0603)
Added Component: Designator=R60_1(CC1608-0603)
Added Component: Designator=R61_0(CR1005-0402)
Added Component: Designator=R61_1(CR1005-0402)
Added Component: Designator=R62_0(CC1608-0603)
Added Component: Designator=R62_1(CC1608-0603)
Added Component: Designator=R63_0(CC1608-0603)
Added Component: Designator=R63_1(CC1608-0603)
Added Component: Designator=R64_0(CC1608-0603)
Added Component: Designator=R64_1(CC1608-0603)
Added Component: Designator=R65_0(CC1608-0603)
Added Component: Designator=R65_1(CC1608-0603)
Added Component: Designator=R66_0(CR1005-0402)
Added Component: Designator=R66_1(CR1005-0402)
Added Component: Designator=R67_0(CR1005-0402)
Added Component: Designator=R67_1(CR1005-0402)
Added Component: Designator=R68_0(CR1005-0402)
Added Component: Designator=R68_1(CR1005-0402)
Added Component: Designator=R69_0(CR1005-0402)
Added Component: Designator=R69_1(CR1005-0402)
Added Component: Designator=R70_0(CR1005-0402)
Added Component: Designator=R70_1(CR1005-0402)
Added Component: Designator=R71_0(CR1005-0402)
Added Component: Designator=R71_1(CR1005-0402)
Added Component: Designator=R72_0(CR1608-0603)
Added Component: Designator=R72_1(CR1608-0603)
Added Component: Designator=RP1_0(YC124)
Added Component: Designator=RP1_1(YC124)
Added Component: Designator=RP2_0(YC124)
Added Component: Designator=RP2_1(YC124)
Added Component: Designator=RP3_0(YC124)
Added Component: Designator=RP3_1(YC124)
Added Component: Designator=RP4_0(YC124)
Added Component: Designator=RP4_1(YC124)
Added Component: Designator=RP5_0(YC124)
Added Component: Designator=RP5_1(YC124)
Added Component: Designator=X1_0(SFP_SINGLE_PORT)
Added Component: Designator=X1_1(SFP_SINGLE_PORT)
Added Pin To Net: NetName=+3V3 Pin=C1-1
Added Pin To Net: NetName=GND Pin=C1-2
Added Pin To Net: NetName=+3V3 Pin=C2-1
Added Pin To Net: NetName=GND Pin=C2-2
Added Pin To Net: NetName=GND Pin=C4-1
Added Pin To Net: NetName=GND Pin=C5-1
Added Pin To Net: NetName=GND Pin=C6-1
Added Pin To Net: NetName=+3V3 Pin=C7-1
Added Pin To Net: NetName=GND Pin=C7-2
Added Pin To Net: NetName=+3V3 Pin=C8-1
Added Pin To Net: NetName=GND Pin=C8-2
Added Pin To Net: NetName=GND Pin=C10-1
Added Pin To Net: NetName=GND Pin=C11-1
Added Pin To Net: NetName=GND Pin=C12-1
Added Pin To Net: NetName=GND Pin=C13-2
Added Pin To Net: NetName=GND Pin=C14-1
Added Pin To Net: NetName=GND Pin=C15-1
Added Pin To Net: NetName=+3V3 Pin=C15-2
Added Pin To Net: NetName=GND Pin=C16-1
Added Pin To Net: NetName=+3V3 Pin=C16-2
Added Pin To Net: NetName=GND Pin=C20-1
Added Pin To Net: NetName=GND Pin=C21-1
Added Pin To Net: NetName=+3V3 Pin=C22-1
Added Pin To Net: NetName=GND Pin=C22-2
Added Pin To Net: NetName=GND Pin=C23-1
Added Pin To Net: NetName=EXT_VBB Pin=C23-2
Added Pin To Net: NetName=GND Pin=C24-1
Added Pin To Net: NetName=GND Pin=C25-2
Added Pin To Net: NetName=+2V5 Pin=C29-1
Added Pin To Net: NetName=+2V5 Pin=C30-1
Added Pin To Net: NetName=GND Pin=C31-1
Added Pin To Net: NetName=GND Pin=C32-1
Added Pin To Net: NetName=GND Pin=C33-1
Added Pin To Net: NetName=GND Pin=C34-1
Added Pin To Net: NetName=GND Pin=C35-1
Added Pin To Net: NetName=GND Pin=C36-1
Added Pin To Net: NetName=+3V3_OSC Pin=C36-2
Added Pin To Net: NetName=+2V5 Pin=C39-1
Added Pin To Net: NetName=GND Pin=C40-1
Added Pin To Net: NetName=GND Pin=C41-2
Added Pin To Net: NetName=GND Pin=C42-2
Added Pin To Net: NetName=GND Pin=C43-2
Added Pin To Net: NetName=GND Pin=C45-1
Added Pin To Net: NetName=GND Pin=C46-1
Added Pin To Net: NetName=GND Pin=C48-1
Added Pin To Net: NetName=+3V3_OSC Pin=C48-2
Added Pin To Net: NetName=+2V5 Pin=C49-1
Added Pin To Net: NetName=GND Pin=C50-1
Added Pin To Net: NetName=GND Pin=C51-2
Added Pin To Net: NetName=GND Pin=C52-1
Added Pin To Net: NetName=+3V3 Pin=C52-2
Added Pin To Net: NetName=GND Pin=C53-1
Added Pin To Net: NetName=+3V3 Pin=C53-2
Added Pin To Net: NetName=GND Pin=C54-1
Added Pin To Net: NetName=+3V3 Pin=C54-2
Added Pin To Net: NetName=GND Pin=C55-1
Added Pin To Net: NetName=+3V3 Pin=C55-2
Added Pin To Net: NetName=GND Pin=C56-1
Added Pin To Net: NetName=+3V3 Pin=C56-2
Added Pin To Net: NetName=+12V_BULK Pin=C57-1
Added Pin To Net: NetName=GND Pin=C57-2
Added Pin To Net: NetName=+5V Pin=C58-1
Added Pin To Net: NetName=GND Pin=C58-2
Added Pin To Net: NetName=GND Pin=C59-1
Added Pin To Net: NetName=+5V Pin=C59-2
Added Pin To Net: NetName=GND Pin=C60-1
Added Pin To Net: NetName=+3V3_OSC Pin=C60-2
Added Pin To Net: NetName=GND Pin=C61-1
Added Pin To Net: NetName=+2V5 Pin=C61-2
Added Pin To Net: NetName=+2V5 Pin=C62-1
Added Pin To Net: NetName=GND Pin=C62-2
Added Pin To Net: NetName=GND Pin=C63-1
Added Pin To Net: NetName=+2V5 Pin=C63-2
Added Pin To Net: NetName=+2V5 Pin=C64-1
Added Pin To Net: NetName=GND Pin=C64-2
Added Pin To Net: NetName=GND Pin=C65-1
Added Pin To Net: NetName=+2V5 Pin=C65-2
Added Pin To Net: NetName=+2V5 Pin=C66-1
Added Pin To Net: NetName=GND Pin=C66-2
Added Pin To Net: NetName=GND Pin=C67-1
Added Pin To Net: NetName=+2V5 Pin=C67-2
Added Pin To Net: NetName=+2V5 Pin=C68-1
Added Pin To Net: NetName=GND Pin=C68-2
Added Pin To Net: NetName=GND Pin=C69-1
Added Pin To Net: NetName=+2V5 Pin=C69-2
Added Pin To Net: NetName=+2V5 Pin=C70-1
Added Pin To Net: NetName=GND Pin=C70-2
Added Pin To Net: NetName=GND Pin=C71-1
Added Pin To Net: NetName=+5V Pin=C71-2
Added Pin To Net: NetName=GND Pin=C72-1
Added Pin To Net: NetName=+3V3_OSC Pin=C72-2
Added Pin To Net: NetName=GND Pin=C73-1
Added Pin To Net: NetName=+2V5 Pin=C73-2
Added Pin To Net: NetName=+2V5 Pin=C74-1
Added Pin To Net: NetName=GND Pin=C74-2
Added Pin To Net: NetName=GND Pin=C75-1
Added Pin To Net: NetName=GND Pin=C76-1
Added Pin To Net: NetName=+2V5 Pin=C76-2
Added Pin To Net: NetName=GND Pin=C77-1
Added Pin To Net: NetName=+2V5 Pin=C77-2
Added Pin To Net: NetName=GND Pin=C78-1
Added Pin To Net: NetName=+2V5 Pin=C78-2
Added Pin To Net: NetName=+2V5 Pin=C79-1
Added Pin To Net: NetName=GND Pin=C79-2
Added Pin To Net: NetName=+1V2 Pin=C80-1
Added Pin To Net: NetName=GND Pin=C80-2
Added Pin To Net: NetName=GND Pin=C81-1
Added Pin To Net: NetName=+1V2 Pin=C81-2
Added Pin To Net: NetName=GND Pin=C82-1
Added Pin To Net: NetName=+1V2 Pin=C82-2
Added Pin To Net: NetName=+1V2 Pin=C83-1
Added Pin To Net: NetName=GND Pin=C83-2
Added Pin To Net: NetName=GND Pin=C84-1
Added Pin To Net: NetName=+2V5 Pin=C84-2
Added Pin To Net: NetName=+3V3 Pin=C85-1
Added Pin To Net: NetName=GND Pin=C85-2
Added Pin To Net: NetName=GND Pin=C86-1
Added Pin To Net: NetName=+1V2 Pin=C86-2
Added Pin To Net: NetName=+1V2 Pin=C87-1
Added Pin To Net: NetName=GND Pin=C87-2
Added Pin To Net: NetName=GND Pin=C88-1
Added Pin To Net: NetName=+2V5 Pin=C88-2
Added Pin To Net: NetName=+3V3 Pin=C89-1
Added Pin To Net: NetName=GND Pin=C89-2
Added Pin To Net: NetName=GND Pin=C90-1
Added Pin To Net: NetName=+1V2 Pin=C90-2
Added Pin To Net: NetName=+1V2 Pin=C91-1
Added Pin To Net: NetName=GND Pin=C91-2
Added Pin To Net: NetName=GND Pin=C92-1
Added Pin To Net: NetName=+2V5 Pin=C92-2
Added Pin To Net: NetName=GND Pin=C93-1
Added Pin To Net: NetName=+1V2 Pin=C93-2
Added Pin To Net: NetName=+1V2 Pin=C94-1
Added Pin To Net: NetName=GND Pin=C94-2
Added Pin To Net: NetName=GND Pin=C95-1
Added Pin To Net: NetName=+2V5 Pin=C95-2
Added Pin To Net: NetName=GND Pin=C96-1
Added Pin To Net: NetName=+2V5 Pin=C96-2
Added Pin To Net: NetName=GND Pin=C97-1
Added Pin To Net: NetName=+2V5 Pin=C97-2
Added Pin To Net: NetName=GND Pin=C98-1
Added Pin To Net: NetName=+2V5 Pin=C98-2
Added Pin To Net: NetName=GND Pin=C99-1
Added Pin To Net: NetName=+2V5 Pin=C99-2
Added Pin To Net: NetName=+3V3 Pin=C100-1
Added Pin To Net: NetName=GND Pin=C100-2
Added Pin To Net: NetName=+1V2 Pin=C101-1
Added Pin To Net: NetName=GND Pin=C101-2
Added Pin To Net: NetName=+1V2 Pin=C102-1
Added Pin To Net: NetName=GND Pin=C102-2
Added Pin To Net: NetName=+1V2 Pin=C103-1
Added Pin To Net: NetName=GND Pin=C103-2
Added Pin To Net: NetName=+1V2 Pin=C104-1
Added Pin To Net: NetName=GND Pin=C104-2
Added Pin To Net: NetName=+3V3 Pin=C105-1
Added Pin To Net: NetName=GND Pin=C105-2
Added Pin To Net: NetName=GND Pin=C106_0-2
Added Pin To Net: NetName=GND Pin=C106_1-2
Added Pin To Net: NetName=GND Pin=C107_0-2
Added Pin To Net: NetName=GND Pin=C107_1-2
Added Pin To Net: NetName=GND Pin=C110_0-1
Added Pin To Net: NetName=GND Pin=C110_1-1
Added Pin To Net: NetName=GND Pin=C111_0-1
Added Pin To Net: NetName=+3V3 Pin=C111_0-2
Added Pin To Net: NetName=GND Pin=C111_1-1
Added Pin To Net: NetName=+3V3 Pin=C111_1-2
Added Pin To Net: NetName=+3V3 Pin=C112_0-1
Added Pin To Net: NetName=GND Pin=C112_0-2
Added Pin To Net: NetName=+3V3 Pin=C112_1-1
Added Pin To Net: NetName=GND Pin=C112_1-2
Added Pin To Net: NetName=GND Pin=C114_0-1
Added Pin To Net: NetName=GND Pin=C114_1-1
Added Pin To Net: NetName=GND Pin=C116_0-1
Added Pin To Net: NetName=+3V3 Pin=C116_0-2
Added Pin To Net: NetName=GND Pin=C116_1-1
Added Pin To Net: NetName=+3V3 Pin=C116_1-2
Added Pin To Net: NetName=GND Pin=C117_0-1
Added Pin To Net: NetName=+2V5 Pin=C117_0-2
Added Pin To Net: NetName=GND Pin=C117_1-1
Added Pin To Net: NetName=+2V5 Pin=C117_1-2
Added Pin To Net: NetName=GND Pin=C118_0-1
Added Pin To Net: NetName=+2V5 Pin=C118_0-2
Added Pin To Net: NetName=GND Pin=C118_1-1
Added Pin To Net: NetName=+2V5 Pin=C118_1-2
Added Pin To Net: NetName=GND Pin=C119_0-1
Added Pin To Net: NetName=+2V5 Pin=C119_0-2
Added Pin To Net: NetName=GND Pin=C119_1-1
Added Pin To Net: NetName=+2V5 Pin=C119_1-2
Added Pin To Net: NetName=GND Pin=C120_0-1
Added Pin To Net: NetName=+2V5 Pin=C120_0-2
Added Pin To Net: NetName=GND Pin=C120_1-1
Added Pin To Net: NetName=+2V5 Pin=C120_1-2
Added Pin To Net: NetName=GND Pin=C121_0-1
Added Pin To Net: NetName=+2V5 Pin=C121_0-2
Added Pin To Net: NetName=GND Pin=C121_1-1
Added Pin To Net: NetName=+2V5 Pin=C121_1-2
Added Pin To Net: NetName=GND Pin=C122_0-1
Added Pin To Net: NetName=+2V5 Pin=C122_0-2
Added Pin To Net: NetName=GND Pin=C122_1-1
Added Pin To Net: NetName=+2V5 Pin=C122_1-2
Added Pin To Net: NetName=GND Pin=C123_0-1
Added Pin To Net: NetName=+2V5 Pin=C123_0-2
Added Pin To Net: NetName=GND Pin=C123_1-1
Added Pin To Net: NetName=+2V5 Pin=C123_1-2
Added Pin To Net: NetName=GND Pin=C124_0-1
Added Pin To Net: NetName=GND Pin=C124_1-1
Added Pin To Net: NetName=GND Pin=C125_0-1
Added Pin To Net: NetName=GND Pin=C125_1-1
Added Pin To Net: NetName=+12V_BULK Pin=CN6-1
Added Pin To Net: NetName=+12V_BULK Pin=CN6-2
Added Pin To Net: NetName=+12V_BULK Pin=CN6-3
Added Pin To Net: NetName=+12V_BULK Pin=CN6-4
Added Pin To Net: NetName=+3V3 Pin=CN6-5
Added Pin To Net: NetName=+3V3 Pin=CN6-6
Added Pin To Net: NetName=+3V3 Pin=CN6-7
Added Pin To Net: NetName=+3V3 Pin=CN6-8
Added Pin To Net: NetName=+2V5 Pin=CN6-9
Added Pin To Net: NetName=+2V5 Pin=CN6-10
Added Pin To Net: NetName=+2V5 Pin=CN6-11
Added Pin To Net: NetName=+2V5 Pin=CN6-12
Added Pin To Net: NetName=GND Pin=CN6-13
Added Pin To Net: NetName=GND Pin=CN6-14
Added Pin To Net: NetName=GND Pin=CN6-16
Added Pin To Net: NetName=GND Pin=CN6-19
Added Pin To Net: NetName=GND Pin=CN6-22
Added Pin To Net: NetName=GND Pin=CN6-25
Added Pin To Net: NetName=GND Pin=CN6-28
Added Pin To Net: NetName=GND Pin=CN6-30
Added Pin To Net: NetName=GND Pin=CN6-37
Added Pin To Net: NetName=GND Pin=CN6-42
Added Pin To Net: NetName=GND Pin=CN6-49
Added Pin To Net: NetName=GND Pin=CN6-54
Added Pin To Net: NetName=GND Pin=CN6-57
Added Pin To Net: NetName=GND Pin=CN6-65
Added Pin To Net: NetName=GND Pin=CN6-66
Added Pin To Net: NetName=GND Pin=CN6-69
Added Pin To Net: NetName=GND Pin=CN6-70
Added Pin To Net: NetName=GND Pin=CN7-1
Added Pin To Net: NetName=GND Pin=CN7-2
Added Pin To Net: NetName=GND Pin=CN7-5
Added Pin To Net: NetName=GND Pin=CN7-14
Added Pin To Net: NetName=GND Pin=CN7-15
Added Pin To Net: NetName=GND Pin=CN7-25
Added Pin To Net: NetName=GND Pin=CN7-26
Added Pin To Net: NetName=GND Pin=CN7-35
Added Pin To Net: NetName=GND Pin=CN7-38
Added Pin To Net: NetName=JTAG_TRSTN Pin=CN7-45
Added Pin To Net: NetName=GND Pin=CN7-47
Added Pin To Net: NetName=GND Pin=CN7-50
Added Pin To Net: NetName=GND Pin=CN7-57
Added Pin To Net: NetName=GND Pin=CN7-58
Added Pin To Net: NetName=GND Pin=CN7-63
Added Pin To Net: NetName=GND Pin=CN7-66
Added Pin To Net: NetName=+3V3 Pin=D6-1
Added Pin To Net: NetName=+3V3 Pin=IC1-1
Added Pin To Net: NetName=GND Pin=IC1-2
Added Pin To Net: NetName=PDADC0_SCLK Pin=IC1-4
Added Pin To Net: NetName=PDADC0_SDO Pin=IC1-5
Added Pin To Net: NetName=PDADC0_CS Pin=IC1-6
Added Pin To Net: NetName=+3V3 Pin=IC3-1
Added Pin To Net: NetName=GND Pin=IC3-2
Added Pin To Net: NetName=PDADC1_SCLK Pin=IC3-4
Added Pin To Net: NetName=PDADC1_SDO Pin=IC3-5
Added Pin To Net: NetName=PDADC1_CS Pin=IC3-6
Added Pin To Net: NetName=REFCLK_VCSO_SEL Pin=IC5-1
Added Pin To Net: NetName=REFCLK_EXT_SEL Pin=IC5-2
Added Pin To Net: NetName=UP0_SYNC Pin=IC5-4
Added Pin To Net: NetName=UP1_SYNC Pin=IC5-6
Added Pin To Net: NetName=NSTATUS Pin=IC5-9
Added Pin To Net: NetName=DCLK Pin=IC5-12
Added Pin To Net: NetName=FPGA_CONF_D0 Pin=IC5-13
Added Pin To Net: NetName=JTAG_TDI Pin=IC5-15
Added Pin To Net: NetName=JTAG_TCK Pin=IC5-16
Added Pin To Net: NetName=JTAG_TMS Pin=IC5-18
Added Pin To Net: NetName=GND Pin=IC5-21
Added Pin To Net: NetName=REFCLK_FB+ Pin=IC5-22
Added Pin To Net: NetName=REFCLK_FB- Pin=IC5-23
Added Pin To Net: NetName=DMTDCLK+ Pin=IC5-24
Added Pin To Net: NetName=DMTDCLK- Pin=IC5-25
Added Pin To Net: NetName=CMI_PIO3 Pin=IC5-54
Added Pin To Net: NetName=CMI_PIO2 Pin=IC5-55
Added Pin To Net: NetName=CMI_PIO1 Pin=IC5-58
Added Pin To Net: NetName=CMI_PIO0 Pin=IC5-59
Added Pin To Net: NetName=CMI_CLKSRC1 Pin=IC5-60
Added Pin To Net: NetName=CMI_CLKSRC0 Pin=IC5-64
Added Pin To Net: NetName=CMI_IRQ1 Pin=IC5-65
Added Pin To Net: NetName=CMI_IRQ0 Pin=IC5-66
Added Pin To Net: NetName=CMI_SPI_CS Pin=IC5-68
Added Pin To Net: NetName=CMI_SPI_SDOUT Pin=IC5-69
Added Pin To Net: NetName=CMI_SPI_SDIN Pin=IC5-70
Added Pin To Net: NetName=CMI_SPI_SCLK Pin=IC5-71
Added Pin To Net: NetName=REFCLK_EXT- Pin=IC5-88
Added Pin To Net: NetName=REFCLK_EXT+ Pin=IC5-89
Added Pin To Net: NetName=UP1_RBCLK Pin=IC5-90
Added Pin To Net: NetName=UP0_RBCLK Pin=IC5-91
Added Pin To Net: NetName=CONF_DONE Pin=IC5-92
Added Pin To Net: NetName=GND Pin=IC5-94
Added Pin To Net: NetName=GND Pin=IC5-96
Added Pin To Net: NetName=UP0_LOS Pin=IC5-128
Added Pin To Net: NetName=UP1_LOS Pin=IC5-129
Added Pin To Net: NetName=EXTCLK_PLL_ENABLE Pin=IC5-136
Added Pin To Net: NetName=DAC_REF_SYNC Pin=IC5-137
Added Pin To Net: NetName=DAC_REF_SCLK Pin=IC5-138
Added Pin To Net: NetName=DAC_REF_DIN Pin=IC5-141
Added Pin To Net: NetName=DAC_DMTD_SYNC Pin=IC5-142
Added Pin To Net: NetName=DAC_DMTD_SCLK Pin=IC5-143
Added Pin To Net: NetName=DAC_DMTD_DIN Pin=IC5-144
Added Pin To Net: NetName=GND Pin=IC7-2
Added Pin To Net: NetName=+3V3 Pin=IC7-5
Added Pin To Net: NetName=+3V3 Pin=IC8-1
Added Pin To Net: NetName=+3V3 Pin=IC8-7
Added Pin To Net: NetName=GND Pin=IC8-8
Added Pin To Net: NetName=GND Pin=IC8-9
Added Pin To Net: NetName=+3V3 Pin=IC8-11
Added Pin To Net: NetName=GND Pin=IC8-12
Added Pin To Net: NetName=+3V3 Pin=IC8-15
Added Pin To Net: NetName=GND Pin=IC8-16
Added Pin To Net: NetName=EXT_VBB Pin=IC9-3
Added Pin To Net: NetName=GND Pin=IC9-4
Added Pin To Net: NetName=+3V3 Pin=IC9-7
Added Pin To Net: NetName=+2V5 Pin=IC10-1
Added Pin To Net: NetName=+2V5 Pin=IC10-6
Added Pin To Net: NetName=REFCLK_EXT_FB+ Pin=IC10-7
Added Pin To Net: NetName=REFCLK_EXT_FB- Pin=IC10-8
Added Pin To Net: NetName=+2V5 Pin=IC10-9
Added Pin To Net: NetName=+2V5 Pin=IC10-10
Added Pin To Net: NetName=+2V5 Pin=IC10-13
Added Pin To Net: NetName=GND Pin=IC10-14
Added Pin To Net: NetName=GND Pin=IC10-17
Added Pin To Net: NetName=GND Pin=IC10-18
Added Pin To Net: NetName=+2V5 Pin=IC10-19
Added Pin To Net: NetName=+2V5 Pin=IC10-24
Added Pin To Net: NetName=GND Pin=IC10-PAD
Added Pin To Net: NetName=GND Pin=IC10-PAD
Added Pin To Net: NetName=GND Pin=IC10-PAD
Added Pin To Net: NetName=GND Pin=IC10-PAD
Added Pin To Net: NetName=GND Pin=IC10-PAD
Added Pin To Net: NetName=EXT_VBB Pin=IC11-4
Added Pin To Net: NetName=GND Pin=IC11-5
Added Pin To Net: NetName=+3V3 Pin=IC11-8
Added Pin To Net: NetName=GND Pin=IC12-1
Added Pin To Net: NetName=GND Pin=IC12-6
Added Pin To Net: NetName=GND Pin=IC12-11
Added Pin To Net: NetName=+2V5 Pin=IC12-12
Added Pin To Net: NetName=+2V5 Pin=IC12-13
Added Pin To Net: NetName=+2V5 Pin=IC12-14
Added Pin To Net: NetName=+2V5 Pin=IC12-15
Added Pin To Net: NetName=REFCLK2- Pin=IC12-16
Added Pin To Net: NetName=REFCLK2+ Pin=IC12-17
Added Pin To Net: NetName=REFCLK1- Pin=IC12-18
Added Pin To Net: NetName=REFCLK1+ Pin=IC12-19
Added Pin To Net: NetName=+2V5 Pin=IC12-22
Added Pin To Net: NetName=+2V5 Pin=IC12-23
Added Pin To Net: NetName=+2V5 Pin=IC12-28
Added Pin To Net: NetName=REFCLK_UP1- Pin=IC12-31
Added Pin To Net: NetName=REFCLK_UP1+ Pin=IC12-32
Added Pin To Net: NetName=+2V5 Pin=IC12-33
Added Pin To Net: NetName=+2V5 Pin=IC12-34
Added Pin To Net: NetName=REFCLK_UP0- Pin=IC12-35
Added Pin To Net: NetName=REFCLK_UP0+ Pin=IC12-36
Added Pin To Net: NetName=REFCLK_MAIN- Pin=IC12-39
Added Pin To Net: NetName=REFCLK_MAIN+ Pin=IC12-40
Added Pin To Net: NetName=+2V5 Pin=IC12-41
Added Pin To Net: NetName=+2V5 Pin=IC12-43
Added Pin To Net: NetName=+2V5 Pin=IC12-44
Added Pin To Net: NetName=GND Pin=IC12-PAD
Added Pin To Net: NetName=GND Pin=IC12-PAD
Added Pin To Net: NetName=GND Pin=IC12-PAD
Added Pin To Net: NetName=GND Pin=IC12-PAD
Added Pin To Net: NetName=GND Pin=IC12-PAD
Added Pin To Net: NetName=GND Pin=IC12-PAD
Added Pin To Net: NetName=GND Pin=IC12-PAD
Added Pin To Net: NetName=GND Pin=IC12-PAD
Added Pin To Net: NetName=GND Pin=IC12-PAD
Added Pin To Net: NetName=+3V3_OSC Pin=IC13-1
Added Pin To Net: NetName=GND Pin=IC13-8
Added Pin To Net: NetName=GND Pin=IC14-2
Added Pin To Net: NetName=GND Pin=IC14-3
Added Pin To Net: NetName=GND Pin=IC15-5
Added Pin To Net: NetName=+3V3 Pin=IC15-8
Added Pin To Net: NetName=+2V5 Pin=IC16-1
Added Pin To Net: NetName=+2V5 Pin=IC16-6
Added Pin To Net: NetName=+2V5 Pin=IC16-9
Added Pin To Net: NetName=+2V5 Pin=IC16-10
Added Pin To Net: NetName=DMTDCLK_MAIN+ Pin=IC16-11
Added Pin To Net: NetName=DMTDCLK_MAIN- Pin=IC16-12
Added Pin To Net: NetName=+2V5 Pin=IC16-13
Added Pin To Net: NetName=GND Pin=IC16-14
Added Pin To Net: NetName=GND Pin=IC16-15
Added Pin To Net: NetName=GND Pin=IC16-17
Added Pin To Net: NetName=GND Pin=IC16-18
Added Pin To Net: NetName=+2V5 Pin=IC16-19
Added Pin To Net: NetName=+2V5 Pin=IC16-24
Added Pin To Net: NetName=GND Pin=IC16-PAD
Added Pin To Net: NetName=GND Pin=IC16-PAD
Added Pin To Net: NetName=GND Pin=IC16-PAD
Added Pin To Net: NetName=GND Pin=IC16-PAD
Added Pin To Net: NetName=GND Pin=IC16-PAD
Added Pin To Net: NetName=+3V3_OSC Pin=IC17-1
Added Pin To Net: NetName=GND Pin=IC17-8
Added Pin To Net: NetName=GND Pin=IC18-2
Added Pin To Net: NetName=GND Pin=IC18-3
Added Pin To Net: NetName=GND Pin=IC19-1
Added Pin To Net: NetName=+5V Pin=IC19-2
Added Pin To Net: NetName=+12V_BULK Pin=IC19-3
Added Pin To Net: NetName=+5V Pin=IC19-4
Added Pin To Net: NetName=+5V Pin=IC20-1
Added Pin To Net: NetName=+5V Pin=IC20-2
Added Pin To Net: NetName=GND Pin=IC20-3
Added Pin To Net: NetName=+3V3_OSC Pin=IC20-4
Added Pin To Net: NetName=GND Pin=IC20-6
Added Pin To Net: NetName=GND Pin=IC21-1
Added Pin To Net: NetName=+1V2 Pin=IC21-2
Added Pin To Net: NetName=+2V5 Pin=IC21-3
Added Pin To Net: NetName=+1V2 Pin=IC21-4
Added Pin To Net: NetName=GND Pin=IC22_0-1
Added Pin To Net: NetName=GND Pin=IC22_0-3
Added Pin To Net: NetName=+2V5 Pin=IC22_0-5
Added Pin To Net: NetName=GND Pin=IC22_1-1
Added Pin To Net: NetName=GND Pin=IC22_1-3
Added Pin To Net: NetName=+2V5 Pin=IC22_1-5
Added Pin To Net: NetName=UP0_ENABLE Pin=IC23_0-1
Added Pin To Net: NetName=UP0_TD0 Pin=IC23_0-2
Added Pin To Net: NetName=UP0_TD1 Pin=IC23_0-3
Added Pin To Net: NetName=UP0_TD2 Pin=IC23_0-4
Added Pin To Net: NetName=UP0_TD3 Pin=IC23_0-5
Added Pin To Net: NetName=+2V5 Pin=IC23_0-6
Added Pin To Net: NetName=UP0_TD4 Pin=IC23_0-7
Added Pin To Net: NetName=UP0_TD5 Pin=IC23_0-8
Added Pin To Net: NetName=UP0_TD6 Pin=IC23_0-9
Added Pin To Net: NetName=UP0_TD7 Pin=IC23_0-10
Added Pin To Net: NetName=UP0_TD8 Pin=IC23_0-11
Added Pin To Net: NetName=UP0_TD9 Pin=IC23_0-12
Added Pin To Net: NetName=+2V5 Pin=IC23_0-13
Added Pin To Net: NetName=UP0_LOOPEN Pin=IC23_0-15
Added Pin To Net: NetName=+2V5 Pin=IC23_0-16
Added Pin To Net: NetName=+2V5 Pin=IC23_0-26
Added Pin To Net: NetName=UP0_PRBSEN Pin=IC23_0-31
Added Pin To Net: NetName=UP0_SYNCEN Pin=IC23_0-32
Added Pin To Net: NetName=GND Pin=IC23_0-35
Added Pin To Net: NetName=+2V5 Pin=IC23_0-37
Added Pin To Net: NetName=GND Pin=IC23_0-40
Added Pin To Net: NetName=GND Pin=IC23_0-PAD
Added Pin To Net: NetName=GND Pin=IC23_0-PAD
Added Pin To Net: NetName=GND Pin=IC23_0-PAD
Added Pin To Net: NetName=GND Pin=IC23_0-PAD
Added Pin To Net: NetName=GND Pin=IC23_0-PAD
Added Pin To Net: NetName=GND Pin=IC23_0-PAD
Added Pin To Net: NetName=GND Pin=IC23_0-PAD
Added Pin To Net: NetName=GND Pin=IC23_0-PAD
Added Pin To Net: NetName=GND Pin=IC23_0-PAD
Added Pin To Net: NetName=UP1_ENABLE Pin=IC23_1-1
Added Pin To Net: NetName=UP1_TD0 Pin=IC23_1-2
Added Pin To Net: NetName=UP1_TD1 Pin=IC23_1-3
Added Pin To Net: NetName=UP1_TD2 Pin=IC23_1-4
Added Pin To Net: NetName=UP1_TD3 Pin=IC23_1-5
Added Pin To Net: NetName=+2V5 Pin=IC23_1-6
Added Pin To Net: NetName=UP1_TD4 Pin=IC23_1-7
Added Pin To Net: NetName=UP1_TD5 Pin=IC23_1-8
Added Pin To Net: NetName=UP1_TD6 Pin=IC23_1-9
Added Pin To Net: NetName=UP1_TD7 Pin=IC23_1-10
Added Pin To Net: NetName=UP1_TD8 Pin=IC23_1-11
Added Pin To Net: NetName=UP1_TD9 Pin=IC23_1-12
Added Pin To Net: NetName=+2V5 Pin=IC23_1-13
Added Pin To Net: NetName=UP1_LOOPEN Pin=IC23_1-15
Added Pin To Net: NetName=+2V5 Pin=IC23_1-16
Added Pin To Net: NetName=+2V5 Pin=IC23_1-26
Added Pin To Net: NetName=UP1_PRBSEN Pin=IC23_1-31
Added Pin To Net: NetName=UP1_SYNCEN Pin=IC23_1-32
Added Pin To Net: NetName=GND Pin=IC23_1-35
Added Pin To Net: NetName=+2V5 Pin=IC23_1-37
Added Pin To Net: NetName=GND Pin=IC23_1-40
Added Pin To Net: NetName=GND Pin=IC23_1-PAD
Added Pin To Net: NetName=GND Pin=IC23_1-PAD
Added Pin To Net: NetName=GND Pin=IC23_1-PAD
Added Pin To Net: NetName=GND Pin=IC23_1-PAD
Added Pin To Net: NetName=GND Pin=IC23_1-PAD
Added Pin To Net: NetName=GND Pin=IC23_1-PAD
Added Pin To Net: NetName=GND Pin=IC23_1-PAD
Added Pin To Net: NetName=GND Pin=IC23_1-PAD
Added Pin To Net: NetName=GND Pin=IC23_1-PAD
Added Pin To Net: NetName=GND Pin=IC24_0-5
Added Pin To Net: NetName=+3V3 Pin=IC24_0-8
Added Pin To Net: NetName=GND Pin=IC24_1-5
Added Pin To Net: NetName=+3V3 Pin=IC24_1-8
Added Pin To Net: NetName=+1V2 Pin=IC?-5
Added Pin To Net: NetName=+2V5 Pin=IC?-17
Added Pin To Net: NetName=GND Pin=IC?-19
Added Pin To Net: NetName=+2V5 Pin=IC?-26
Added Pin To Net: NetName=GND Pin=IC?-27
Added Pin To Net: NetName=+1V2 Pin=IC?-29
Added Pin To Net: NetName=+1V2 Pin=IC?-35
Added Pin To Net: NetName=GND Pin=IC?-36
Added Pin To Net: NetName=+1V2 Pin=IC?-37
Added Pin To Net: NetName=+3V3 Pin=IC?-40
Added Pin To Net: NetName=GND Pin=IC?-41
Added Pin To Net: NetName=+1V2 Pin=IC?-45
Added Pin To Net: NetName=+3V3 Pin=IC?-47
Added Pin To Net: NetName=GND Pin=IC?-48
Added Pin To Net: NetName=+2V5 Pin=IC?-56
Added Pin To Net: NetName=GND Pin=IC?-57
Added Pin To Net: NetName=+1V2 Pin=IC?-61
Added Pin To Net: NetName=+2V5 Pin=IC?-62
Added Pin To Net: NetName=GND Pin=IC?-63
Added Pin To Net: NetName=+1V2 Pin=IC?-78
Added Pin To Net: NetName=+2V5 Pin=IC?-81
Added Pin To Net: NetName=GND Pin=IC?-82
Added Pin To Net: NetName=+2V5 Pin=IC?-93
Added Pin To Net: NetName=GND Pin=IC?-95
Added Pin To Net: NetName=+1V2 Pin=IC?-102
Added Pin To Net: NetName=GND Pin=IC?-108
Added Pin To Net: NetName=+1V2 Pin=IC?-109
Added Pin To Net: NetName=+1V2 Pin=IC?-116
Added Pin To Net: NetName=+2V5 Pin=IC?-117
Added Pin To Net: NetName=GND Pin=IC?-118
Added Pin To Net: NetName=+2V5 Pin=IC?-122
Added Pin To Net: NetName=GND Pin=IC?-123
Added Pin To Net: NetName=+3V3 Pin=IC?-130
Added Pin To Net: NetName=GND Pin=IC?-131
Added Pin To Net: NetName=+1V2 Pin=IC?-134
Added Pin To Net: NetName=+3V3 Pin=IC?-139
Added Pin To Net: NetName=GND Pin=IC?-140
Added Pin To Net: NetName=+3V3_OSC Pin=L1-2
Added Pin To Net: NetName=+3V3_OSC Pin=L2-2
Added Pin To Net: NetName=+3V3 Pin=L3_0-2
Added Pin To Net: NetName=+3V3 Pin=L3_1-2
Added Pin To Net: NetName=+3V3 Pin=L4_0-2
Added Pin To Net: NetName=+3V3 Pin=L4_1-2
Added Pin To Net: NetName=+2V5 Pin=L5_0-1
Added Pin To Net: NetName=+2V5 Pin=L5_1-1
Added Pin To Net: NetName=PD0_UP Pin=R1-2
Added Pin To Net: NetName=+3V3 Pin=R2-2
Added Pin To Net: NetName=GND Pin=R6-1
Added Pin To Net: NetName=PD0_DOWN Pin=R7-1
Added Pin To Net: NetName=PD1_UP Pin=R8-2
Added Pin To Net: NetName=+3V3 Pin=R9-2
Added Pin To Net: NetName=GND Pin=R13-1
Added Pin To Net: NetName=PD1_DOWN Pin=R14-1
Added Pin To Net: NetName=REFCLK_FB- Pin=R15-1
Added Pin To Net: NetName=REFCLK_FB+ Pin=R15-2
Added Pin To Net: NetName=DMTDCLK- Pin=R16-1
Added Pin To Net: NetName=DMTDCLK+ Pin=R16-2
Added Pin To Net: NetName=REFCLK_EXT- Pin=R17-1
Added Pin To Net: NetName=REFCLK_EXT+ Pin=R17-2
Added Pin To Net: NetName=GND Pin=R18-2
Added Pin To Net: NetName=+3V3 Pin=R19-1
Added Pin To Net: NetName=NCONFIG Pin=R20-2
Added Pin To Net: NetName=NSTATUS Pin=R21-1
Added Pin To Net: NetName=+2V5 Pin=R21-2
Added Pin To Net: NetName=CONF_DONE Pin=R22-1
Added Pin To Net: NetName=+2V5 Pin=R22-2
Added Pin To Net: NetName=+3V3 Pin=R23-2
Added Pin To Net: NetName=GND Pin=R24-1
Added Pin To Net: NetName=EXT_PPS_IN Pin=R27-1
Added Pin To Net: NetName=GND Pin=R28-1
Added Pin To Net: NetName=+3V3 Pin=R32-2
Added Pin To Net: NetName=+3V3 Pin=R33-1
Added Pin To Net: NetName=GND Pin=R35-1
Added Pin To Net: NetName=GND Pin=R36-1
Added Pin To Net: NetName=GND Pin=R37-1
Added Pin To Net: NetName=+3V3 Pin=R38-1
Added Pin To Net: NetName=GND Pin=R44-1
Added Pin To Net: NetName=GND Pin=R45-1
Added Pin To Net: NetName=GND Pin=R49-1
Added Pin To Net: NetName=GND Pin=R50-1
Added Pin To Net: NetName=GND Pin=R51-1
Added Pin To Net: NetName=GND Pin=R53-1
Added Pin To Net: NetName=JTAG_TDO Pin=R54-1
Added Pin To Net: NetName=GND Pin=R57-2
Added Pin To Net: NetName=GND Pin=R58_0-1
Added Pin To Net: NetName=GND Pin=R58_1-1
Added Pin To Net: NetName=+3V3 Pin=R59_0-1
Added Pin To Net: NetName=+3V3 Pin=R59_1-1
Added Pin To Net: NetName=GND Pin=R60_0-1
Added Pin To Net: NetName=GND Pin=R60_1-1
Added Pin To Net: NetName=GND Pin=R61_0-2
Added Pin To Net: NetName=GND Pin=R61_1-2
Added Pin To Net: NetName=GND Pin=R62_0-2
Added Pin To Net: NetName=GND Pin=R62_1-2
Added Pin To Net: NetName=GND Pin=R63_0-2
Added Pin To Net: NetName=GND Pin=R63_1-2
Added Pin To Net: NetName=+2V5 Pin=R64_0-2
Added Pin To Net: NetName=+2V5 Pin=R64_1-2
Added Pin To Net: NetName=+2V5 Pin=R65_0-2
Added Pin To Net: NetName=+2V5 Pin=R65_1-2
Added Pin To Net: NetName=GND Pin=R69_0-2
Added Pin To Net: NetName=GND Pin=R69_1-2
Added Pin To Net: NetName=GND Pin=R70_0-2
Added Pin To Net: NetName=GND Pin=R70_1-2
Added Pin To Net: NetName=+3V3 Pin=R71_0-2
Added Pin To Net: NetName=+3V3 Pin=R71_1-2
Added Pin To Net: NetName=UP0_RD8 Pin=RP1_0-5
Added Pin To Net: NetName=UP0_RD9 Pin=RP1_0-6
Added Pin To Net: NetName=UP1_RD8 Pin=RP1_1-5
Added Pin To Net: NetName=UP1_RD9 Pin=RP1_1-6
Added Pin To Net: NetName=UP0_RD0 Pin=RP2_0-5
Added Pin To Net: NetName=UP0_RD1 Pin=RP2_0-6
Added Pin To Net: NetName=UP0_RD2 Pin=RP2_0-7
Added Pin To Net: NetName=UP0_RD3 Pin=RP2_0-8
Added Pin To Net: NetName=UP1_RD0 Pin=RP2_1-5
Added Pin To Net: NetName=UP1_RD1 Pin=RP2_1-6
Added Pin To Net: NetName=UP1_RD2 Pin=RP2_1-7
Added Pin To Net: NetName=UP1_RD3 Pin=RP2_1-8
Added Pin To Net: NetName=UP0_RD4 Pin=RP3_0-5
Added Pin To Net: NetName=UP0_RD5 Pin=RP3_0-6
Added Pin To Net: NetName=UP0_RD6 Pin=RP3_0-7
Added Pin To Net: NetName=UP0_RD7 Pin=RP3_0-8
Added Pin To Net: NetName=UP1_RD4 Pin=RP3_1-5
Added Pin To Net: NetName=UP1_RD5 Pin=RP3_1-6
Added Pin To Net: NetName=UP1_RD6 Pin=RP3_1-7
Added Pin To Net: NetName=UP1_RD7 Pin=RP3_1-8
Added Pin To Net: NetName=+3V3 Pin=RP4_0-1
Added Pin To Net: NetName=+3V3 Pin=RP4_0-2
Added Pin To Net: NetName=+3V3 Pin=RP4_0-3
Added Pin To Net: NetName=+3V3 Pin=RP4_0-4
Added Pin To Net: NetName=UP0_DETECT Pin=RP4_0-5
Added Pin To Net: NetName=+3V3 Pin=RP4_1-1
Added Pin To Net: NetName=+3V3 Pin=RP4_1-2
Added Pin To Net: NetName=+3V3 Pin=RP4_1-3
Added Pin To Net: NetName=+3V3 Pin=RP4_1-4
Added Pin To Net: NetName=UP1_DETECT Pin=RP4_1-5
Added Pin To Net: NetName=+3V3 Pin=RP5_0-1
Added Pin To Net: NetName=+3V3 Pin=RP5_0-2
Added Pin To Net: NetName=+3V3 Pin=RP5_0-3
Added Pin To Net: NetName=+3V3 Pin=RP5_0-4
Added Pin To Net: NetName=UP0_TX_FAULT Pin=RP5_0-5
Added Pin To Net: NetName=UP0_TX_DISABLE Pin=RP5_0-6
Added Pin To Net: NetName=UP0_SDA Pin=RP5_0-7
Added Pin To Net: NetName=UP0_SCL Pin=RP5_0-8
Added Pin To Net: NetName=+3V3 Pin=RP5_1-1
Added Pin To Net: NetName=+3V3 Pin=RP5_1-2
Added Pin To Net: NetName=+3V3 Pin=RP5_1-3
Added Pin To Net: NetName=+3V3 Pin=RP5_1-4
Added Pin To Net: NetName=UP1_TX_FAULT Pin=RP5_1-5
Added Pin To Net: NetName=UP1_TX_DISABLE Pin=RP5_1-6
Added Pin To Net: NetName=UP1_SDA Pin=RP5_1-7
Added Pin To Net: NetName=UP1_SCL Pin=RP5_1-8
Added Pin To Net: NetName=GND Pin=X1_0-1
Added Pin To Net: NetName=UP0_TX_FAULT Pin=X1_0-2
Added Pin To Net: NetName=UP0_TX_DISABLE Pin=X1_0-3
Added Pin To Net: NetName=UP0_SDA Pin=X1_0-4
Added Pin To Net: NetName=UP0_SCL Pin=X1_0-5
Added Pin To Net: NetName=UP0_DETECT Pin=X1_0-6
Added Pin To Net: NetName=GND Pin=X1_0-9
Added Pin To Net: NetName=GND Pin=X1_0-10
Added Pin To Net: NetName=GND Pin=X1_0-11
Added Pin To Net: NetName=GND Pin=X1_0-14
Added Pin To Net: NetName=GND Pin=X1_0-17
Added Pin To Net: NetName=GND Pin=X1_0-20
Added Pin To Net: NetName=GND Pin=X1_0-21
Added Pin To Net: NetName=GND Pin=X1_0-22
Added Pin To Net: NetName=GND Pin=X1_0-23
Added Pin To Net: NetName=GND Pin=X1_0-24
Added Pin To Net: NetName=GND Pin=X1_0-25
Added Pin To Net: NetName=GND Pin=X1_0-26
Added Pin To Net: NetName=GND Pin=X1_0-27
Added Pin To Net: NetName=GND Pin=X1_0-28
Added Pin To Net: NetName=GND Pin=X1_0-29
Added Pin To Net: NetName=GND Pin=X1_0-30
Added Pin To Net: NetName=GND Pin=X1_0-31
Added Pin To Net: NetName=GND Pin=X1_1-1
Added Pin To Net: NetName=UP1_TX_FAULT Pin=X1_1-2
Added Pin To Net: NetName=UP1_TX_DISABLE Pin=X1_1-3
Added Pin To Net: NetName=UP1_SDA Pin=X1_1-4
Added Pin To Net: NetName=UP1_SCL Pin=X1_1-5
Added Pin To Net: NetName=UP1_DETECT Pin=X1_1-6
Added Pin To Net: NetName=GND Pin=X1_1-9
Added Pin To Net: NetName=GND Pin=X1_1-10
Added Pin To Net: NetName=GND Pin=X1_1-11
Added Pin To Net: NetName=GND Pin=X1_1-14
Added Pin To Net: NetName=GND Pin=X1_1-17
Added Pin To Net: NetName=GND Pin=X1_1-20
Added Pin To Net: NetName=GND Pin=X1_1-21
Added Pin To Net: NetName=GND Pin=X1_1-22
Added Pin To Net: NetName=GND Pin=X1_1-23
Added Pin To Net: NetName=GND Pin=X1_1-24
Added Pin To Net: NetName=GND Pin=X1_1-25
Added Pin To Net: NetName=GND Pin=X1_1-26
Added Pin To Net: NetName=GND Pin=X1_1-27
Added Pin To Net: NetName=GND Pin=X1_1-28
Added Pin To Net: NetName=GND Pin=X1_1-29
Added Pin To Net: NetName=GND Pin=X1_1-30
Added Pin To Net: NetName=GND Pin=X1_1-31
Added Pin To Net: NetName=NetC3_1 Pin=C3-1
Added Pin To Net: NetName=NetC3_1 Pin=IC1-3
Added Net: Name=NetC3_1
Added Pin To Net: NetName=NetC3_2 Pin=C3-2
Added Pin To Net: NetName=NetC3_2 Pin=R3-2
Added Pin To Net: NetName=NetC3_2 Pin=R4-1
Added Net: Name=NetC3_2
Added Pin To Net: NetName=NetC4_2 Pin=C4-2
Added Pin To Net: NetName=NetC4_2 Pin=R4-2
Added Net: Name=NetC4_2
Added Pin To Net: NetName=NetC5_2 Pin=C5-2
Added Pin To Net: NetName=NetC5_2 Pin=R1-1
Added Pin To Net: NetName=NetC5_2 Pin=R2-1
Added Pin To Net: NetName=NetC5_2 Pin=R5-1
Added Pin To Net: NetName=NetC5_2 Pin=R6-2
Added Pin To Net: NetName=NetC5_2 Pin=R7-2
Added Net: Name=NetC5_2
Added Pin To Net: NetName=NetC6_2 Pin=C6-2
Added Pin To Net: NetName=NetC6_2 Pin=R5-2
Added Net: Name=NetC6_2
Added Pin To Net: NetName=NetC9_1 Pin=C9-1
Added Pin To Net: NetName=NetC9_1 Pin=IC3-3
Added Net: Name=NetC9_1
Added Pin To Net: NetName=NetC9_2 Pin=C9-2
Added Pin To Net: NetName=NetC9_2 Pin=R10-2
Added Pin To Net: NetName=NetC9_2 Pin=R11-1
Added Net: Name=NetC9_2
Added Pin To Net: NetName=NetC10_2 Pin=C10-2
Added Pin To Net: NetName=NetC10_2 Pin=R11-2
Added Net: Name=NetC10_2
Added Pin To Net: NetName=NetC11_2 Pin=C11-2
Added Pin To Net: NetName=NetC11_2 Pin=R8-1
Added Pin To Net: NetName=NetC11_2 Pin=R9-1
Added Pin To Net: NetName=NetC11_2 Pin=R12-1
Added Pin To Net: NetName=NetC11_2 Pin=R13-2
Added Pin To Net: NetName=NetC11_2 Pin=R14-2
Added Net: Name=NetC11_2
Added Pin To Net: NetName=NetC12_2 Pin=C12-2
Added Pin To Net: NetName=NetC12_2 Pin=R12-2
Added Net: Name=NetC12_2
Added Pin To Net: NetName=NetC13_1 Pin=C13-1
Added Pin To Net: NetName=NetC13_1 Pin=C14-2
Added Pin To Net: NetName=NetC13_1 Pin=R23-1
Added Pin To Net: NetName=NetC13_1 Pin=R24-2
Added Pin To Net: NetName=NetC13_1 Pin=R25-2
Added Pin To Net: NetName=NetC13_1 Pin=R26-1
Added Net: Name=NetC13_1
Added Pin To Net: NetName=NetC17_1 Pin=C17-1
Added Pin To Net: NetName=NetC17_1 Pin=R29-2
Added Net: Name=NetC17_1
Added Pin To Net: NetName=NetC17_2 Pin=C17-2
Added Pin To Net: NetName=NetC17_2 Pin=R30-2
Added Pin To Net: NetName=NetC17_2 Pin=R31-2
Added Net: Name=NetC17_2
Added Pin To Net: NetName=NetC18_1 Pin=C18-1
Added Pin To Net: NetName=NetC18_1 Pin=IC8-14
Added Pin To Net: NetName=NetC18_1 Pin=R36-2
Added Net: Name=NetC18_1
Added Pin To Net: NetName=NetC18_2 Pin=C18-2
Added Pin To Net: NetName=NetC18_2 Pin=IC10-5
Added Net: Name=NetC18_2
Added Pin To Net: NetName=NetC19_1 Pin=C19-1
Added Pin To Net: NetName=NetC19_1 Pin=IC8-13
Added Pin To Net: NetName=NetC19_1 Pin=R37-2
Added Net: Name=NetC19_1
Added Pin To Net: NetName=NetC19_2 Pin=C19-2
Added Pin To Net: NetName=NetC19_2 Pin=IC10-2
Added Net: Name=NetC19_2
Added Pin To Net: NetName=NetC20_2 Pin=C20-2
Added Pin To Net: NetName=NetC20_2 Pin=R30-1
Added Pin To Net: NetName=NetC20_2 Pin=R31-1
Added Net: Name=NetC20_2
Added Pin To Net: NetName=NetC21_2 Pin=C21-2
Added Net: Name=NetC21_2
Added Pin To Net: NetName=NetC24_2 Pin=C24-2
Added Pin To Net: NetName=NetC24_2 Pin=C25-1
Added Pin To Net: NetName=NetC24_2 Pin=IC9-1
Added Pin To Net: NetName=NetC24_2 Pin=IC9-2
Added Pin To Net: NetName=NetC24_2 Pin=R39-1
Added Pin To Net: NetName=NetC24_2 Pin=R40-1
Added Net: Name=NetC24_2
Added Pin To Net: NetName=NetC26_1 Pin=C26-1
Added Pin To Net: NetName=NetC26_1 Pin=IC11-7
Added Pin To Net: NetName=NetC26_1 Pin=R44-2
Added Net: Name=NetC26_1
Added Pin To Net: NetName=NetC26_2 Pin=C26-2
Added Pin To Net: NetName=NetC26_2 Pin=IC10-23
Added Net: Name=NetC26_2
Added Pin To Net: NetName=NetC27_1 Pin=C27-1
Added Pin To Net: NetName=NetC27_1 Pin=R41-2
Added Net: Name=NetC27_1
Added Pin To Net: NetName=NetC27_2 Pin=C27-2
Added Pin To Net: NetName=NetC27_2 Pin=R42-2
Added Pin To Net: NetName=NetC27_2 Pin=R43-2
Added Net: Name=NetC27_2
Added Pin To Net: NetName=NetC28_1 Pin=C28-1
Added Pin To Net: NetName=NetC28_1 Pin=IC11-6
Added Pin To Net: NetName=NetC28_1 Pin=R45-2
Added Net: Name=NetC28_1
Added Pin To Net: NetName=NetC28_2 Pin=C28-2
Added Pin To Net: NetName=NetC28_2 Pin=IC10-20
Added Net: Name=NetC28_2
Added Pin To Net: NetName=NetC29_2 Pin=C29-2
Added Pin To Net: NetName=NetC29_2 Pin=IC10-3
Added Pin To Net: NetName=NetC29_2 Pin=IC10-4
Added Net: Name=NetC29_2
Added Pin To Net: NetName=NetC30_2 Pin=C30-2
Added Pin To Net: NetName=NetC30_2 Pin=IC10-21
Added Pin To Net: NetName=NetC30_2 Pin=IC10-22
Added Net: Name=NetC30_2
Added Pin To Net: NetName=NetC31_2 Pin=C31-2
Added Pin To Net: NetName=NetC31_2 Pin=IC11-3
Added Pin To Net: NetName=NetC31_2 Pin=R38-2
Added Pin To Net: NetName=NetC31_2 Pin=R39-2
Added Net: Name=NetC31_2
Added Pin To Net: NetName=NetC32_2 Pin=C32-2
Added Pin To Net: NetName=NetC32_2 Pin=R42-1
Added Pin To Net: NetName=NetC32_2 Pin=R43-1
Added Net: Name=NetC32_2
Added Pin To Net: NetName=NetC33_2 Pin=C33-2
Added Net: Name=NetC33_2
Added Pin To Net: NetName=NetC34_2 Pin=C34-2
Added Pin To Net: NetName=NetC34_2 Pin=C35-2
Added Pin To Net: NetName=NetC34_2 Pin=IC14-6
Added Pin To Net: NetName=NetC34_2 Pin=L1-1
Added Net: Name=NetC34_2
Added Pin To Net: NetName=NetC37_1 Pin=C37-1
Added Pin To Net: NetName=NetC37_1 Pin=IC14-4
Added Pin To Net: NetName=NetC37_1 Pin=R49-2
Added Net: Name=NetC37_1
Added Pin To Net: NetName=NetC37_2 Pin=C37-2
Added Pin To Net: NetName=NetC37_2 Pin=IC12-7
Added Net: Name=NetC37_2
Added Pin To Net: NetName=NetC38_1 Pin=C38-1
Added Pin To Net: NetName=NetC38_1 Pin=IC14-5
Added Pin To Net: NetName=NetC38_1 Pin=R50-2
Added Net: Name=NetC38_1
Added Pin To Net: NetName=NetC38_2 Pin=C38-2
Added Pin To Net: NetName=NetC38_2 Pin=IC12-10
Added Net: Name=NetC38_2
Added Pin To Net: NetName=NetC39_2 Pin=C39-2
Added Pin To Net: NetName=NetC39_2 Pin=IC12-8
Added Pin To Net: NetName=NetC39_2 Pin=IC12-9
Added Net: Name=NetC39_2
Added Pin To Net: NetName=NetC40_2 Pin=C40-2
Added Pin To Net: NetName=NetC40_2 Pin=C41-1
Added Pin To Net: NetName=NetC40_2 Pin=IC14-1
Added Pin To Net: NetName=NetC40_2 Pin=R46-2
Added Net: Name=NetC40_2
Added Pin To Net: NetName=NetC42_1 Pin=C42-1
Added Pin To Net: NetName=NetC42_1 Pin=C43-1
Added Pin To Net: NetName=NetC42_1 Pin=IC13-2
Added Pin To Net: NetName=NetC42_1 Pin=IC17-2
Added Net: Name=NetC42_1
Added Pin To Net: NetName=NetC44_1 Pin=C44-1
Added Pin To Net: NetName=NetC44_1 Pin=IC18-4
Added Pin To Net: NetName=NetC44_1 Pin=R51-2
Added Net: Name=NetC44_1
Added Pin To Net: NetName=NetC44_2 Pin=C44-2
Added Pin To Net: NetName=NetC44_2 Pin=IC16-5
Added Net: Name=NetC44_2
Added Pin To Net: NetName=NetC45_2 Pin=C45-2
Added Pin To Net: NetName=NetC45_2 Pin=C46-2
Added Pin To Net: NetName=NetC45_2 Pin=IC18-6
Added Pin To Net: NetName=NetC45_2 Pin=L2-1
Added Net: Name=NetC45_2
Added Pin To Net: NetName=NetC47_1 Pin=C47-1
Added Pin To Net: NetName=NetC47_1 Pin=IC18-5
Added Pin To Net: NetName=NetC47_1 Pin=R53-2
Added Net: Name=NetC47_1
Added Pin To Net: NetName=NetC47_2 Pin=C47-2
Added Pin To Net: NetName=NetC47_2 Pin=IC16-2
Added Net: Name=NetC47_2
Added Pin To Net: NetName=NetC49_2 Pin=C49-2
Added Pin To Net: NetName=NetC49_2 Pin=IC16-3
Added Pin To Net: NetName=NetC49_2 Pin=IC16-4
Added Net: Name=NetC49_2
Added Pin To Net: NetName=NetC50_2 Pin=C50-2
Added Pin To Net: NetName=NetC50_2 Pin=C51-1
Added Pin To Net: NetName=NetC50_2 Pin=IC18-1
Added Pin To Net: NetName=NetC50_2 Pin=R52-2
Added Net: Name=NetC50_2
Added Pin To Net: NetName=NetC75_2 Pin=C75-2
Added Pin To Net: NetName=NetC75_2 Pin=IC20-5
Added Net: Name=NetC75_2
Added Pin To Net: NetName=NetC106_0_1 Pin=C106_0-1
Added Pin To Net: NetName=NetC106_0_1 Pin=C107_0-1
Added Pin To Net: NetName=NetC106_0_1 Pin=L4_0-1
Added Pin To Net: NetName=NetC106_0_1 Pin=X1_0-15
Added Net: Name=NetC106_0_1
Added Pin To Net: NetName=NetC106_1_1 Pin=C106_1-1
Added Pin To Net: NetName=NetC106_1_1 Pin=C107_1-1
Added Pin To Net: NetName=NetC106_1_1 Pin=L4_1-1
Added Pin To Net: NetName=NetC106_1_1 Pin=X1_1-15
Added Net: Name=NetC106_1_1
Added Pin To Net: NetName=NetC108_0_1 Pin=C108_0-1
Added Pin To Net: NetName=NetC108_0_1 Pin=IC23_0-38
Added Pin To Net: NetName=NetC108_0_1 Pin=R58_0-2
Added Net: Name=NetC108_0_1
Added Pin To Net: NetName=NetC108_0_2 Pin=C108_0-2
Added Pin To Net: NetName=NetC108_0_2 Pin=X1_0-13
Added Net: Name=NetC108_0_2
Added Pin To Net: NetName=NetC108_1_1 Pin=C108_1-1
Added Pin To Net: NetName=NetC108_1_1 Pin=IC23_1-38
Added Pin To Net: NetName=NetC108_1_1 Pin=R58_1-2
Added Net: Name=NetC108_1_1
Added Pin To Net: NetName=NetC108_1_2 Pin=C108_1-2
Added Pin To Net: NetName=NetC108_1_2 Pin=X1_1-13
Added Net: Name=NetC108_1_2
Added Pin To Net: NetName=NetC109_0_1 Pin=C109_0-1
Added Pin To Net: NetName=NetC109_0_1 Pin=IC23_0-39
Added Pin To Net: NetName=NetC109_0_1 Pin=R60_0-2
Added Net: Name=NetC109_0_1
Added Pin To Net: NetName=NetC109_0_2 Pin=C109_0-2
Added Pin To Net: NetName=NetC109_0_2 Pin=R59_0-2
Added Pin To Net: NetName=NetC109_0_2 Pin=R61_0-1
Added Pin To Net: NetName=NetC109_0_2 Pin=X1_0-12
Added Net: Name=NetC109_0_2
Added Pin To Net: NetName=NetC109_1_1 Pin=C109_1-1
Added Pin To Net: NetName=NetC109_1_1 Pin=IC23_1-39
Added Pin To Net: NetName=NetC109_1_1 Pin=R60_1-2
Added Net: Name=NetC109_1_1
Added Pin To Net: NetName=NetC109_1_2 Pin=C109_1-2
Added Pin To Net: NetName=NetC109_1_2 Pin=R59_1-2
Added Pin To Net: NetName=NetC109_1_2 Pin=R61_1-1
Added Pin To Net: NetName=NetC109_1_2 Pin=X1_1-12
Added Net: Name=NetC109_1_2
Added Pin To Net: NetName=NetC110_0_2 Pin=C110_0-2
Added Pin To Net: NetName=NetC110_0_2 Pin=C114_0-2
Added Pin To Net: NetName=NetC110_0_2 Pin=L3_0-1
Added Pin To Net: NetName=NetC110_0_2 Pin=X1_0-16
Added Net: Name=NetC110_0_2
Added Pin To Net: NetName=NetC110_1_2 Pin=C110_1-2
Added Pin To Net: NetName=NetC110_1_2 Pin=C114_1-2
Added Pin To Net: NetName=NetC110_1_2 Pin=L3_1-1
Added Pin To Net: NetName=NetC110_1_2 Pin=X1_1-16
Added Net: Name=NetC110_1_2
Added Pin To Net: NetName=NetC113_0_1 Pin=C113_0-1
Added Pin To Net: NetName=NetC113_0_1 Pin=IC23_0-34
Added Pin To Net: NetName=NetC113_0_1 Pin=R62_0-1
Added Pin To Net: NetName=NetC113_0_1 Pin=R65_0-1
Added Net: Name=NetC113_0_1
Added Pin To Net: NetName=NetC113_0_2 Pin=C113_0-2
Added Pin To Net: NetName=NetC113_0_2 Pin=X1_0-18
Added Net: Name=NetC113_0_2
Added Pin To Net: NetName=NetC113_1_1 Pin=C113_1-1
Added Pin To Net: NetName=NetC113_1_1 Pin=IC23_1-34
Added Pin To Net: NetName=NetC113_1_1 Pin=R62_1-1
Added Pin To Net: NetName=NetC113_1_1 Pin=R65_1-1
Added Net: Name=NetC113_1_1
Added Pin To Net: NetName=NetC113_1_2 Pin=C113_1-2
Added Pin To Net: NetName=NetC113_1_2 Pin=X1_1-18
Added Net: Name=NetC113_1_2
Added Pin To Net: NetName=NetC115_0_1 Pin=C115_0-1
Added Pin To Net: NetName=NetC115_0_1 Pin=IC23_0-33
Added Pin To Net: NetName=NetC115_0_1 Pin=R63_0-1
Added Pin To Net: NetName=NetC115_0_1 Pin=R64_0-1
Added Net: Name=NetC115_0_1
Added Pin To Net: NetName=NetC115_0_2 Pin=C115_0-2
Added Pin To Net: NetName=NetC115_0_2 Pin=X1_0-19
Added Net: Name=NetC115_0_2
Added Pin To Net: NetName=NetC115_1_1 Pin=C115_1-1
Added Pin To Net: NetName=NetC115_1_1 Pin=IC23_1-33
Added Pin To Net: NetName=NetC115_1_1 Pin=R63_1-1
Added Pin To Net: NetName=NetC115_1_1 Pin=R64_1-1
Added Net: Name=NetC115_1_1
Added Pin To Net: NetName=NetC115_1_2 Pin=C115_1-2
Added Pin To Net: NetName=NetC115_1_2 Pin=X1_1-19
Added Net: Name=NetC115_1_2
Added Pin To Net: NetName=NetC124_0_2 Pin=C124_0-2
Added Pin To Net: NetName=NetC124_0_2 Pin=C125_0-2
Added Pin To Net: NetName=NetC124_0_2 Pin=IC23_0-36
Added Pin To Net: NetName=NetC124_0_2 Pin=L5_0-2
Added Net: Name=NetC124_0_2
Added Pin To Net: NetName=NetC124_1_2 Pin=C124_1-2
Added Pin To Net: NetName=NetC124_1_2 Pin=C125_1-2
Added Pin To Net: NetName=NetC124_1_2 Pin=IC23_1-36
Added Pin To Net: NetName=NetC124_1_2 Pin=L5_1-2
Added Net: Name=NetC124_1_2
Added Pin To Net: NetName=NetCN1_1 Pin=R28-2
Added Net: Name=NetCN1_1
Added Pin To Net: NetName=NetCN3_1 Pin=R34-1
Added Net: Name=NetCN3_1
Added Pin To Net: NetName=NetCN5_1 Pin=R47-1
Added Net: Name=NetCN5_1
Added Pin To Net: NetName=NetCN6_67 Pin=CN6-67
Added Pin To Net: NetName=NetCN6_67 Pin=R55-2
Added Net: Name=NetCN6_67
Added Pin To Net: NetName=NetCN6_68 Pin=CN6-68
Added Pin To Net: NetName=NetCN6_68 Pin=R56-1
Added Net: Name=NetCN6_68
Added Pin To Net: NetName=NetD3_3 Pin=IC7-3
Added Pin To Net: NetName=NetD3_3 Pin=R25-1
Added Pin To Net: NetName=NetD3_3 Pin=R29-1
Added Net: Name=NetD3_3
Added Pin To Net: NetName=NetD4_3 Pin=IC8-5
Added Pin To Net: NetName=NetD4_3 Pin=IC8-6
Added Pin To Net: NetName=NetD4_3 Pin=R32-1
Added Net: Name=NetD4_3
Added Pin To Net: NetName=NetD4_4 Pin=IC8-4
Added Pin To Net: NetName=NetD4_4 Pin=R33-2
Added Pin To Net: NetName=NetD4_4 Pin=R35-2
Added Net: Name=NetD4_4
Added Pin To Net: NetName=NetD5_3 Pin=IC11-2
Added Pin To Net: NetName=NetD5_3 Pin=R40-2
Added Pin To Net: NetName=NetD5_3 Pin=R41-1
Added Net: Name=NetD5_3
Added Pin To Net: NetName=NetD6_2 Pin=D6-2
Added Pin To Net: NetName=NetD6_2 Pin=R57-1
Added Net: Name=NetD6_2
Added Pin To Net: NetName=NetIC2_1 Pin=R3-1
Added Net: Name=NetIC2_1
Added Pin To Net: NetName=NetIC4_1 Pin=R10-1
Added Net: Name=NetIC4_1
Added Pin To Net: NetName=NetIC5_14 Pin=IC5-14
Added Pin To Net: NetName=NetIC5_14 Pin=R20-1
Added Net: Name=NetIC5_14
Added Pin To Net: NetName=NetIC5_20 Pin=IC5-20
Added Pin To Net: NetName=NetIC5_20 Pin=R54-2
Added Net: Name=NetIC5_20
Added Pin To Net: NetName=NetIC5_97 Pin=IC5-97
Added Pin To Net: NetName=NetIC5_97 Pin=R18-1
Added Pin To Net: NetName=NetIC5_97 Pin=R19-2
Added Net: Name=NetIC5_97
Added Pin To Net: NetName=NetIC6_3 Pin=R27-2
Added Net: Name=NetIC6_3
Added Pin To Net: NetName=NetIC6_6 Pin=R34-2
Added Net: Name=NetIC6_6
Added Pin To Net: NetName=NetIC7_1 Pin=IC7-1
Added Pin To Net: NetName=NetIC7_1 Pin=IC8-2
Added Net: Name=NetIC7_1
Added Pin To Net: NetName=NetIC7_4 Pin=IC7-4
Added Pin To Net: NetName=NetIC7_4 Pin=R26-2
Added Net: Name=NetIC7_4
Added Pin To Net: NetName=NetIC10_11 Pin=IC10-11
Added Pin To Net: NetName=NetIC10_11 Pin=IC12-2
Added Net: Name=NetIC10_11
Added Pin To Net: NetName=NetIC10_12 Pin=IC10-12
Added Pin To Net: NetName=NetIC10_12 Pin=IC12-5
Added Net: Name=NetIC10_12
Added Pin To Net: NetName=NetIC12_29 Pin=IC12-29
Added Pin To Net: NetName=NetIC12_29 Pin=R48-2
Added Net: Name=NetIC12_29
Added Pin To Net: NetName=NetIC12_30 Pin=IC12-30
Added Pin To Net: NetName=NetIC12_30 Pin=IC15-2
Added Net: Name=NetIC12_30
Added Pin To Net: NetName=NetIC13_3 Pin=IC13-3
Added Pin To Net: NetName=NetIC13_3 Pin=IC13-4
Added Pin To Net: NetName=NetIC13_3 Pin=R46-1
Added Net: Name=NetIC13_3
Added Pin To Net: NetName=NetIC15_3 Pin=IC15-3
Added Pin To Net: NetName=NetIC15_3 Pin=R48-1
Added Net: Name=NetIC15_3
Added Pin To Net: NetName=NetIC15_7 Pin=IC15-7
Added Pin To Net: NetName=NetIC15_7 Pin=R47-2
Added Net: Name=NetIC15_7
Added Pin To Net: NetName=NetIC17_3 Pin=IC17-3
Added Pin To Net: NetName=NetIC17_3 Pin=IC17-4
Added Pin To Net: NetName=NetIC17_3 Pin=R52-1
Added Net: Name=NetIC17_3
Added Pin To Net: NetName=NetIC22_0_2 Pin=IC22_0-2
Added Pin To Net: NetName=NetIC22_0_2 Pin=IC23_0-17
Added Pin To Net: NetName=NetIC22_0_2 Pin=R66_0-2
Added Net: Name=NetIC22_0_2
Added Pin To Net: NetName=NetIC22_1_2 Pin=IC22_1-2
Added Pin To Net: NetName=NetIC22_1_2 Pin=IC23_1-17
Added Pin To Net: NetName=NetIC22_1_2 Pin=R66_1-2
Added Net: Name=NetIC22_1_2
Added Pin To Net: NetName=NetIC23_0_14 Pin=IC23_0-14
Added Pin To Net: NetName=NetIC23_0_14 Pin=R66_0-1
Added Pin To Net: NetName=NetIC23_0_14 Pin=R67_0-2
Added Net: Name=NetIC23_0_14
Added Pin To Net: NetName=NetIC23_0_19 Pin=IC23_0-19
Added Pin To Net: NetName=NetIC23_0_19 Pin=RP1_0-3
Added Net: Name=NetIC23_0_19
Added Pin To Net: NetName=NetIC23_0_20 Pin=IC23_0-20
Added Pin To Net: NetName=NetIC23_0_20 Pin=RP1_0-4
Added Net: Name=NetIC23_0_20
Added Pin To Net: NetName=NetIC23_0_21 Pin=IC23_0-21
Added Pin To Net: NetName=NetIC23_0_21 Pin=RP3_0-1
Added Net: Name=NetIC23_0_21
Added Pin To Net: NetName=NetIC23_0_22 Pin=IC23_0-22
Added Pin To Net: NetName=NetIC23_0_22 Pin=RP3_0-2
Added Net: Name=NetIC23_0_22
Added Pin To Net: NetName=NetIC23_0_23 Pin=IC23_0-23
Added Pin To Net: NetName=NetIC23_0_23 Pin=RP3_0-3
Added Net: Name=NetIC23_0_23
Added Pin To Net: NetName=NetIC23_0_24 Pin=IC23_0-24
Added Pin To Net: NetName=NetIC23_0_24 Pin=RP3_0-4
Added Net: Name=NetIC23_0_24
Added Pin To Net: NetName=NetIC23_0_25 Pin=IC23_0-25
Added Pin To Net: NetName=NetIC23_0_25 Pin=RP2_0-1
Added Net: Name=NetIC23_0_25
Added Pin To Net: NetName=NetIC23_0_27 Pin=IC23_0-27
Added Pin To Net: NetName=NetIC23_0_27 Pin=RP2_0-2
Added Net: Name=NetIC23_0_27
Added Pin To Net: NetName=NetIC23_0_28 Pin=IC23_0-28
Added Pin To Net: NetName=NetIC23_0_28 Pin=RP2_0-3
Added Net: Name=NetIC23_0_28
Added Pin To Net: NetName=NetIC23_0_29 Pin=IC23_0-29
Added Pin To Net: NetName=NetIC23_0_29 Pin=RP2_0-4
Added Net: Name=NetIC23_0_29
Added Pin To Net: NetName=NetIC23_1_14 Pin=IC23_1-14
Added Pin To Net: NetName=NetIC23_1_14 Pin=R66_1-1
Added Pin To Net: NetName=NetIC23_1_14 Pin=R67_1-2
Added Net: Name=NetIC23_1_14
Added Pin To Net: NetName=NetIC23_1_19 Pin=IC23_1-19
Added Pin To Net: NetName=NetIC23_1_19 Pin=RP1_1-3
Added Net: Name=NetIC23_1_19
Added Pin To Net: NetName=NetIC23_1_20 Pin=IC23_1-20
Added Pin To Net: NetName=NetIC23_1_20 Pin=RP1_1-4
Added Net: Name=NetIC23_1_20
Added Pin To Net: NetName=NetIC23_1_21 Pin=IC23_1-21
Added Pin To Net: NetName=NetIC23_1_21 Pin=RP3_1-1
Added Net: Name=NetIC23_1_21
Added Pin To Net: NetName=NetIC23_1_22 Pin=IC23_1-22
Added Pin To Net: NetName=NetIC23_1_22 Pin=RP3_1-2
Added Net: Name=NetIC23_1_22
Added Pin To Net: NetName=NetIC23_1_23 Pin=IC23_1-23
Added Pin To Net: NetName=NetIC23_1_23 Pin=RP3_1-3
Added Net: Name=NetIC23_1_23
Added Pin To Net: NetName=NetIC23_1_24 Pin=IC23_1-24
Added Pin To Net: NetName=NetIC23_1_24 Pin=RP3_1-4
Added Net: Name=NetIC23_1_24
Added Pin To Net: NetName=NetIC23_1_25 Pin=IC23_1-25
Added Pin To Net: NetName=NetIC23_1_25 Pin=RP2_1-1
Added Net: Name=NetIC23_1_25
Added Pin To Net: NetName=NetIC23_1_27 Pin=IC23_1-27
Added Pin To Net: NetName=NetIC23_1_27 Pin=RP2_1-2
Added Net: Name=NetIC23_1_27
Added Pin To Net: NetName=NetIC23_1_28 Pin=IC23_1-28
Added Pin To Net: NetName=NetIC23_1_28 Pin=RP2_1-3
Added Net: Name=NetIC23_1_28
Added Pin To Net: NetName=NetIC23_1_29 Pin=IC23_1-29
Added Pin To Net: NetName=NetIC23_1_29 Pin=RP2_1-4
Added Net: Name=NetIC23_1_29
Added Pin To Net: NetName=NetIC24_0_7 Pin=IC24_0-7
Added Pin To Net: NetName=NetIC24_0_7 Pin=R68_0-1
Added Net: Name=NetIC24_0_7
Added Pin To Net: NetName=NetIC24_1_7 Pin=IC24_1-7
Added Pin To Net: NetName=NetIC24_1_7 Pin=R68_1-1
Added Net: Name=NetIC24_1_7
Added Pin To Net: NetName=NetR67_0_1 Pin=R67_0-1
Added Pin To Net: NetName=NetR67_0_1 Pin=R68_0-2
Added Pin To Net: NetName=NetR67_0_1 Pin=R69_0-1
Added Net: Name=NetR67_0_1
Added Pin To Net: NetName=NetR67_1_1 Pin=R67_1-1
Added Pin To Net: NetName=NetR67_1_1 Pin=R68_1-2
Added Pin To Net: NetName=NetR67_1_1 Pin=R69_1-1
Added Net: Name=NetR67_1_1
Added Pin To Net: NetName=NetR70_0_1 Pin=R70_0-1
Added Pin To Net: NetName=NetR70_0_1 Pin=R71_0-1
Added Pin To Net: NetName=NetR70_0_1 Pin=X1_0-7
Added Net: Name=NetR70_0_1
Added Pin To Net: NetName=NetR70_1_1 Pin=R70_1-1
Added Pin To Net: NetName=NetR70_1_1 Pin=R71_1-1
Added Pin To Net: NetName=NetR70_1_1 Pin=X1_1-7
Added Net: Name=NetR70_1_1
Added Member To Class: ClassName=6 Member=Component C1 Cap
Added Member To Class: ClassName=6 Member=Component C2 Cap
Added Member To Class: ClassName=6 Member=Component C3 Cap
Added Member To Class: ClassName=6 Member=Component C4 Cap
Added Member To Class: ClassName=6 Member=Component C5 Cap
Added Member To Class: ClassName=6 Member=Component C6 Cap
Added Member To Class: ClassName=6 Member=Component C7 Cap
Added Member To Class: ClassName=6 Member=Component C8 Cap
Added Member To Class: ClassName=6 Member=Component C9 Cap
Added Member To Class: ClassName=6 Member=Component C10 Cap
Added Member To Class: ClassName=6 Member=Component C11 Cap
Added Member To Class: ClassName=6 Member=Component C12 Cap
Added Member To Class: ClassName=4 Member=Component C13 Cap Pol1
Added Member To Class: ClassName=4 Member=Component C14 Cap
Added Member To Class: ClassName=4 Member=Component C15 Cap
Added Member To Class: ClassName=4 Member=Component C16 Cap
Added Member To Class: ClassName=4 Member=Component C17 Cap
Added Member To Class: ClassName=4 Member=Component C18 Cap
Added Member To Class: ClassName=4 Member=Component C19 Cap
Added Member To Class: ClassName=4 Member=Component C20 Cap
Added Member To Class: ClassName=4 Member=Component C21 Cap
Added Member To Class: ClassName=4 Member=Component C22 Cap
Added Member To Class: ClassName=4 Member=Component C23 Cap
Added Member To Class: ClassName=4 Member=Component C24 Cap
Added Member To Class: ClassName=4 Member=Component C25 Cap Pol1
Added Member To Class: ClassName=4 Member=Component C26 Cap
Added Member To Class: ClassName=4 Member=Component C27 Cap
Added Member To Class: ClassName=4 Member=Component C28 Cap
Added Member To Class: ClassName=4 Member=Component C29 Cap
Added Member To Class: ClassName=4 Member=Component C30 Cap
Added Member To Class: ClassName=4 Member=Component C31 Cap
Added Member To Class: ClassName=4 Member=Component C32 Cap
Added Member To Class: ClassName=4 Member=Component C33 Cap
Added Member To Class: ClassName=4 Member=Component C34 Cap
Added Member To Class: ClassName=4 Member=Component C35 Cap
Added Member To Class: ClassName=4 Member=Component C36 Cap
Added Member To Class: ClassName=4 Member=Component C37 Cap
Added Member To Class: ClassName=4 Member=Component C38 Cap
Added Member To Class: ClassName=4 Member=Component C39 Cap
Added Member To Class: ClassName=4 Member=Component C40 Cap
Added Member To Class: ClassName=4 Member=Component C41 Cap Pol1
Added Member To Class: ClassName=4 Member=Component C42 Cap Pol1
Added Member To Class: ClassName=4 Member=Component C43 Cap
Added Member To Class: ClassName=4 Member=Component C44 Cap
Added Member To Class: ClassName=4 Member=Component C45 Cap
Added Member To Class: ClassName=4 Member=Component C46 Cap
Added Member To Class: ClassName=4 Member=Component C47 Cap
Added Member To Class: ClassName=4 Member=Component C48 Cap
Added Member To Class: ClassName=4 Member=Component C49 Cap
Added Member To Class: ClassName=4 Member=Component C50 Cap
Added Member To Class: ClassName=4 Member=Component C51 Cap Pol1
Added Member To Class: ClassName=2 Member=Component C52 ceramic Cap
Added Member To Class: ClassName=2 Member=Component C53 ceramic Cap
Added Member To Class: ClassName=2 Member=Component C54 ceramic Cap
Added Member To Class: ClassName=2 Member=Component C55 ceramic Cap
Added Member To Class: ClassName=2 Member=Component C56 ceramic Cap
Added Member To Class: ClassName=2 Member=Component C57 Cap Pol1
Added Member To Class: ClassName=2 Member=Component C58 Cap Pol1
Added Member To Class: ClassName=2 Member=Component C59 Cap
Added Member To Class: ClassName=2 Member=Component C60 Cap
Added Member To Class: ClassName=2 Member=Component C61 ceramic Cap
Added Member To Class: ClassName=2 Member=Component C62 ceramic Cap
Added Member To Class: ClassName=2 Member=Component C63 ceramic Cap
Added Member To Class: ClassName=2 Member=Component C64 ceramic Cap
Added Member To Class: ClassName=2 Member=Component C65 ceramic Cap
Added Member To Class: ClassName=2 Member=Component C66 ceramic Cap
Added Member To Class: ClassName=2 Member=Component C67 ceramic Cap
Added Member To Class: ClassName=2 Member=Component C68 ceramic Cap
Added Member To Class: ClassName=2 Member=Component C69 ceramic Cap
Added Member To Class: ClassName=2 Member=Component C70 ceramic Cap
Added Member To Class: ClassName=2 Member=Component C71 Cap
Added Member To Class: ClassName=2 Member=Component C72 Cap
Added Member To Class: ClassName=2 Member=Component C73 ceramic Cap
Added Member To Class: ClassName=2 Member=Component C74 ceramic Cap
Added Member To Class: ClassName=2 Member=Component C75 Cap
Added Member To Class: ClassName=2 Member=Component C76 ceramic Cap
Added Member To Class: ClassName=2 Member=Component C77 ceramic Cap
Added Member To Class: ClassName=2 Member=Component C78 ceramic Cap
Added Member To Class: ClassName=2 Member=Component C79 Cap Pol1
Added Member To Class: ClassName=2 Member=Component C80 Cap Pol1
Added Member To Class: ClassName=2 Member=Component C81 Cap
Added Member To Class: ClassName=2 Member=Component C82 ceramic Cap
Added Member To Class: ClassName=2 Member=Component C83 ceramic Cap
Added Member To Class: ClassName=2 Member=Component C84 ceramic Cap
Added Member To Class: ClassName=2 Member=Component C85 ceramic Cap
Added Member To Class: ClassName=2 Member=Component C86 ceramic Cap
Added Member To Class: ClassName=2 Member=Component C87 ceramic Cap
Added Member To Class: ClassName=2 Member=Component C88 ceramic Cap
Added Member To Class: ClassName=2 Member=Component C89 ceramic Cap
Added Member To Class: ClassName=2 Member=Component C90 ceramic Cap
Added Member To Class: ClassName=2 Member=Component C91 ceramic Cap
Added Member To Class: ClassName=2 Member=Component C92 ceramic Cap
Added Member To Class: ClassName=2 Member=Component C93 ceramic Cap
Added Member To Class: ClassName=2 Member=Component C94 ceramic Cap
Added Member To Class: ClassName=2 Member=Component C95 ceramic Cap
Added Member To Class: ClassName=2 Member=Component C96 ceramic Cap
Added Member To Class: ClassName=2 Member=Component C97 ceramic Cap
Added Member To Class: ClassName=2 Member=Component C98 ceramic Cap
Added Member To Class: ClassName=2 Member=Component C99 ceramic Cap
Added Member To Class: ClassName=2 Member=Component C100 ceramic Cap
Added Member To Class: ClassName=2 Member=Component C101 ceramic Cap
Added Member To Class: ClassName=2 Member=Component C102 ceramic Cap
Added Member To Class: ClassName=2 Member=Component C103 ceramic Cap
Added Member To Class: ClassName=2 Member=Component C104 ceramic Cap
Added Member To Class: ClassName=2 Member=Component C105 ceramic Cap
Added Member To Class: ClassName=0 Member=Component C106_0 (C106) ceramic Cap
Added Member To Class: ClassName=1 Member=Component C106_1 (C106) ceramic Cap
Added Member To Class: ClassName=0 Member=Component C107_0 (C107) ceramic Cap
Added Member To Class: ClassName=1 Member=Component C107_1 (C107) ceramic Cap
Added Member To Class: ClassName=0 Member=Component C108_0 (C108) ceramic Cap
Added Member To Class: ClassName=1 Member=Component C108_1 (C108) ceramic Cap
Added Member To Class: ClassName=0 Member=Component C109_0 (C109) ceramic Cap
Added Member To Class: ClassName=1 Member=Component C109_1 (C109) ceramic Cap
Added Member To Class: ClassName=0 Member=Component C110_0 (C110) ceramic Cap
Added Member To Class: ClassName=1 Member=Component C110_1 (C110) ceramic Cap
Added Member To Class: ClassName=0 Member=Component C111_0 (C111) ceramic Cap
Added Member To Class: ClassName=1 Member=Component C111_1 (C111) ceramic Cap
Added Member To Class: ClassName=0 Member=Component C112_0 (C112) Cap Pol1
Added Member To Class: ClassName=1 Member=Component C112_1 (C112) Cap Pol1
Added Member To Class: ClassName=0 Member=Component C113_0 (C113) ceramic Cap
Added Member To Class: ClassName=1 Member=Component C113_1 (C113) ceramic Cap
Added Member To Class: ClassName=0 Member=Component C114_0 (C114) ceramic Cap
Added Member To Class: ClassName=1 Member=Component C114_1 (C114) ceramic Cap
Added Member To Class: ClassName=0 Member=Component C115_0 (C115) ceramic Cap
Added Member To Class: ClassName=1 Member=Component C115_1 (C115) ceramic Cap
Added Member To Class: ClassName=0 Member=Component C116_0 (C116) ceramic Cap
Added Member To Class: ClassName=1 Member=Component C116_1 (C116) ceramic Cap
Added Member To Class: ClassName=0 Member=Component C117_0 (C117) ceramic Cap
Added Member To Class: ClassName=1 Member=Component C117_1 (C117) ceramic Cap
Added Member To Class: ClassName=0 Member=Component C118_0 (C118) ceramic Cap
Added Member To Class: ClassName=1 Member=Component C118_1 (C118) ceramic Cap
Added Member To Class: ClassName=0 Member=Component C119_0 (C119) ceramic Cap
Added Member To Class: ClassName=1 Member=Component C119_1 (C119) ceramic Cap
Added Member To Class: ClassName=0 Member=Component C120_0 (C120) ceramic Cap
Added Member To Class: ClassName=1 Member=Component C120_1 (C120) ceramic Cap
Added Member To Class: ClassName=0 Member=Component C121_0 (C121) ceramic Cap
Added Member To Class: ClassName=1 Member=Component C121_1 (C121) ceramic Cap
Added Member To Class: ClassName=0 Member=Component C122_0 (C122) ceramic Cap
Added Member To Class: ClassName=1 Member=Component C122_1 (C122) ceramic Cap
Added Member To Class: ClassName=0 Member=Component C123_0 (C123) ceramic Cap
Added Member To Class: ClassName=1 Member=Component C123_1 (C123) ceramic Cap
Added Member To Class: ClassName=0 Member=Component C124_0 (C124) ceramic Cap
Added Member To Class: ClassName=1 Member=Component C124_1 (C124) ceramic Cap
Added Member To Class: ClassName=0 Member=Component C125_0 (C125) ceramic Cap
Added Member To Class: ClassName=1 Member=Component C125_1 (C125) ceramic Cap
Added Member To Class: ClassName=3 Member=Component CN6 JAE KX15-70p
Added Member To Class: ClassName=3 Member=Component CN7 JAE KX15-70p
Added Member To Class: ClassName=2 Member=Component D6 LED0
Added Member To Class: ClassName=6 Member=Component IC1 ADS7886
Added Member To Class: ClassName=6 Member=Component IC3 ADS7886
Added Member To Class: ClassName=5 Member=Component IC5 EP3C5E144C7
Added Member To Class: ClassName=4 Member=Component IC7 ADCMP600
Added Member To Class: ClassName=4 Member=Component IC8 NB3N3020
Added Member To Class: ClassName=4 Member=Component IC9 AD8541
Added Member To Class: ClassName=4 Member=Component IC10 SY89474U
Added Member To Class: ClassName=4 Member=Component IC11 MC100EP16
Added Member To Class: ClassName=4 Member=Component IC12 SY89465U
Added Member To Class: ClassName=4 Member=Component IC13 AD5662B
Added Member To Class: ClassName=4 Member=Component IC14 VS-705
Added Member To Class: ClassName=4 Member=Component IC15 MC100EPT21
Added Member To Class: ClassName=4 Member=Component IC16 SY89474U
Added Member To Class: ClassName=4 Member=Component IC17 AD5662B
Added Member To Class: ClassName=4 Member=Component IC18 VS-705
Added Member To Class: ClassName=2 Member=Component IC19 LM1117
Added Member To Class: ClassName=2 Member=Component IC20 TPS786xx
Added Member To Class: ClassName=2 Member=Component IC21 LM1117
Added Member To Class: ClassName=0 Member=Component IC22_0 (IC22A) SN74AUC1G125
Added Member To Class: ClassName=1 Member=Component IC22_1 (IC22A) SN74AUC1G125
Added Member To Class: ClassName=0 Member=Component IC23_0 (IC23A) TLK1221
Added Member To Class: ClassName=1 Member=Component IC23_1 (IC23A) TLK1221
Added Member To Class: ClassName=0 Member=Component IC24_0 (IC24A) MC100EPT21
Added Member To Class: ClassName=1 Member=Component IC24_1 (IC24A) MC100EPT21
Added Member To Class: ClassName=2 Member=Component IC? EP3C5E144C7
Added Member To Class: ClassName=2 Member=Component IC? EP3C5E144C7
Added Member To Class: ClassName=4 Member=Component L1 Ferrite bead
Added Member To Class: ClassName=4 Member=Component L2 Ferrite bead
Added Member To Class: ClassName=0 Member=Component L3_0 (L3) Inductor
Added Member To Class: ClassName=1 Member=Component L3_1 (L3) Inductor
Added Member To Class: ClassName=0 Member=Component L4_0 (L4) Inductor
Added Member To Class: ClassName=1 Member=Component L4_1 (L4) Inductor
Added Member To Class: ClassName=0 Member=Component L5_0 (L5) Inductor
Added Member To Class: ClassName=1 Member=Component L5_1 (L5) Inductor
Added Member To Class: ClassName=6 Member=Component R1 Res2
Added Member To Class: ClassName=6 Member=Component R2 Res2
Added Member To Class: ClassName=6 Member=Component R3 Res2
Added Member To Class: ClassName=6 Member=Component R4 Res2
Added Member To Class: ClassName=6 Member=Component R5 Res2
Added Member To Class: ClassName=6 Member=Component R6 Res2
Added Member To Class: ClassName=6 Member=Component R7 Res2
Added Member To Class: ClassName=6 Member=Component R8 Res2
Added Member To Class: ClassName=6 Member=Component R9 Res2
Added Member To Class: ClassName=6 Member=Component R10 Res2
Added Member To Class: ClassName=6 Member=Component R11 Res2
Added Member To Class: ClassName=6 Member=Component R12 Res2
Added Member To Class: ClassName=6 Member=Component R13 Res2
Added Member To Class: ClassName=6 Member=Component R14 Res2
Added Member To Class: ClassName=5 Member=Component R15 Res2
Added Member To Class: ClassName=5 Member=Component R16 Res2
Added Member To Class: ClassName=5 Member=Component R17 Res2
Added Member To Class: ClassName=5 Member=Component R18 Res2
Added Member To Class: ClassName=5 Member=Component R19 Res2
Added Member To Class: ClassName=5 Member=Component R20 Res2
Added Member To Class: ClassName=5 Member=Component R21 Res2
Added Member To Class: ClassName=5 Member=Component R22 Res2
Added Member To Class: ClassName=4 Member=Component R23 Res2
Added Member To Class: ClassName=4 Member=Component R24 Res2
Added Member To Class: ClassName=4 Member=Component R25 Res2
Added Member To Class: ClassName=4 Member=Component R26 Res2
Added Member To Class: ClassName=4 Member=Component R27 Res2
Added Member To Class: ClassName=4 Member=Component R28 Res2
Added Member To Class: ClassName=4 Member=Component R29 Res2
Added Member To Class: ClassName=4 Member=Component R30 Res2
Added Member To Class: ClassName=4 Member=Component R31 Res2
Added Member To Class: ClassName=4 Member=Component R32 Res2
Added Member To Class: ClassName=4 Member=Component R33 Res2
Added Member To Class: ClassName=4 Member=Component R34 Res2
Added Member To Class: ClassName=4 Member=Component R35 Res2
Added Member To Class: ClassName=4 Member=Component R36 Res2
Added Member To Class: ClassName=4 Member=Component R37 Res2
Added Member To Class: ClassName=4 Member=Component R38 Res2
Added Member To Class: ClassName=4 Member=Component R39 Res2
Added Member To Class: ClassName=4 Member=Component R40 Res2
Added Member To Class: ClassName=4 Member=Component R41 Res2
Added Member To Class: ClassName=4 Member=Component R42 Res2
Added Member To Class: ClassName=4 Member=Component R43 Res2
Added Member To Class: ClassName=4 Member=Component R44 Res2
Added Member To Class: ClassName=4 Member=Component R45 Res2
Added Member To Class: ClassName=4 Member=Component R46 Res2
Added Member To Class: ClassName=4 Member=Component R47 Res2
Added Member To Class: ClassName=4 Member=Component R48 Res2
Added Member To Class: ClassName=4 Member=Component R49 Res2
Added Member To Class: ClassName=4 Member=Component R50 Res2
Added Member To Class: ClassName=4 Member=Component R51 Res2
Added Member To Class: ClassName=4 Member=Component R52 Res2
Added Member To Class: ClassName=4 Member=Component R53 Res2
Added Member To Class: ClassName=CLKB_main Member=Component R54 Res2
Added Member To Class: ClassName=3 Member=Component R55 Res2
Added Member To Class: ClassName=3 Member=Component R56 Res2
Added Member To Class: ClassName=2 Member=Component R57 Res2
Added Member To Class: ClassName=0 Member=Component R58_0 (R58) Res2
Added Member To Class: ClassName=1 Member=Component R58_1 (R58) Res2
Added Member To Class: ClassName=0 Member=Component R59_0 (R59) Res2
Added Member To Class: ClassName=1 Member=Component R59_1 (R59) Res2
Added Member To Class: ClassName=0 Member=Component R60_0 (R60) Res2
Added Member To Class: ClassName=1 Member=Component R60_1 (R60) Res2
Added Member To Class: ClassName=0 Member=Component R61_0 (R61) Res2
Added Member To Class: ClassName=1 Member=Component R61_1 (R61) Res2
Added Member To Class: ClassName=0 Member=Component R62_0 (R62) Res2
Added Member To Class: ClassName=1 Member=Component R62_1 (R62) Res2
Added Member To Class: ClassName=0 Member=Component R63_0 (R63) Res2
Added Member To Class: ClassName=1 Member=Component R63_1 (R63) Res2
Added Member To Class: ClassName=0 Member=Component R64_0 (R64) Res2
Added Member To Class: ClassName=1 Member=Component R64_1 (R64) Res2
Added Member To Class: ClassName=0 Member=Component R65_0 (R65) Res2
Added Member To Class: ClassName=1 Member=Component R65_1 (R65) Res2
Added Member To Class: ClassName=0 Member=Component R66_0 (R66) Res2
Added Member To Class: ClassName=1 Member=Component R66_1 (R66) Res2
Added Member To Class: ClassName=0 Member=Component R67_0 (R67) Res2
Added Member To Class: ClassName=1 Member=Component R67_1 (R67) Res2
Added Member To Class: ClassName=0 Member=Component R68_0 (R68) Res2
Added Member To Class: ClassName=1 Member=Component R68_1 (R68) Res2
Added Member To Class: ClassName=0 Member=Component R69_0 (R69) Res2
Added Member To Class: ClassName=1 Member=Component R69_1 (R69) Res2
Added Member To Class: ClassName=0 Member=Component R70_0 (R70) Res2
Added Member To Class: ClassName=1 Member=Component R70_1 (R70) Res2
Added Member To Class: ClassName=0 Member=Component R71_0 (R71) Res2
Added Member To Class: ClassName=1 Member=Component R71_1 (R71) Res2
Added Member To Class: ClassName=0 Member=Component R72_0 (R72) Res2
Added Member To Class: ClassName=1 Member=Component R72_1 (R72) Res2
Added Member To Class: ClassName=0 Member=Component RP1_0 (RP1) 235003311101
Added Member To Class: ClassName=1 Member=Component RP1_1 (RP1) 235003311101
Added Member To Class: ClassName=0 Member=Component RP2_0 (RP2) 235003311101
Added Member To Class: ClassName=1 Member=Component RP2_1 (RP2) 235003311101
Added Member To Class: ClassName=0 Member=Component RP3_0 (RP3) 235003311101
Added Member To Class: ClassName=1 Member=Component RP3_1 (RP3) 235003311101
Added Member To Class: ClassName=0 Member=Component RP4_0 (RP4) 235003311101
Added Member To Class: ClassName=1 Member=Component RP4_1 (RP4) 235003311101
Added Member To Class: ClassName=0 Member=Component RP5_0 (RP5) 235003311101
Added Member To Class: ClassName=1 Member=Component RP5_1 (RP5) 235003311101
Added Member To Class: ClassName=0 Member=Component X1_0 (X1) SFP Module socket
Added Member To Class: ClassName=1 Member=Component X1_1 (X1) SFP Module socket
Added Room: Name=0
Added Room: Name=1
Added Room: Name=2
Added Room: Name=3
Added Room: Name=4
Added Room: Name=5
Added Room: Name=6
Added Room: Name=CLKB_main
