Added Component: Designator=C135(TC3528-1411)
Added Component: Designator=C136(CC1005-0402)
Added Component: Designator=C137(CC1005-0402)
Added Component: Designator=C138(CC1005-0402)
Added Component: Designator=C139(CC1005-0402)
Added Component: Designator=C140(CC1005-0402)
Added Component: Designator=C141(CC1005-0402)
Added Component: Designator=C142(CC1005-0402)
Added Component: Designator=C143(CC1005-0402)
Added Component: Designator=C144(CC1005-0402)
Added Component: Designator=C145(CC1005-0402)
Added Component: Designator=C146(CC1005-0402)
Added Component: Designator=C147(CC1005-0402)
Added Component: Designator=CN3(JAE_KX14_40p)
Added Component: Designator=CN4(JAE_KX15_40P)
Added Component: Designator=IC27(SOT23-5AL)
Added Component: Designator=IC28(SOT23-5AL)
Added Component: Designator=IC29(SOT23-5AL)
Added Component: Designator=IC30(SOT23-5AL)
Added Component: Designator=IC31(SOT23-5AL)
Added Component: Designator=IC32(SOT23-5AL)
Added Component: Designator=IC33(SOT23-5AL)
Added Component: Designator=IC34(SOT23-5AL)
Added Component: Designator=IC35(SOT23-5AL)
Added Component: Designator=IC36(SOT23-5AL)
Added Component: Designator=IC37(SOT23-5AL)
Added Component: Designator=IC38(SOT23-5AL)
Added Component: Designator=R73(CR1005-0402)
Added Component: Designator=R74(CR1005-0402)
Added Component: Designator=R75(CR1005-0402)
Added Component: Designator=R76(CR1005-0402)
Added Component: Designator=R77(CR1005-0402)
Added Component: Designator=R78(CR1005-0402)
Added Pin To Net: NetName=GND Pin=C135-2
Added Pin To Net: NetName=GND Pin=C136-2
Added Pin To Net: NetName=GND Pin=C137-2
Added Pin To Net: NetName=GND Pin=C138-2
Added Pin To Net: NetName=GND Pin=C139-2
Added Pin To Net: NetName=GND Pin=C140-2
Added Pin To Net: NetName=GND Pin=C141-2
Added Pin To Net: NetName=+3V3 Pin=C142-1
Added Pin To Net: NetName=GND Pin=C142-2
Added Pin To Net: NetName=+3V3 Pin=C143-1
Added Pin To Net: NetName=GND Pin=C143-2
Added Pin To Net: NetName=+3V3 Pin=C144-1
Added Pin To Net: NetName=GND Pin=C144-2
Added Pin To Net: NetName=+3V3 Pin=C145-1
Added Pin To Net: NetName=GND Pin=C145-2
Added Pin To Net: NetName=+3V3 Pin=C146-1
Added Pin To Net: NetName=GND Pin=C146-2
Added Pin To Net: NetName=+3V3 Pin=C147-1
Added Pin To Net: NetName=GND Pin=C147-2
Added Pin To Net: NetName=GND Pin=CN3-5
Added Pin To Net: NetName=GND Pin=CN3-6
Added Pin To Net: NetName=GND Pin=CN3-11
Added Pin To Net: NetName=GND Pin=CN3-12
Added Pin To Net: NetName=GND Pin=CN3-17
Added Pin To Net: NetName=GND Pin=CN3-18
Added Pin To Net: NetName=GND Pin=CN3-23
Added Pin To Net: NetName=GND Pin=CN3-24
Added Pin To Net: NetName=REFCLK2+ Pin=CN3-26
Added Pin To Net: NetName=REFCLK2- Pin=CN3-28
Added Pin To Net: NetName=GND Pin=CN3-29
Added Pin To Net: NetName=GND Pin=CN3-30
Added Pin To Net: NetName=GND Pin=CN3-35
Added Pin To Net: NetName=GND Pin=CN3-36
Added Pin To Net: NetName=GND Pin=CN3-37
Added Pin To Net: NetName=GND Pin=CN3-38
Added Pin To Net: NetName=GND Pin=CN3-39
Added Pin To Net: NetName=GND Pin=CN3-40
Added Pin To Net: NetName=GND Pin=CN4-5
Added Pin To Net: NetName=GND Pin=CN4-6
Added Pin To Net: NetName=GND Pin=CN4-12
Added Pin To Net: NetName=GND Pin=CN4-17
Added Pin To Net: NetName=GND Pin=CN4-18
Added Pin To Net: NetName=GND Pin=CN4-23
Added Pin To Net: NetName=GND Pin=CN4-24
Added Pin To Net: NetName=GND Pin=CN4-29
Added Pin To Net: NetName=GND Pin=CN4-30
Added Pin To Net: NetName=GND Pin=CN4-35
Added Pin To Net: NetName=GND Pin=CN4-36
Added Pin To Net: NetName=GND Pin=CN4-37
Added Pin To Net: NetName=GND Pin=CN4-38
Added Pin To Net: NetName=GND Pin=CN4-39
Added Pin To Net: NetName=GND Pin=CN4-40
Added Pin To Net: NetName=VDD Pin=IC6-14
Added Pin To Net: NetName=GND Pin=IC27-2
Added Pin To Net: NetName=GND Pin=IC28-2
Added Pin To Net: NetName=GND Pin=IC29-2
Added Pin To Net: NetName=GND Pin=IC30-2
Added Pin To Net: NetName=GND Pin=IC31-2
Added Pin To Net: NetName=GND Pin=IC32-2
Added Pin To Net: NetName=GND Pin=IC33-2
Added Pin To Net: NetName=GND Pin=IC34-2
Added Pin To Net: NetName=GND Pin=IC35-2
Added Pin To Net: NetName=GND Pin=IC36-2
Added Pin To Net: NetName=GND Pin=IC37-2
Added Pin To Net: NetName=GND Pin=IC38-2
Added Pin To Net: NetName=+3V3_BUF Pin=C135-1
Added Pin To Net: NetName=+3V3_BUF Pin=C136-1
Added Pin To Net: NetName=+3V3_BUF Pin=C137-1
Added Pin To Net: NetName=+3V3_BUF Pin=C138-1
Added Pin To Net: NetName=+3V3_BUF Pin=C139-1
Added Pin To Net: NetName=+3V3_BUF Pin=C140-1
Added Pin To Net: NetName=+3V3_BUF Pin=C141-1
Added Pin To Net: NetName=+3V3_BUF Pin=CN3-1
Added Pin To Net: NetName=+3V3_BUF Pin=CN3-2
Added Pin To Net: NetName=+3V3_BUF Pin=CN3-3
Added Pin To Net: NetName=+3V3_BUF Pin=CN3-4
Added Pin To Net: NetName=+3V3_BUF Pin=CN4-1
Added Pin To Net: NetName=+3V3_BUF Pin=CN4-2
Added Pin To Net: NetName=+3V3_BUF Pin=CN4-3
Added Pin To Net: NetName=+3V3_BUF Pin=CN4-4
Added Pin To Net: NetName=+3V3_BUF Pin=IC27-1
Added Pin To Net: NetName=+3V3_BUF Pin=IC28-1
Added Pin To Net: NetName=+3V3_BUF Pin=IC29-1
Added Pin To Net: NetName=+3V3_BUF Pin=IC30-1
Added Pin To Net: NetName=+3V3_BUF Pin=IC31-1
Added Pin To Net: NetName=+3V3_BUF Pin=IC32-1
Added Pin To Net: NetName=+3V3_BUF Pin=IC33-1
Added Pin To Net: NetName=+3V3_BUF Pin=IC34-1
Added Pin To Net: NetName=+3V3_BUF Pin=IC35-1
Added Pin To Net: NetName=+3V3_BUF Pin=IC36-1
Added Pin To Net: NetName=+3V3_BUF Pin=IC37-1
Added Pin To Net: NetName=+3V3_BUF Pin=IC38-1
Added Net: Name=+3V3_BUF
Added Pin To Net: NetName=NetCN2_14 Pin=IC37-4
Added Net: Name=NetCN2_14
Added Pin To Net: NetName=NetCN2_15 Pin=IC37-3
Added Net: Name=NetCN2_15
Added Pin To Net: NetName=NetCN2_26 Pin=IC35-4
Added Net: Name=NetCN2_26
Added Pin To Net: NetName=NetCN2_27 Pin=IC35-3
Added Net: Name=NetCN2_27
Added Pin To Net: NetName=NetCN2_38 Pin=IC33-4
Added Net: Name=NetCN2_38
Added Pin To Net: NetName=NetCN2_39 Pin=IC33-3
Added Net: Name=NetCN2_39
Added Pin To Net: NetName=NetCN2_50 Pin=IC31-4
Added Net: Name=NetCN2_50
Added Pin To Net: NetName=NetCN2_51 Pin=IC31-3
Added Net: Name=NetCN2_51
Added Pin To Net: NetName=NetCN2_62 Pin=IC29-4
Added Net: Name=NetCN2_62
Added Pin To Net: NetName=NetCN2_63 Pin=IC29-3
Added Net: Name=NetCN2_63
Added Pin To Net: NetName=NetCN2_74 Pin=IC27-4
Added Net: Name=NetCN2_74
Added Pin To Net: NetName=NetCN2_75 Pin=IC27-3
Added Net: Name=NetCN2_75
Added Pin To Net: NetName=NetCN2_96 Pin=IC28-4
Added Pin To Net: NetName=NetCN2_96 Pin=R73-2
Added Net: Name=NetCN2_96
Added Pin To Net: NetName=NetCN2_97 Pin=IC28-3
Added Pin To Net: NetName=NetCN2_97 Pin=R73-1
Added Net: Name=NetCN2_97
Added Pin To Net: NetName=NetCN2_108 Pin=IC30-4
Added Pin To Net: NetName=NetCN2_108 Pin=R74-2
Added Net: Name=NetCN2_108
Added Pin To Net: NetName=NetCN2_109 Pin=IC30-3
Added Pin To Net: NetName=NetCN2_109 Pin=R74-1
Added Net: Name=NetCN2_109
Added Pin To Net: NetName=NetCN2_120 Pin=IC32-4
Added Pin To Net: NetName=NetCN2_120 Pin=R75-2
Added Net: Name=NetCN2_120
Added Pin To Net: NetName=NetCN2_121 Pin=IC32-3
Added Pin To Net: NetName=NetCN2_121 Pin=R75-1
Added Net: Name=NetCN2_121
Added Pin To Net: NetName=NetCN2_132 Pin=IC34-4
Added Pin To Net: NetName=NetCN2_132 Pin=R76-2
Added Net: Name=NetCN2_132
Added Pin To Net: NetName=NetCN2_133 Pin=IC34-3
Added Pin To Net: NetName=NetCN2_133 Pin=R76-1
Added Net: Name=NetCN2_133
Added Pin To Net: NetName=NetCN2_144 Pin=IC36-4
Added Pin To Net: NetName=NetCN2_144 Pin=R77-2
Added Net: Name=NetCN2_144
Added Pin To Net: NetName=NetCN2_145 Pin=IC36-3
Added Pin To Net: NetName=NetCN2_145 Pin=R77-1
Added Net: Name=NetCN2_145
Added Pin To Net: NetName=NetCN2_156 Pin=IC38-4
Added Pin To Net: NetName=NetCN2_156 Pin=R78-2
Added Net: Name=NetCN2_156
Added Pin To Net: NetName=NetCN2_157 Pin=IC38-3
Added Pin To Net: NetName=NetCN2_157 Pin=R78-1
Added Net: Name=NetCN2_157
Added Pin To Net: NetName=SMI_RX0 Pin=CN3-7
Added Pin To Net: NetName=SMI_RX0 Pin=IC38-5
Added Net: Name=SMI_RX0
Added Pin To Net: NetName=SMI_RX1 Pin=CN3-13
Added Pin To Net: NetName=SMI_RX1 Pin=IC36-5
Added Net: Name=SMI_RX1
Added Pin To Net: NetName=SMI_RX2 Pin=CN3-19
Added Pin To Net: NetName=SMI_RX2 Pin=IC34-5
Added Net: Name=SMI_RX2
Added Pin To Net: NetName=SMI_RX3 Pin=CN3-25
Added Pin To Net: NetName=SMI_RX3 Pin=IC32-5
Added Net: Name=SMI_RX3
Added Pin To Net: NetName=SMI_RX4 Pin=CN3-31
Added Pin To Net: NetName=SMI_RX4 Pin=IC30-5
Added Net: Name=SMI_RX4
Added Pin To Net: NetName=SMI_RX5 Pin=CN3-8
Added Pin To Net: NetName=SMI_RX5 Pin=IC28-5
Added Net: Name=SMI_RX5
Added Pin To Net: NetName=SMI_RX6 Pin=CN3-14
Added Pin To Net: NetName=SMI_RX6 Pin=CN4-14
Added Net: Name=SMI_RX6
Added Pin To Net: NetName=SMI_RX7 Pin=CN3-20
Added Pin To Net: NetName=SMI_RX7 Pin=CN4-20
Added Net: Name=SMI_RX7
Added Pin To Net: NetName=SMI_TX0 Pin=CN3-9
Added Pin To Net: NetName=SMI_TX0 Pin=IC37-5
Added Net: Name=SMI_TX0
Added Pin To Net: NetName=SMI_TX1 Pin=CN3-15
Added Pin To Net: NetName=SMI_TX1 Pin=IC35-5
Added Net: Name=SMI_TX1
Added Pin To Net: NetName=SMI_TX2 Pin=CN3-21
Added Pin To Net: NetName=SMI_TX2 Pin=IC33-5
Added Net: Name=SMI_TX2
Added Pin To Net: NetName=SMI_TX3 Pin=CN3-27
Added Pin To Net: NetName=SMI_TX3 Pin=IC31-5
Added Net: Name=SMI_TX3
Added Pin To Net: NetName=SMI_TX4 Pin=CN3-33
Added Pin To Net: NetName=SMI_TX4 Pin=IC29-5
Added Net: Name=SMI_TX4
Added Pin To Net: NetName=SMI_TX5 Pin=CN3-10
Added Pin To Net: NetName=SMI_TX5 Pin=IC27-5
Added Net: Name=SMI_TX5
Added Pin To Net: NetName=SMI_TX6 Pin=CN3-16
Added Pin To Net: NetName=SMI_TX6 Pin=CN4-16
Added Net: Name=SMI_TX6
Added Pin To Net: NetName=SMI_TX7 Pin=CN3-22
Added Pin To Net: NetName=SMI_TX7 Pin=CN4-22
Added Net: Name=SMI_TX7
Added Class: Name=U_CLKB_SMI_if_1_6
Added Member To Class: ClassName=PWR Member=Component C79 Cap Pol1
Added Room: Name=U_CLKB_SMI_if_1_6
