Change Component Designator: OldDesignator=C106_0 NewDesignator=C106_up0
Change Component Designator: OldDesignator=C106_1 NewDesignator=C106_up1
Change Component Designator: OldDesignator=C107_0 NewDesignator=C107_up0
Change Component Designator: OldDesignator=C107_1 NewDesignator=C107_up1
Change Component Designator: OldDesignator=C108_0 NewDesignator=C108_up0
Change Component Designator: OldDesignator=C108_1 NewDesignator=C108_up1
Change Component Designator: OldDesignator=C109_0 NewDesignator=C109_up0
Change Component Designator: OldDesignator=C109_1 NewDesignator=C109_up1
Change Component Designator: OldDesignator=C110_0 NewDesignator=C110_up0
Change Component Designator: OldDesignator=C110_1 NewDesignator=C110_up1
Change Component Designator: OldDesignator=C111_0 NewDesignator=C111_up0
Change Component Designator: OldDesignator=C111_1 NewDesignator=C111_up1
Change Component Designator: OldDesignator=C112_0 NewDesignator=C112_up0
Change Component Designator: OldDesignator=C112_1 NewDesignator=C112_up1
Change Component Designator: OldDesignator=C113_0 NewDesignator=C113_up0
Change Component Designator: OldDesignator=C113_1 NewDesignator=C113_up1
Change Component Designator: OldDesignator=C114_0 NewDesignator=C114_up0
Change Component Designator: OldDesignator=C114_1 NewDesignator=C114_up1
Change Component Designator: OldDesignator=C115_0 NewDesignator=C115_up0
Change Component Designator: OldDesignator=C115_1 NewDesignator=C115_up1
Change Component Designator: OldDesignator=C116_0 NewDesignator=C116_up0
Change Component Designator: OldDesignator=C116_1 NewDesignator=C116_up1
Change Component Designator: OldDesignator=C117_0 NewDesignator=C117_up0
Change Component Designator: OldDesignator=C117_1 NewDesignator=C117_up1
Change Component Designator: OldDesignator=C118_0 NewDesignator=C118_up0
Change Component Designator: OldDesignator=C118_1 NewDesignator=C118_up1
Change Component Designator: OldDesignator=C119_0 NewDesignator=C119_up0
Change Component Designator: OldDesignator=C119_1 NewDesignator=C119_up1
Change Component Designator: OldDesignator=C120_0 NewDesignator=C120_up0
Change Component Designator: OldDesignator=C120_1 NewDesignator=C120_up1
Change Component Designator: OldDesignator=C121_0 NewDesignator=C121_up0
Change Component Designator: OldDesignator=C121_1 NewDesignator=C121_up1
Change Component Designator: OldDesignator=C122_0 NewDesignator=C122_up0
Change Component Designator: OldDesignator=C122_1 NewDesignator=C122_up1
Change Component Designator: OldDesignator=C123_0 NewDesignator=C123_up0
Change Component Designator: OldDesignator=C123_1 NewDesignator=C123_up1
Change Component Designator: OldDesignator=C124_0 NewDesignator=C124_up0
Change Component Designator: OldDesignator=C124_1 NewDesignator=C124_up1
Change Component Designator: OldDesignator=C125_0 NewDesignator=C125_up0
Change Component Designator: OldDesignator=C125_1 NewDesignator=C125_up1
Change Component Designator: OldDesignator=IC22_0 NewDesignator=IC22_up0
Change Component Designator: OldDesignator=IC22_1 NewDesignator=IC22_up1
Change Component Designator: OldDesignator=IC23_0 NewDesignator=IC23_up0
Change Component Designator: OldDesignator=IC23_1 NewDesignator=IC23_up1
Change Component Designator: OldDesignator=IC24_0 NewDesignator=IC24_up0
Change Component Designator: OldDesignator=IC24_1 NewDesignator=IC24_up1
Change Component Designator: OldDesignator=L3_0 NewDesignator=L3_up0
Change Component Designator: OldDesignator=L3_1 NewDesignator=L3_up1
Change Component Designator: OldDesignator=L4_0 NewDesignator=L4_up0
Change Component Designator: OldDesignator=L4_1 NewDesignator=L4_up1
Change Component Designator: OldDesignator=L5_0 NewDesignator=L5_up0
Change Component Designator: OldDesignator=L5_1 NewDesignator=L5_up1
Change Component Designator: OldDesignator=R58_0 NewDesignator=R58_up0
Change Component Designator: OldDesignator=R58_1 NewDesignator=R58_up1
Change Component Designator: OldDesignator=R59_0 NewDesignator=R59_up0
Change Component Designator: OldDesignator=R59_1 NewDesignator=R59_up1
Change Component Designator: OldDesignator=R60_0 NewDesignator=R60_up0
Change Component Designator: OldDesignator=R60_1 NewDesignator=R60_up1
Change Component Designator: OldDesignator=R61_0 NewDesignator=R61_up0
Change Component Designator: OldDesignator=R61_1 NewDesignator=R61_up1
Change Component Designator: OldDesignator=R62_0 NewDesignator=R62_up0
Change Component Designator: OldDesignator=R62_1 NewDesignator=R62_up1
Change Component Designator: OldDesignator=R63_0 NewDesignator=R63_up0
Change Component Designator: OldDesignator=R63_1 NewDesignator=R63_up1
Change Component Designator: OldDesignator=R64_0 NewDesignator=R64_up0
Change Component Designator: OldDesignator=R64_1 NewDesignator=R64_up1
Change Component Designator: OldDesignator=R65_0 NewDesignator=R65_up0
Change Component Designator: OldDesignator=R65_1 NewDesignator=R65_up1
Change Component Designator: OldDesignator=R66_0 NewDesignator=R66_up0
Change Component Designator: OldDesignator=R66_1 NewDesignator=R66_up1
Change Component Designator: OldDesignator=R67_0 NewDesignator=R67_up0
Change Component Designator: OldDesignator=R67_1 NewDesignator=R67_up1
Change Component Designator: OldDesignator=R68_0 NewDesignator=R68_up0
Change Component Designator: OldDesignator=R68_1 NewDesignator=R68_up1
Change Component Designator: OldDesignator=R69_0 NewDesignator=R69_up0
Change Component Designator: OldDesignator=R69_1 NewDesignator=R69_up1
Change Component Designator: OldDesignator=R70_0 NewDesignator=R70_up0
Change Component Designator: OldDesignator=R70_1 NewDesignator=R70_up1
Change Component Designator: OldDesignator=R71_0 NewDesignator=R71_up0
Change Component Designator: OldDesignator=R71_1 NewDesignator=R71_up1
Change Component Designator: OldDesignator=R72_0 NewDesignator=R72_up0
Change Component Designator: OldDesignator=R72_1 NewDesignator=R72_up1
Change Component Designator: OldDesignator=RP1_0 NewDesignator=RP1_up0
Change Component Designator: OldDesignator=RP1_1 NewDesignator=RP1_up1
Change Component Designator: OldDesignator=RP2_0 NewDesignator=RP2_up0
Change Component Designator: OldDesignator=RP2_1 NewDesignator=RP2_up1
Change Component Designator: OldDesignator=RP3_0 NewDesignator=RP3_up0
Change Component Designator: OldDesignator=RP3_1 NewDesignator=RP3_up1
Change Component Designator: OldDesignator=RP4_0 NewDesignator=RP4_up0
Change Component Designator: OldDesignator=RP4_1 NewDesignator=RP4_up1
Change Component Designator: OldDesignator=RP5_0 NewDesignator=RP5_up0
Change Component Designator: OldDesignator=RP5_1 NewDesignator=RP5_up1
Change Component Designator: OldDesignator=X1_0 NewDesignator=X1_up0
Change Component Designator: OldDesignator=X1_1 NewDesignator=X1_up1
Change Net Name : Old Net Name=NetC106_0_1 New Net Name=NetC106_up0_1
Change Net Name : Old Net Name=NetC106_1_1 New Net Name=NetC106_up1_1
Change Net Name : Old Net Name=NetC108_0_1 New Net Name=NetC108_up0_1
Change Net Name : Old Net Name=NetC108_0_2 New Net Name=NetC108_up0_2
Change Net Name : Old Net Name=NetC108_1_1 New Net Name=NetC108_up1_1
Change Net Name : Old Net Name=NetC108_1_2 New Net Name=NetC108_up1_2
Change Net Name : Old Net Name=NetC109_0_1 New Net Name=NetC109_up0_1
Change Net Name : Old Net Name=NetC109_0_2 New Net Name=NetC109_up0_2
Change Net Name : Old Net Name=NetC109_1_1 New Net Name=NetC109_up1_1
Change Net Name : Old Net Name=NetC109_1_2 New Net Name=NetC109_up1_2
Change Net Name : Old Net Name=NetC110_0_2 New Net Name=NetC110_up0_2
Change Net Name : Old Net Name=NetC110_1_2 New Net Name=NetC110_up1_2
Change Net Name : Old Net Name=NetC113_0_1 New Net Name=NetC113_up0_1
Change Net Name : Old Net Name=NetC113_0_2 New Net Name=NetC113_up0_2
Change Net Name : Old Net Name=NetC113_1_1 New Net Name=NetC113_up1_1
Change Net Name : Old Net Name=NetC113_1_2 New Net Name=NetC113_up1_2
Change Net Name : Old Net Name=NetC115_0_1 New Net Name=NetC115_up0_1
Change Net Name : Old Net Name=NetC115_0_2 New Net Name=NetC115_up0_2
Change Net Name : Old Net Name=NetC115_1_1 New Net Name=NetC115_up1_1
Change Net Name : Old Net Name=NetC115_1_2 New Net Name=NetC115_up1_2
Change Net Name : Old Net Name=NetC124_0_2 New Net Name=NetC124_up0_2
Change Net Name : Old Net Name=NetC124_1_2 New Net Name=NetC124_up1_2
Change Net Name : Old Net Name=NetIC22_0_2 New Net Name=NetIC22_up0_2
Change Net Name : Old Net Name=NetIC22_1_2 New Net Name=NetIC22_up1_2
Change Net Name : Old Net Name=NetIC23_0_14 New Net Name=NetIC23_up0_14
Change Net Name : Old Net Name=NetIC23_0_19 New Net Name=NetIC23_up0_19
Change Net Name : Old Net Name=NetIC23_0_20 New Net Name=NetIC23_up0_20
Change Net Name : Old Net Name=NetIC23_0_21 New Net Name=NetIC23_up0_21
Change Net Name : Old Net Name=NetIC23_0_22 New Net Name=NetIC23_up0_22
Change Net Name : Old Net Name=NetIC23_0_23 New Net Name=NetIC23_up0_23
Change Net Name : Old Net Name=NetIC23_0_24 New Net Name=NetIC23_up0_24
Change Net Name : Old Net Name=NetIC23_0_25 New Net Name=NetIC23_up0_25
Change Net Name : Old Net Name=NetIC23_0_27 New Net Name=NetIC23_up0_27
Change Net Name : Old Net Name=NetIC23_0_28 New Net Name=NetIC23_up0_28
Change Net Name : Old Net Name=NetIC23_0_29 New Net Name=NetIC23_up0_29
Change Net Name : Old Net Name=NetIC23_1_14 New Net Name=NetIC23_up1_14
Change Net Name : Old Net Name=NetIC23_1_19 New Net Name=NetIC23_up1_19
Change Net Name : Old Net Name=NetIC23_1_20 New Net Name=NetIC23_up1_20
Change Net Name : Old Net Name=NetIC23_1_21 New Net Name=NetIC23_up1_21
Change Net Name : Old Net Name=NetIC23_1_22 New Net Name=NetIC23_up1_22
Change Net Name : Old Net Name=NetIC23_1_23 New Net Name=NetIC23_up1_23
Change Net Name : Old Net Name=NetIC23_1_24 New Net Name=NetIC23_up1_24
Change Net Name : Old Net Name=NetIC23_1_25 New Net Name=NetIC23_up1_25
Change Net Name : Old Net Name=NetIC23_1_27 New Net Name=NetIC23_up1_27
Change Net Name : Old Net Name=NetIC23_1_28 New Net Name=NetIC23_up1_28
Change Net Name : Old Net Name=NetIC23_1_29 New Net Name=NetIC23_up1_29
Change Net Name : Old Net Name=NetIC24_0_7 New Net Name=NetIC24_up0_7
Change Net Name : Old Net Name=NetIC24_1_7 New Net Name=NetIC24_up1_7
Change Net Name : Old Net Name=NetR67_0_1 New Net Name=NetR67_up0_1
Change Net Name : Old Net Name=NetR67_1_1 New Net Name=NetR67_up1_1
Change Net Name : Old Net Name=NetR70_0_1 New Net Name=NetR70_up0_1
Change Net Name : Old Net Name=NetR70_1_1 New Net Name=NetR70_up1_1
Change Class Name : Old Net Name=0 New Net Name=up0
Change Class Name : Old Net Name=1 New Net Name=up1
Change Class Name : Old Net Name=2 New Net Name=PWR
Change Class Name : Old Net Name=3 New Net Name=MBCONN
Change Class Name : Old Net Name=4 New Net Name=CLK
Change Class Name : Old Net Name=5 New Net Name=FPGA
Change Class Name : Old Net Name=6 New Net Name=APD
Added Room: Name=APD
Added Room: Name=CLK
Added Room: Name=FPGA
Added Room: Name=MBCONN
Added Room: Name=PWR
Added Room: Name=up0
Added Room: Name=up1
