Removed Pin From Net: NetName=UP0_RD8 Pin=RP1_up0-1
Removed Pin From Net: NetName=UP0_RD9 Pin=RP1_up0-2
Removed Pin From Net: NetName=NetIC23_up0_19 Pin=RP1_up0-7
Removed Pin From Net: NetName=NetIC23_up0_20 Pin=RP1_up0-8
Removed Pin From Net: NetName=UP1_RD8 Pin=RP1_up1-1
Removed Pin From Net: NetName=UP1_RD9 Pin=RP1_up1-2
Removed Pin From Net: NetName=NetIC23_up1_19 Pin=RP1_up1-7
Removed Pin From Net: NetName=NetIC23_up1_20 Pin=RP1_up1-8
Removed Pin From Net: NetName=UP0_RD0 Pin=RP2_up0-1
Removed Pin From Net: NetName=UP0_RD1 Pin=RP2_up0-2
Removed Pin From Net: NetName=UP0_RD2 Pin=RP2_up0-3
Removed Pin From Net: NetName=UP0_RD3 Pin=RP2_up0-4
Removed Pin From Net: NetName=NetIC23_up0_25 Pin=RP2_up0-5
Removed Pin From Net: NetName=NetIC23_up0_27 Pin=RP2_up0-6
Removed Pin From Net: NetName=NetIC23_up0_28 Pin=RP2_up0-7
Removed Pin From Net: NetName=NetIC23_up0_29 Pin=RP2_up0-8
Removed Pin From Net: NetName=UP1_RD0 Pin=RP2_up1-1
Removed Pin From Net: NetName=UP1_RD1 Pin=RP2_up1-2
Removed Pin From Net: NetName=UP1_RD2 Pin=RP2_up1-3
Removed Pin From Net: NetName=UP1_RD3 Pin=RP2_up1-4
Removed Pin From Net: NetName=NetIC23_up1_25 Pin=RP2_up1-5
Removed Pin From Net: NetName=NetIC23_up1_27 Pin=RP2_up1-6
Removed Pin From Net: NetName=NetIC23_up1_28 Pin=RP2_up1-7
Removed Pin From Net: NetName=NetIC23_up1_29 Pin=RP2_up1-8
Removed Pin From Net: NetName=UP0_RD4 Pin=RP3_up0-1
Removed Pin From Net: NetName=UP0_RD5 Pin=RP3_up0-2
Removed Pin From Net: NetName=UP0_RD6 Pin=RP3_up0-3
Removed Pin From Net: NetName=UP0_RD7 Pin=RP3_up0-4
Removed Pin From Net: NetName=NetIC23_up0_21 Pin=RP3_up0-5
Removed Pin From Net: NetName=NetIC23_up0_22 Pin=RP3_up0-6
Removed Pin From Net: NetName=NetIC23_up0_23 Pin=RP3_up0-7
Removed Pin From Net: NetName=NetIC23_up0_24 Pin=RP3_up0-8
Removed Pin From Net: NetName=UP1_RD4 Pin=RP3_up1-1
Removed Pin From Net: NetName=UP1_RD5 Pin=RP3_up1-2
Removed Pin From Net: NetName=UP1_RD6 Pin=RP3_up1-3
Removed Pin From Net: NetName=UP1_RD7 Pin=RP3_up1-4
Removed Pin From Net: NetName=NetIC23_up1_21 Pin=RP3_up1-5
Removed Pin From Net: NetName=NetIC23_up1_22 Pin=RP3_up1-6
Removed Pin From Net: NetName=NetIC23_up1_23 Pin=RP3_up1-7
Removed Pin From Net: NetName=NetIC23_up1_24 Pin=RP3_up1-8
Removed Pin From Net: NetName=+3V3 Pin=RP4_up0-3
Removed Pin From Net: NetName=+3V3 Pin=RP4_up0-4
Removed Pin From Net: NetName=UP0_DETECT Pin=RP4_up0-5
Removed Pin From Net: NetName=+3V3 Pin=RP4_up1-3
Removed Pin From Net: NetName=+3V3 Pin=RP4_up1-4
Removed Pin From Net: NetName=UP1_DETECT Pin=RP4_up1-5
Removed Pin From Net: NetName=+3V3 Pin=RP5_up0-3
Removed Pin From Net: NetName=+3V3 Pin=RP5_up0-4
Removed Pin From Net: NetName=UP0_TX_FAULT Pin=RP5_up0-5
Removed Pin From Net: NetName=UP0_TX_DISABLE Pin=RP5_up0-6
Removed Pin From Net: NetName=UP0_SDA Pin=RP5_up0-7
Removed Pin From Net: NetName=UP0_SCL Pin=RP5_up0-8
Removed Pin From Net: NetName=+3V3 Pin=RP5_up1-3
Removed Pin From Net: NetName=+3V3 Pin=RP5_up1-4
Removed Pin From Net: NetName=UP1_TX_FAULT Pin=RP5_up1-5
Removed Pin From Net: NetName=UP1_TX_DISABLE Pin=RP5_up1-6
Removed Pin From Net: NetName=UP1_SDA Pin=RP5_up1-7
Removed Pin From Net: NetName=UP1_SCL Pin=RP5_up1-8
Removed Member From Class: ClassName=PWR Member=C52
Removed Member From Class: ClassName=PWR Member=C52
Removed Member From Class: ClassName=PWR Member=C52
Removed Member From Class: ClassName=PWR Member=C52
Removed Member From Class: ClassName=PWR Member=C52
Removed Member From Class: ClassName=PWR Member=C53
Removed Member From Class: ClassName=PWR Member=C53
Removed Member From Class: ClassName=PWR Member=C53
Removed Member From Class: ClassName=PWR Member=C53
Removed Member From Class: ClassName=PWR Member=C53
Removed Member From Class: ClassName=PWR Member=C54
Removed Member From Class: ClassName=PWR Member=C54
Removed Member From Class: ClassName=PWR Member=C54
Removed Member From Class: ClassName=PWR Member=C54
Removed Member From Class: ClassName=PWR Member=C54
Removed Member From Class: ClassName=PWR Member=C55
Removed Member From Class: ClassName=PWR Member=C55
Removed Member From Class: ClassName=PWR Member=C55
Removed Member From Class: ClassName=PWR Member=C55
Removed Member From Class: ClassName=PWR Member=C55
Removed Member From Class: ClassName=PWR Member=C56
Removed Member From Class: ClassName=PWR Member=C56
Removed Member From Class: ClassName=PWR Member=C56
Removed Member From Class: ClassName=PWR Member=C56
Removed Member From Class: ClassName=PWR Member=C56
Removed Member From Class: ClassName=PWR Member=C57
Removed Member From Class: ClassName=PWR Member=C57
Removed Member From Class: ClassName=PWR Member=C57
Removed Member From Class: ClassName=PWR Member=C57
Removed Member From Class: ClassName=PWR Member=C57
Removed Member From Class: ClassName=PWR Member=C58
Removed Member From Class: ClassName=PWR Member=C58
Removed Member From Class: ClassName=PWR Member=C58
Removed Member From Class: ClassName=PWR Member=C58
Removed Member From Class: ClassName=PWR Member=C58
Removed Member From Class: ClassName=PWR Member=C59
Removed Member From Class: ClassName=PWR Member=C59
Removed Member From Class: ClassName=PWR Member=C59
Removed Member From Class: ClassName=PWR Member=C59
Removed Member From Class: ClassName=PWR Member=C59
Removed Member From Class: ClassName=PWR Member=C60
Removed Member From Class: ClassName=PWR Member=C60
Removed Member From Class: ClassName=PWR Member=C60
Removed Member From Class: ClassName=PWR Member=C60
Removed Member From Class: ClassName=PWR Member=C60
Removed Member From Class: ClassName=PWR Member=C61
Removed Member From Class: ClassName=PWR Member=C61
Removed Member From Class: ClassName=PWR Member=C61
Removed Member From Class: ClassName=PWR Member=C61
Removed Member From Class: ClassName=PWR Member=C61
Removed Member From Class: ClassName=PWR Member=C62
Removed Member From Class: ClassName=PWR Member=C62
Removed Member From Class: ClassName=PWR Member=C62
Removed Member From Class: ClassName=PWR Member=C62
Removed Member From Class: ClassName=PWR Member=C62
Removed Member From Class: ClassName=PWR Member=C63
Removed Member From Class: ClassName=PWR Member=C63
Removed Member From Class: ClassName=PWR Member=C63
Removed Member From Class: ClassName=PWR Member=C63
Removed Member From Class: ClassName=PWR Member=C63
Removed Member From Class: ClassName=PWR Member=C64
Removed Member From Class: ClassName=PWR Member=C64
Removed Member From Class: ClassName=PWR Member=C64
Removed Member From Class: ClassName=PWR Member=C64
Removed Member From Class: ClassName=PWR Member=C64
Removed Member From Class: ClassName=PWR Member=C65
Removed Member From Class: ClassName=PWR Member=C65
Removed Member From Class: ClassName=PWR Member=C65
Removed Member From Class: ClassName=PWR Member=C65
Removed Member From Class: ClassName=PWR Member=C65
Removed Member From Class: ClassName=PWR Member=C66
Removed Member From Class: ClassName=PWR Member=C66
Removed Member From Class: ClassName=PWR Member=C66
Removed Member From Class: ClassName=PWR Member=C66
Removed Member From Class: ClassName=PWR Member=C66
Removed Member From Class: ClassName=PWR Member=C67
Removed Member From Class: ClassName=PWR Member=C67
Removed Member From Class: ClassName=PWR Member=C67
Removed Member From Class: ClassName=PWR Member=C67
Removed Member From Class: ClassName=PWR Member=C67
Removed Member From Class: ClassName=PWR Member=C68
Removed Member From Class: ClassName=PWR Member=C68
Removed Member From Class: ClassName=PWR Member=C68
Removed Member From Class: ClassName=PWR Member=C68
Removed Member From Class: ClassName=PWR Member=C68
Removed Member From Class: ClassName=PWR Member=C69
Removed Member From Class: ClassName=PWR Member=C69
Removed Member From Class: ClassName=PWR Member=C69
Removed Member From Class: ClassName=PWR Member=C69
Removed Member From Class: ClassName=PWR Member=C69
Removed Member From Class: ClassName=PWR Member=C70
Removed Member From Class: ClassName=PWR Member=C70
Removed Member From Class: ClassName=PWR Member=C70
Removed Member From Class: ClassName=PWR Member=C70
Removed Member From Class: ClassName=PWR Member=C70
Removed Member From Class: ClassName=PWR Member=C71
Removed Member From Class: ClassName=PWR Member=C71
Removed Member From Class: ClassName=PWR Member=C71
Removed Member From Class: ClassName=PWR Member=C71
Removed Member From Class: ClassName=PWR Member=C71
Removed Member From Class: ClassName=PWR Member=C72
Removed Member From Class: ClassName=PWR Member=C72
Removed Member From Class: ClassName=PWR Member=C72
Removed Member From Class: ClassName=PWR Member=C72
Removed Member From Class: ClassName=PWR Member=C72
Removed Member From Class: ClassName=PWR Member=C73
Removed Member From Class: ClassName=PWR Member=C73
Removed Member From Class: ClassName=PWR Member=C73
Removed Member From Class: ClassName=PWR Member=C73
Removed Member From Class: ClassName=PWR Member=C73
Removed Member From Class: ClassName=PWR Member=C74
Removed Member From Class: ClassName=PWR Member=C74
Removed Member From Class: ClassName=PWR Member=C74
Removed Member From Class: ClassName=PWR Member=C74
Removed Member From Class: ClassName=PWR Member=C74
Removed Member From Class: ClassName=PWR Member=C75
Removed Member From Class: ClassName=PWR Member=C75
Removed Member From Class: ClassName=PWR Member=C75
Removed Member From Class: ClassName=PWR Member=C75
Removed Member From Class: ClassName=PWR Member=C75
Removed Member From Class: ClassName=PWR Member=C76
Removed Member From Class: ClassName=PWR Member=C76
Removed Member From Class: ClassName=PWR Member=C76
Removed Member From Class: ClassName=PWR Member=C76
Removed Member From Class: ClassName=PWR Member=C76
Removed Member From Class: ClassName=PWR Member=C77
Removed Member From Class: ClassName=PWR Member=C77
Removed Member From Class: ClassName=PWR Member=C77
Removed Member From Class: ClassName=PWR Member=C77
Removed Member From Class: ClassName=PWR Member=C77
Removed Member From Class: ClassName=PWR Member=C78
Removed Member From Class: ClassName=PWR Member=C78
Removed Member From Class: ClassName=PWR Member=C78
Removed Member From Class: ClassName=PWR Member=C78
Removed Member From Class: ClassName=PWR Member=C78
Removed Member From Class: ClassName=PWR Member=C79
Removed Member From Class: ClassName=PWR Member=C79
Removed Member From Class: ClassName=PWR Member=C79
Removed Member From Class: ClassName=PWR Member=C79
Removed Member From Class: ClassName=PWR Member=C79
Removed Member From Class: ClassName=PWR Member=C80
Removed Member From Class: ClassName=PWR Member=C80
Removed Member From Class: ClassName=PWR Member=C80
Removed Member From Class: ClassName=PWR Member=C80
Removed Member From Class: ClassName=PWR Member=C80
Removed Member From Class: ClassName=PWR Member=C81
Removed Member From Class: ClassName=PWR Member=C81
Removed Member From Class: ClassName=PWR Member=C81
Removed Member From Class: ClassName=PWR Member=C81
Removed Member From Class: ClassName=PWR Member=C81
Removed Member From Class: ClassName=PWR Member=D6
Removed Member From Class: ClassName=PWR Member=D6
Removed Member From Class: ClassName=PWR Member=D6
Removed Member From Class: ClassName=PWR Member=D6
Removed Member From Class: ClassName=PWR Member=D6
Removed Member From Class: ClassName=PWR Member=IC19
Removed Member From Class: ClassName=PWR Member=IC19
Removed Member From Class: ClassName=PWR Member=IC19
Removed Member From Class: ClassName=PWR Member=IC19
Removed Member From Class: ClassName=PWR Member=IC19
Removed Member From Class: ClassName=PWR Member=IC20
Removed Member From Class: ClassName=PWR Member=IC20
Removed Member From Class: ClassName=PWR Member=IC20
Removed Member From Class: ClassName=PWR Member=IC20
Removed Member From Class: ClassName=PWR Member=IC20
Removed Member From Class: ClassName=PWR Member=IC21
Removed Member From Class: ClassName=PWR Member=IC21
Removed Member From Class: ClassName=PWR Member=IC21
Removed Member From Class: ClassName=PWR Member=IC21
Removed Member From Class: ClassName=PWR Member=IC21
Removed Member From Class: ClassName=PWR Member=R57
Removed Member From Class: ClassName=PWR Member=R57
Removed Member From Class: ClassName=PWR Member=R57
Removed Member From Class: ClassName=PWR Member=R57
Removed Member From Class: ClassName=PWR Member=R57
Change Component Comment : Designator=RP5_up1 Old Comment=235003311101 New Comment=RES_PACK
Change Component Comment : Designator=RP5_up0 Old Comment=235003311101 New Comment=RES_PACK
Change Component Comment : Designator=RP4_up1 Old Comment=235003311101 New Comment=RES_PACK
Change Component Comment : Designator=RP4_up0 Old Comment=235003311101 New Comment=RES_PACK
Change Component Comment : Designator=RP3_up1 Old Comment=235003311101 New Comment=RES_PACK
Change Component Comment : Designator=RP3_up0 Old Comment=235003311101 New Comment=RES_PACK
Change Component Comment : Designator=RP2_up1 Old Comment=235003311101 New Comment=RES_PACK
Change Component Comment : Designator=RP2_up0 Old Comment=235003311101 New Comment=RES_PACK
Change Component Comment : Designator=RP1_up1 Old Comment=235003311101 New Comment=RES_PACK
Change Component Comment : Designator=RP1_up0 Old Comment=235003311101 New Comment=RES_PACK
Added Pin To Net: NetName=REFCLK_MAIN+ Pin=CN6-15
Added Pin To Net: NetName=REFCLK_MAIN- Pin=CN6-17
Added Pin To Net: NetName=REFCLK1- Pin=CN6-18
Added Pin To Net: NetName=GND Pin=CN6-20
Added Pin To Net: NetName=DMTDCLK_MAIN+ Pin=CN6-21
Added Pin To Net: NetName=DMTDCLK_MAIN- Pin=CN6-23
Added Pin To Net: NetName=REFCLK2- Pin=CN6-24
Added Pin To Net: NetName=GND Pin=CN6-26
Added Pin To Net: NetName=UP0_TD0 Pin=CN6-27
Added Pin To Net: NetName=UP0_TD1 Pin=CN6-29
Added Pin To Net: NetName=UP0_TD2 Pin=CN6-31
Added Pin To Net: NetName=UP1_TD2 Pin=CN6-32
Added Pin To Net: NetName=UP0_TD3 Pin=CN6-33
Added Pin To Net: NetName=UP1_TD3 Pin=CN6-34
Added Pin To Net: NetName=UP0_TD4 Pin=CN6-35
Added Pin To Net: NetName=UP1_TD4 Pin=CN6-36
Added Pin To Net: NetName=GND Pin=CN6-38
Added Pin To Net: NetName=UP0_TD5 Pin=CN6-39
Added Pin To Net: NetName=UP1_TD5 Pin=CN6-40
Added Pin To Net: NetName=UP0_TD6 Pin=CN6-41
Added Pin To Net: NetName=UP0_TD7 Pin=CN6-43
Added Pin To Net: NetName=UP1_TD7 Pin=CN6-44
Added Pin To Net: NetName=UP0_TD8 Pin=CN6-45
Added Pin To Net: NetName=UP1_TD8 Pin=CN6-46
Added Pin To Net: NetName=UP0_TD9 Pin=CN6-47
Added Pin To Net: NetName=UP1_TD9 Pin=CN6-48
Added Pin To Net: NetName=UP0_LOS Pin=CN6-51
Added Pin To Net: NetName=UP0_DETECT Pin=CN6-53
Added Pin To Net: NetName=UP0_TX_FAULT Pin=CN6-55
Added Pin To Net: NetName=UP0_SYNCEN Pin=CN6-56
Added Pin To Net: NetName=UP0_LOOPEN Pin=CN6-58
Added Pin To Net: NetName=UP0_TX_DISABLE Pin=CN6-59
Added Pin To Net: NetName=UP0_PRBSEN Pin=CN6-60
Added Pin To Net: NetName=UP0_SDA Pin=CN6-61
Added Pin To Net: NetName=UP0_ENABLE Pin=CN6-62
Added Pin To Net: NetName=UP0_SCL Pin=CN6-63
Added Pin To Net: NetName=UP0_SYNC Pin=CN6-64
Added Pin To Net: NetName=GND Pin=CN7-3
Added Pin To Net: NetName=UP1_RD0 Pin=CN7-4
Added Pin To Net: NetName=UP1_RD1 Pin=CN7-6
Added Pin To Net: NetName=CMI_PIO3 Pin=CN7-7
Added Pin To Net: NetName=UP1_RD2 Pin=CN7-8
Added Pin To Net: NetName=CMI_PIO2 Pin=CN7-9
Added Pin To Net: NetName=UP1_RD3 Pin=CN7-10
Added Pin To Net: NetName=CMI_PIO1 Pin=CN7-11
Added Pin To Net: NetName=UP1_RD4 Pin=CN7-12
Added Pin To Net: NetName=CMI_PIO0 Pin=CN7-13
Added Pin To Net: NetName=UP1_RD5 Pin=CN7-16
Added Pin To Net: NetName=CMI_CLKSRC1 Pin=CN7-17
Added Pin To Net: NetName=UP1_RD6 Pin=CN7-18
Added Pin To Net: NetName=CMI_CLKSRC0 Pin=CN7-19
Added Pin To Net: NetName=UP1_RD7 Pin=CN7-20
Added Pin To Net: NetName=CMI_IRQ1 Pin=CN7-21
Added Pin To Net: NetName=UP1_RD8 Pin=CN7-22
Added Pin To Net: NetName=CMI_IRQ0 Pin=CN7-23
Added Pin To Net: NetName=UP1_RD9 Pin=CN7-24
Added Pin To Net: NetName=CMI_SPI_CS Pin=CN7-27
Added Pin To Net: NetName=UP0_RD0 Pin=CN7-28
Added Pin To Net: NetName=CMI_SPI_SDOUT Pin=CN7-29
Added Pin To Net: NetName=UP0_RD1 Pin=CN7-30
Added Pin To Net: NetName=CMI_SPI_SDIN Pin=CN7-31
Added Pin To Net: NetName=UP0_RD2 Pin=CN7-32
Added Pin To Net: NetName=CMI_SPI_SCLK Pin=CN7-33
Added Pin To Net: NetName=UP0_RD3 Pin=CN7-34
Added Pin To Net: NetName=UP0_RD4 Pin=CN7-36
Added Pin To Net: NetName=JTAG_TDO Pin=CN7-39
Added Pin To Net: NetName=UP0_RD5 Pin=CN7-40
Added Pin To Net: NetName=UP0_RD6 Pin=CN7-42
Added Pin To Net: NetName=UP0_RD7 Pin=CN7-44
Added Pin To Net: NetName=GND Pin=CN7-45
Added Pin To Net: NetName=UP0_RD8 Pin=CN7-46
Added Pin To Net: NetName=UP0_RD9 Pin=CN7-48
Added Pin To Net: NetName=UP1_LOS Pin=CN7-52
Added Pin To Net: NetName=UP1_DETECT Pin=CN7-54
Added Pin To Net: NetName=UP1_TX_FAULT Pin=CN7-56
Added Pin To Net: NetName=UP1_TX_DISABLE Pin=CN7-60
Added Pin To Net: NetName=UP1_SDA Pin=CN7-62
Added Pin To Net: NetName=UP1_SCL Pin=CN7-64
Added Pin To Net: NetName=UP1_PRBSEN Pin=CN7-65
Added Pin To Net: NetName=UP1_ENABLE Pin=CN7-67
Added Pin To Net: NetName=UP1_SYNCEN Pin=CN7-68
Added Pin To Net: NetName=UP1_SYNC Pin=CN7-69
Added Pin To Net: NetName=UP1_LOOPEN Pin=CN7-70
Added Pin To Net: NetName=PDADC0_CS Pin=IC5-38
Added Pin To Net: NetName=PDADC0_SDO Pin=IC5-39
Added Pin To Net: NetName=PDADC0_SCLK Pin=IC5-42
Added Pin To Net: NetName=PDADC1_CS Pin=IC5-43
Added Pin To Net: NetName=PDADC1_SDO Pin=IC5-44
Added Pin To Net: NetName=PDADC1_SCLK Pin=IC5-46
Added Pin To Net: NetName=PD0_UP Pin=IC5-49
Added Pin To Net: NetName=PD0_DOWN Pin=IC5-50
Added Pin To Net: NetName=PD1_UP Pin=IC5-52
Added Pin To Net: NetName=PD1_DOWN Pin=IC5-53
Added Pin To Net: NetName=REFCLK_EXT_FB- Pin=IC5-88
Added Pin To Net: NetName=REFCLK_EXT_FB+ Pin=IC5-89
Added Pin To Net: NetName=REFCLK_EXT_SEL Pin=IC10-15
Added Pin To Net: NetName=REFCLK_FB- Pin=IC12-37
Added Pin To Net: NetName=REFCLK_FB+ Pin=IC12-38
Added Pin To Net: NetName=REFCLK_VCSO_SEL Pin=IC12-42
Added Pin To Net: NetName=DAC_REF_SYNC Pin=IC13-5
Added Pin To Net: NetName=DAC_REF_SCLK Pin=IC13-6
Added Pin To Net: NetName=DAC_REF_DIN Pin=IC13-7
Added Pin To Net: NetName=DMTDCLK+ Pin=IC16-7
Added Pin To Net: NetName=DMTDCLK- Pin=IC16-8
Added Pin To Net: NetName=DAC_DMTD_SYNC Pin=IC17-5
Added Pin To Net: NetName=DAC_DMTD_SCLK Pin=IC17-6
Added Pin To Net: NetName=DAC_DMTD_DIN Pin=IC17-7
Added Pin To Net: NetName=UP0_RBCLK Pin=IC22_up0-4
Added Pin To Net: NetName=UP1_RBCLK Pin=IC22_up1-4
Added Pin To Net: NetName=UP0_SYNC Pin=IC23_up0-30
Added Pin To Net: NetName=UP1_SYNC Pin=IC23_up1-30
Added Pin To Net: NetName=REFCLK_UP0+ Pin=IC24_up0-2
Added Pin To Net: NetName=REFCLK_UP0- Pin=IC24_up0-3
Added Pin To Net: NetName=REFCLK_UP1+ Pin=IC24_up1-2
Added Pin To Net: NetName=REFCLK_UP1- Pin=IC24_up1-3
Added Pin To Net: NetName=REFCLK_EXT_FB- Pin=R17-1
Added Pin To Net: NetName=REFCLK_EXT_FB+ Pin=R17-2
Added Pin To Net: NetName=UP0_RBCLK Pin=R55-1
Added Pin To Net: NetName=NetCN6_68 Pin=R56-2
Added Pin To Net: NetName=REFCLK_UP0+ Pin=R72_up0-1
Added Pin To Net: NetName=REFCLK_UP0- Pin=R72_up0-2
Added Pin To Net: NetName=REFCLK_UP1+ Pin=R72_up1-1
Added Pin To Net: NetName=REFCLK_UP1- Pin=R72_up1-2
Added Pin To Net: NetName=UP0_RD0 Pin=RP1_up0-1
Added Pin To Net: NetName=UP0_RD1 Pin=RP1_up0-2
Added Pin To Net: NetName=UP0_RD2 Pin=RP1_up0-3
Added Pin To Net: NetName=UP0_RD3 Pin=RP1_up0-4
Added Pin To Net: NetName=NetIC23_up0_25 Pin=RP1_up0-5
Added Pin To Net: NetName=NetIC23_up0_27 Pin=RP1_up0-6
Added Pin To Net: NetName=NetIC23_up0_28 Pin=RP1_up0-7
Added Pin To Net: NetName=NetIC23_up0_29 Pin=RP1_up0-8
Added Pin To Net: NetName=UP1_RD0 Pin=RP1_up1-1
Added Pin To Net: NetName=UP1_RD1 Pin=RP1_up1-2
Added Pin To Net: NetName=UP1_RD2 Pin=RP1_up1-3
Added Pin To Net: NetName=UP1_RD3 Pin=RP1_up1-4
Added Pin To Net: NetName=NetIC23_up1_25 Pin=RP1_up1-5
Added Pin To Net: NetName=NetIC23_up1_27 Pin=RP1_up1-6
Added Pin To Net: NetName=NetIC23_up1_28 Pin=RP1_up1-7
Added Pin To Net: NetName=NetIC23_up1_29 Pin=RP1_up1-8
Added Pin To Net: NetName=UP0_RD4 Pin=RP2_up0-1
Added Pin To Net: NetName=UP0_RD5 Pin=RP2_up0-2
Added Pin To Net: NetName=UP0_RD6 Pin=RP2_up0-3
Added Pin To Net: NetName=UP0_RD7 Pin=RP2_up0-4
Added Pin To Net: NetName=NetIC23_up0_21 Pin=RP2_up0-5
Added Pin To Net: NetName=NetIC23_up0_22 Pin=RP2_up0-6
Added Pin To Net: NetName=NetIC23_up0_23 Pin=RP2_up0-7
Added Pin To Net: NetName=NetIC23_up0_24 Pin=RP2_up0-8
Added Pin To Net: NetName=UP1_RD4 Pin=RP2_up1-1
Added Pin To Net: NetName=UP1_RD5 Pin=RP2_up1-2
Added Pin To Net: NetName=UP1_RD6 Pin=RP2_up1-3
Added Pin To Net: NetName=UP1_RD7 Pin=RP2_up1-4
Added Pin To Net: NetName=NetIC23_up1_21 Pin=RP2_up1-5
Added Pin To Net: NetName=NetIC23_up1_22 Pin=RP2_up1-6
Added Pin To Net: NetName=NetIC23_up1_23 Pin=RP2_up1-7
Added Pin To Net: NetName=NetIC23_up1_24 Pin=RP2_up1-8
Added Pin To Net: NetName=UP0_RD8 Pin=RP3_up0-1
Added Pin To Net: NetName=UP0_RD9 Pin=RP3_up0-2
Added Pin To Net: NetName=+3V3 Pin=RP3_up0-3
Added Pin To Net: NetName=+3V3 Pin=RP3_up0-4
Added Pin To Net: NetName=UP0_SCL Pin=RP3_up0-5
Added Pin To Net: NetName=UP0_SDA Pin=RP3_up0-6
Added Pin To Net: NetName=NetIC23_up0_19 Pin=RP3_up0-7
Added Pin To Net: NetName=NetIC23_up0_20 Pin=RP3_up0-8
Added Pin To Net: NetName=UP1_RD8 Pin=RP3_up1-1
Added Pin To Net: NetName=UP1_RD9 Pin=RP3_up1-2
Added Pin To Net: NetName=+3V3 Pin=RP3_up1-3
Added Pin To Net: NetName=+3V3 Pin=RP3_up1-4
Added Pin To Net: NetName=UP1_SCL Pin=RP3_up1-5
Added Pin To Net: NetName=UP1_SDA Pin=RP3_up1-6
Added Pin To Net: NetName=NetIC23_up1_19 Pin=RP3_up1-7
Added Pin To Net: NetName=NetIC23_up1_20 Pin=RP3_up1-8
Added Pin To Net: NetName=UP0_LOS Pin=RP4_up0-7
Added Pin To Net: NetName=UP0_DETECT Pin=RP4_up0-8
Added Pin To Net: NetName=UP1_LOS Pin=RP4_up1-7
Added Pin To Net: NetName=UP1_DETECT Pin=RP4_up1-8
Added Pin To Net: NetName=UP0_TX_DISABLE Pin=RP5_up0-7
Added Pin To Net: NetName=UP0_TX_FAULT Pin=RP5_up0-8
Added Pin To Net: NetName=UP1_TX_DISABLE Pin=RP5_up1-7
Added Pin To Net: NetName=UP1_TX_FAULT Pin=RP5_up1-8
Added Pin To Net: NetName=UP0_LOS Pin=X1_up0-8
Added Pin To Net: NetName=UP1_LOS Pin=X1_up1-8
Change Net Name : Old Net Name=NetC17_2 New Net Name=EXTREFIN_10M
Change Net Name : Old Net Name=NetC27_2 New Net Name=EXTREFIN_125M
Change Net Name : Old Net Name=NetCN3_1 New Net Name=EXTPPSOUT
Change Net Name : Old Net Name=NetCN5_1 New Net Name=EXTREFOUT
Added Pin To Net: NetName=EXTCLK_PLL_EN Pin=IC5-136
Added Net: Name=EXTCLK_PLL_EN
Added Pin To Net: NetName=EXTPPSIN Pin=R28-2
Added Net: Name=EXTPPSIN
Added Pin To Net: NetName=FPGA_DCLK Pin=CN7-49
Added Pin To Net: NetName=FPGA_DCLK Pin=IC5-12
Added Net: Name=FPGA_DCLK
Added Pin To Net: NetName=FPGA_DONE Pin=CN7-51
Added Pin To Net: NetName=FPGA_DONE Pin=IC5-92
Added Pin To Net: NetName=FPGA_DONE Pin=R22-1
Added Net: Name=FPGA_DONE
Added Pin To Net: NetName=FPGA_NCONF Pin=CN7-53
Added Pin To Net: NetName=FPGA_NCONF Pin=R20-2
Added Net: Name=FPGA_NCONF
Added Pin To Net: NetName=FPGA_NSTAT Pin=CN7-55
Added Pin To Net: NetName=FPGA_NSTAT Pin=IC5-9
Added Pin To Net: NetName=FPGA_NSTAT Pin=R21-1
Added Net: Name=FPGA_NSTAT
Added Pin To Net: NetName=PPS_IN Pin=CN7-61
Added Net: Name=PPS_IN
Added Pin To Net: NetName=PPS_OUT Pin=CN7-59
Added Pin To Net: NetName=PPS_OUT Pin=R27-1
Added Net: Name=PPS_OUT
Added Pin To Net: NetName=RS_RXD Pin=CN6-50
Added Net: Name=RS_RXD
Added Pin To Net: NetName=RS_TXD Pin=CN6-52
Added Net: Name=RS_TXD
Change Class Name : Old Net Name=MBCONN New Net Name=CLKB_main
Change Class Name : Old Net Name=PWR New Net Name=FPGA
Added Class: Name=PWR
Added Class: Name=CMI_PIO[0..3]
Added Class: Name=UP0_RD[0..9]
Added Class: Name=UP0_TD[0..9]
Added Class: Name=UP1_RD[0..9]
Added Class: Name=UP1_TD[0..9]
Added Member To Class: ClassName=CLK Member=Component C52 ceramic Cap
Added Member To Class: ClassName=CLK Member=Component C53 ceramic Cap
Added Member To Class: ClassName=CLK Member=Component C54 ceramic Cap
Added Member To Class: ClassName=CLK Member=Component C55 ceramic Cap
Added Member To Class: ClassName=CLK Member=Component C56 ceramic Cap
Added Member To Class: ClassName=CLK Member=Component C61 ceramic Cap
Added Member To Class: ClassName=CLK Member=Component C62 ceramic Cap
Added Member To Class: ClassName=CLK Member=Component C63 ceramic Cap
Added Member To Class: ClassName=CLK Member=Component C64 ceramic Cap
Added Member To Class: ClassName=CLK Member=Component C65 ceramic Cap
Added Member To Class: ClassName=CLK Member=Component C66 ceramic Cap
Added Member To Class: ClassName=CLK Member=Component C67 ceramic Cap
Added Member To Class: ClassName=CLK Member=Component C68 ceramic Cap
Added Member To Class: ClassName=CLK Member=Component C69 ceramic Cap
Added Member To Class: ClassName=CLK Member=Component C70 ceramic Cap
Added Member To Class: ClassName=CLK Member=Component C73 ceramic Cap
Added Member To Class: ClassName=CLK Member=Component C74 ceramic Cap
Added Member To Class: ClassName=CLK Member=Component C76 ceramic Cap
Added Member To Class: ClassName=CLK Member=Component C77 ceramic Cap
Added Member To Class: ClassName=CLK Member=Component C78 ceramic Cap
Added Member To Class: ClassName=FPGA Member=Component IC5 EP3C5E144C7
Added Member To Class: ClassName=FPGA Member=Component R15 Res2
Added Member To Class: ClassName=FPGA Member=Component R16 Res2
Added Member To Class: ClassName=FPGA Member=Component R17 Res2
Added Member To Class: ClassName=FPGA Member=Component R18 Res2
Added Member To Class: ClassName=FPGA Member=Component R19 Res2
Added Member To Class: ClassName=FPGA Member=Component R20 Res2
Added Member To Class: ClassName=FPGA Member=Component R21 Res2
Added Member To Class: ClassName=FPGA Member=Component R22 Res2
Added Member To Class: ClassName=CLKB_main Member=Component R54 Res2
Removed Pin From Net: NetName=GND Pin=CN6-16
Added Pin To Net: NetName=REFCLK1+ Pin=CN6-16
Removed Pin From Net: NetName=GND Pin=CN6-22
Added Pin To Net: NetName=REFCLK2+ Pin=CN6-22
Removed Pin From Net: NetName=GND Pin=CN6-28
Added Pin To Net: NetName=UP1_TD0 Pin=CN6-28
Removed Pin From Net: NetName=GND Pin=CN6-30
Added Pin To Net: NetName=UP1_TD1 Pin=CN6-30
Removed Pin From Net: NetName=GND Pin=CN6-42
Added Pin To Net: NetName=UP1_TD6 Pin=CN6-42
Removed Pin From Net: NetName=GND Pin=CN7-47
Added Pin To Net: NetName=FPGA_CONF_D0 Pin=CN7-47
Removed Pin From Net: NetName=REFCLK_FB+ Pin=IC5-22
Added Pin To Net: NetName=REFCLK_FB- Pin=IC5-22
Removed Pin From Net: NetName=REFCLK_FB- Pin=IC5-23
Added Pin To Net: NetName=REFCLK_FB+ Pin=IC5-23
Removed Pin From Net: NetName=DMTDCLK_MAIN+ Pin=IC16-11
Added Pin To Net: NetName=DMTDCLK_MAIN- Pin=IC16-11
Removed Pin From Net: NetName=DMTDCLK_MAIN- Pin=IC16-12
Added Pin To Net: NetName=DMTDCLK_MAIN+ Pin=IC16-12
Removed Pin From Net: NetName=REFCLK_FB- Pin=R15-1
Added Pin To Net: NetName=REFCLK_FB+ Pin=R15-1
Removed Pin From Net: NetName=REFCLK_FB+ Pin=R15-2
Added Pin To Net: NetName=REFCLK_FB- Pin=R15-2
Removed Pin From Net: NetName=NetCN6_68 Pin=R56-1
Added Pin To Net: NetName=UP1_RBCLK Pin=R56-1
