Added Component: Designator=D1(SOT-23)
Added Component: Designator=D2(SOT-23)
Added Component: Designator=D3(SOT-23)
Added Component: Designator=D4(SOT143-n)
Added Component: Designator=IC25(SO-G8/P1.53)
Added Pin To Net: NetName=PD0_UP Pin=D1-1
Added Pin To Net: NetName=PD0_DOWN Pin=D1-2
Added Pin To Net: NetName=NetC5_2 Pin=D1-3
Added Pin To Net: NetName=PD1_UP Pin=D2-1
Added Pin To Net: NetName=PD1_DOWN Pin=D2-2
Added Pin To Net: NetName=NetC11_2 Pin=D2-3
Added Pin To Net: NetName=NetC21_2 Pin=D3-1
Added Pin To Net: NetName=NetC33_2 Pin=D3-1
Added Pin To Net: NetName=NetC21_2 Pin=D3-2
Added Pin To Net: NetName=NetC33_2 Pin=D3-2
Added Pin To Net: NetName=NetD3_3 Pin=D3-3
Added Pin To Net: NetName=NetD5_3 Pin=D3-3
Added Pin To Net: NetName=EXTCLK_PLL_EN Pin=D4-1
Added Pin To Net: NetName=EXTCLK_PLL_EN Pin=D4-2
Added Pin To Net: NetName=NetD4_3 Pin=D4-3
Added Pin To Net: NetName=NetD4_4 Pin=D4-4
Added Pin To Net: NetName=+5V Pin=IC25-2
Added Pin To Net: NetName=GND Pin=IC25-4
Added Pin To Net: NetName=NetC42_1 Pin=IC25-6
Added Pin To Net: NetName=GND Pin=IC25-8
Change Net Name : Old Net Name=NetD5_3 New Net Name=NetD3_3
Added Member To Class: ClassName=APD Member=Component D1 BAV99
Added Member To Class: ClassName=APD Member=Component D2 BAV99
Added Member To Class: ClassName=CLK Member=Component D3 BAV99
Added Member To Class: ClassName=CLK Member=Component D4 BAV23
Added Member To Class: ClassName=CLK Member=Component IC25 AD780AR
