Removed Pin From Net: NetName=GND Pin=C106_up0-2
Removed Pin From Net: NetName=GND Pin=C106_up1-2
Removed Pin From Net: NetName=GND Pin=C107_up0-2
Removed Pin From Net: NetName=GND Pin=C107_up1-2
Removed Pin From Net: NetName=GND Pin=C110_up0-1
Removed Pin From Net: NetName=GND Pin=C110_up1-1
Removed Pin From Net: NetName=GND Pin=C111_up0-1
Removed Pin From Net: NetName=+3V3 Pin=C111_up0-2
Removed Pin From Net: NetName=GND Pin=C111_up1-1
Removed Pin From Net: NetName=+3V3 Pin=C111_up1-2
Removed Pin From Net: NetName=+3V3 Pin=C112_up0-1
Removed Pin From Net: NetName=GND Pin=C112_up0-2
Removed Pin From Net: NetName=+3V3 Pin=C112_up1-1
Removed Pin From Net: NetName=GND Pin=C112_up1-2
Removed Pin From Net: NetName=GND Pin=C114_up0-1
Removed Pin From Net: NetName=GND Pin=C114_up1-1
Removed Pin From Net: NetName=GND Pin=C116_up0-1
Removed Pin From Net: NetName=+3V3 Pin=C116_up0-2
Removed Pin From Net: NetName=GND Pin=C116_up1-1
Removed Pin From Net: NetName=+3V3 Pin=C116_up1-2
Removed Pin From Net: NetName=GND Pin=C117_up0-1
Removed Pin From Net: NetName=+2V5 Pin=C117_up0-2
Removed Pin From Net: NetName=GND Pin=C117_up1-1
Removed Pin From Net: NetName=+2V5 Pin=C117_up1-2
Removed Pin From Net: NetName=GND Pin=C118_up0-1
Removed Pin From Net: NetName=+2V5 Pin=C118_up0-2
Removed Pin From Net: NetName=GND Pin=C118_up1-1
Removed Pin From Net: NetName=+2V5 Pin=C118_up1-2
Removed Pin From Net: NetName=GND Pin=C119_up0-1
Removed Pin From Net: NetName=+2V5 Pin=C119_up0-2
Removed Pin From Net: NetName=GND Pin=C119_up1-1
Removed Pin From Net: NetName=+2V5 Pin=C119_up1-2
Removed Pin From Net: NetName=GND Pin=C120_up0-1
Removed Pin From Net: NetName=+2V5 Pin=C120_up0-2
Removed Pin From Net: NetName=GND Pin=C120_up1-1
Removed Pin From Net: NetName=+2V5 Pin=C120_up1-2
Removed Pin From Net: NetName=GND Pin=C121_up0-1
Removed Pin From Net: NetName=+2V5 Pin=C121_up0-2
Removed Pin From Net: NetName=GND Pin=C121_up1-1
Removed Pin From Net: NetName=+2V5 Pin=C121_up1-2
Removed Pin From Net: NetName=GND Pin=C122_up0-1
Removed Pin From Net: NetName=+2V5 Pin=C122_up0-2
Removed Pin From Net: NetName=GND Pin=C122_up1-1
Removed Pin From Net: NetName=+2V5 Pin=C122_up1-2
Removed Pin From Net: NetName=GND Pin=C123_up0-1
Removed Pin From Net: NetName=+2V5 Pin=C123_up0-2
Removed Pin From Net: NetName=GND Pin=C123_up1-1
Removed Pin From Net: NetName=+2V5 Pin=C123_up1-2
Removed Pin From Net: NetName=GND Pin=C124_up0-1
Removed Pin From Net: NetName=GND Pin=C124_up1-1
Removed Pin From Net: NetName=GND Pin=C125_up0-1
Removed Pin From Net: NetName=GND Pin=C125_up1-1
Removed Pin From Net: NetName=GND Pin=IC22_up0-1
Removed Pin From Net: NetName=GND Pin=IC22_up0-3
Removed Pin From Net: NetName=+2V5 Pin=IC22_up0-5
Removed Pin From Net: NetName=GND Pin=IC22_up1-1
Removed Pin From Net: NetName=GND Pin=IC22_up1-3
Removed Pin From Net: NetName=+2V5 Pin=IC22_up1-5
Removed Pin From Net: NetName=UP0_ENABLE Pin=IC23_up0-1
Removed Pin From Net: NetName=UP0_TD0 Pin=IC23_up0-2
Removed Pin From Net: NetName=UP0_TD1 Pin=IC23_up0-3
Removed Pin From Net: NetName=UP0_TD2 Pin=IC23_up0-4
Removed Pin From Net: NetName=UP0_TD3 Pin=IC23_up0-5
Removed Pin From Net: NetName=+2V5 Pin=IC23_up0-6
Removed Pin From Net: NetName=UP0_TD4 Pin=IC23_up0-7
Removed Pin From Net: NetName=UP0_TD5 Pin=IC23_up0-8
Removed Pin From Net: NetName=UP0_TD6 Pin=IC23_up0-9
Removed Pin From Net: NetName=UP0_TD7 Pin=IC23_up0-10
Removed Pin From Net: NetName=UP0_TD8 Pin=IC23_up0-11
Removed Pin From Net: NetName=UP0_TD9 Pin=IC23_up0-12
Removed Pin From Net: NetName=+2V5 Pin=IC23_up0-13
Removed Pin From Net: NetName=UP0_LOOPEN Pin=IC23_up0-15
Removed Pin From Net: NetName=+2V5 Pin=IC23_up0-16
Removed Pin From Net: NetName=+2V5 Pin=IC23_up0-26
Removed Pin From Net: NetName=UP0_PRBSEN Pin=IC23_up0-31
Removed Pin From Net: NetName=UP0_SYNCEN Pin=IC23_up0-32
Removed Pin From Net: NetName=GND Pin=IC23_up0-35
Removed Pin From Net: NetName=+2V5 Pin=IC23_up0-37
Removed Pin From Net: NetName=GND Pin=IC23_up0-40
Removed Pin From Net: NetName=GND Pin=IC23_up0-PAD
Removed Pin From Net: NetName=GND Pin=IC23_up0-PAD
Removed Pin From Net: NetName=GND Pin=IC23_up0-PAD
Removed Pin From Net: NetName=GND Pin=IC23_up0-PAD
Removed Pin From Net: NetName=GND Pin=IC23_up0-PAD
Removed Pin From Net: NetName=GND Pin=IC23_up0-PAD
Removed Pin From Net: NetName=GND Pin=IC23_up0-PAD
Removed Pin From Net: NetName=GND Pin=IC23_up0-PAD
Removed Pin From Net: NetName=GND Pin=IC23_up0-PAD
Removed Pin From Net: NetName=UP1_ENABLE Pin=IC23_up1-1
Removed Pin From Net: NetName=UP1_TD0 Pin=IC23_up1-2
Removed Pin From Net: NetName=UP1_TD1 Pin=IC23_up1-3
Removed Pin From Net: NetName=UP1_TD2 Pin=IC23_up1-4
Removed Pin From Net: NetName=UP1_TD3 Pin=IC23_up1-5
Removed Pin From Net: NetName=+2V5 Pin=IC23_up1-6
Removed Pin From Net: NetName=UP1_TD4 Pin=IC23_up1-7
Removed Pin From Net: NetName=UP1_TD5 Pin=IC23_up1-8
Removed Pin From Net: NetName=UP1_TD6 Pin=IC23_up1-9
Removed Pin From Net: NetName=UP1_TD7 Pin=IC23_up1-10
Removed Pin From Net: NetName=UP1_TD8 Pin=IC23_up1-11
Removed Pin From Net: NetName=UP1_TD9 Pin=IC23_up1-12
Removed Pin From Net: NetName=+2V5 Pin=IC23_up1-13
Removed Pin From Net: NetName=UP1_LOOPEN Pin=IC23_up1-15
Removed Pin From Net: NetName=+2V5 Pin=IC23_up1-16
Removed Pin From Net: NetName=+2V5 Pin=IC23_up1-26
Removed Pin From Net: NetName=UP1_PRBSEN Pin=IC23_up1-31
Removed Pin From Net: NetName=UP1_SYNCEN Pin=IC23_up1-32
Removed Pin From Net: NetName=GND Pin=IC23_up1-35
Removed Pin From Net: NetName=+2V5 Pin=IC23_up1-37
Removed Pin From Net: NetName=GND Pin=IC23_up1-40
Removed Pin From Net: NetName=GND Pin=IC23_up1-PAD
Removed Pin From Net: NetName=GND Pin=IC23_up1-PAD
Removed Pin From Net: NetName=GND Pin=IC23_up1-PAD
Removed Pin From Net: NetName=GND Pin=IC23_up1-PAD
Removed Pin From Net: NetName=GND Pin=IC23_up1-PAD
Removed Pin From Net: NetName=GND Pin=IC23_up1-PAD
Removed Pin From Net: NetName=GND Pin=IC23_up1-PAD
Removed Pin From Net: NetName=GND Pin=IC23_up1-PAD
Removed Pin From Net: NetName=GND Pin=IC23_up1-PAD
Removed Pin From Net: NetName=GND Pin=IC24_up0-5
Removed Pin From Net: NetName=+3V3 Pin=IC24_up0-8
Removed Pin From Net: NetName=GND Pin=IC24_up1-5
Removed Pin From Net: NetName=+3V3 Pin=IC24_up1-8
Removed Pin From Net: NetName=+3V3 Pin=L3_up0-2
Removed Pin From Net: NetName=+3V3 Pin=L3_up1-2
Removed Pin From Net: NetName=+3V3 Pin=L4_up0-2
Removed Pin From Net: NetName=+3V3 Pin=L4_up1-2
Removed Pin From Net: NetName=+2V5 Pin=L5_up0-1
Removed Pin From Net: NetName=+2V5 Pin=L5_up1-1
Removed Pin From Net: NetName=NetIC5_20 Pin=R54-2
Removed Pin From Net: NetName=GND Pin=R58_up0-1
Removed Pin From Net: NetName=GND Pin=R58_up1-1
Removed Pin From Net: NetName=+3V3 Pin=R59_up0-1
Removed Pin From Net: NetName=+3V3 Pin=R59_up1-1
Removed Pin From Net: NetName=GND Pin=R60_up0-1
Removed Pin From Net: NetName=GND Pin=R60_up1-1
Removed Pin From Net: NetName=GND Pin=R61_up0-2
Removed Pin From Net: NetName=GND Pin=R61_up1-2
Removed Pin From Net: NetName=GND Pin=R62_up0-2
Removed Pin From Net: NetName=GND Pin=R62_up1-2
Removed Pin From Net: NetName=GND Pin=R63_up0-2
Removed Pin From Net: NetName=GND Pin=R63_up1-2
Removed Pin From Net: NetName=+2V5 Pin=R64_up0-2
Removed Pin From Net: NetName=+2V5 Pin=R64_up1-2
Removed Pin From Net: NetName=+2V5 Pin=R65_up0-2
Removed Pin From Net: NetName=+2V5 Pin=R65_up1-2
Removed Pin From Net: NetName=GND Pin=R69_up0-2
Removed Pin From Net: NetName=GND Pin=R69_up1-2
Removed Pin From Net: NetName=GND Pin=R70_up0-2
Removed Pin From Net: NetName=GND Pin=R70_up1-2
Removed Pin From Net: NetName=+3V3 Pin=R71_up0-2
Removed Pin From Net: NetName=+3V3 Pin=R71_up1-2
Removed Pin From Net: NetName=UP0_RD8 Pin=RP1_up0-5
Removed Pin From Net: NetName=UP0_RD9 Pin=RP1_up0-6
Removed Pin From Net: NetName=UP1_RD8 Pin=RP1_up1-5
Removed Pin From Net: NetName=UP1_RD9 Pin=RP1_up1-6
Removed Pin From Net: NetName=UP0_RD0 Pin=RP2_up0-5
Removed Pin From Net: NetName=UP0_RD1 Pin=RP2_up0-6
Removed Pin From Net: NetName=UP0_RD2 Pin=RP2_up0-7
Removed Pin From Net: NetName=UP0_RD3 Pin=RP2_up0-8
Removed Pin From Net: NetName=UP1_RD0 Pin=RP2_up1-5
Removed Pin From Net: NetName=UP1_RD1 Pin=RP2_up1-6
Removed Pin From Net: NetName=UP1_RD2 Pin=RP2_up1-7
Removed Pin From Net: NetName=UP1_RD3 Pin=RP2_up1-8
Removed Pin From Net: NetName=UP0_RD4 Pin=RP3_up0-5
Removed Pin From Net: NetName=UP0_RD5 Pin=RP3_up0-6
Removed Pin From Net: NetName=UP0_RD6 Pin=RP3_up0-7
Removed Pin From Net: NetName=UP0_RD7 Pin=RP3_up0-8
Removed Pin From Net: NetName=UP1_RD4 Pin=RP3_up1-5
Removed Pin From Net: NetName=UP1_RD5 Pin=RP3_up1-6
Removed Pin From Net: NetName=UP1_RD6 Pin=RP3_up1-7
Removed Pin From Net: NetName=UP1_RD7 Pin=RP3_up1-8
Removed Pin From Net: NetName=+3V3 Pin=RP4_up0-1
Removed Pin From Net: NetName=+3V3 Pin=RP4_up0-2
Removed Pin From Net: NetName=+3V3 Pin=RP4_up0-3
Removed Pin From Net: NetName=+3V3 Pin=RP4_up0-4
Removed Pin From Net: NetName=UP0_DETECT Pin=RP4_up0-5
Removed Pin From Net: NetName=+3V3 Pin=RP4_up1-1
Removed Pin From Net: NetName=+3V3 Pin=RP4_up1-2
Removed Pin From Net: NetName=+3V3 Pin=RP4_up1-3
Removed Pin From Net: NetName=+3V3 Pin=RP4_up1-4
Removed Pin From Net: NetName=UP1_DETECT Pin=RP4_up1-5
Removed Pin From Net: NetName=+3V3 Pin=RP5_up0-1
Removed Pin From Net: NetName=+3V3 Pin=RP5_up0-2
Removed Pin From Net: NetName=+3V3 Pin=RP5_up0-3
Removed Pin From Net: NetName=+3V3 Pin=RP5_up0-4
Removed Pin From Net: NetName=UP0_TX_FAULT Pin=RP5_up0-5
Removed Pin From Net: NetName=UP0_TX_DISABLE Pin=RP5_up0-6
Removed Pin From Net: NetName=UP0_SDA Pin=RP5_up0-7
Removed Pin From Net: NetName=UP0_SCL Pin=RP5_up0-8
Removed Pin From Net: NetName=+3V3 Pin=RP5_up1-1
Removed Pin From Net: NetName=+3V3 Pin=RP5_up1-2
Removed Pin From Net: NetName=+3V3 Pin=RP5_up1-3
Removed Pin From Net: NetName=+3V3 Pin=RP5_up1-4
Removed Pin From Net: NetName=UP1_TX_FAULT Pin=RP5_up1-5
Removed Pin From Net: NetName=UP1_SDA Pin=RP5_up1-7
Removed Pin From Net: NetName=UP1_SCL Pin=RP5_up1-8
Removed Pin From Net: NetName=GND Pin=X1_up0-1
Removed Pin From Net: NetName=UP0_TX_FAULT Pin=X1_up0-2
Removed Pin From Net: NetName=UP0_TX_DISABLE Pin=X1_up0-3
Removed Pin From Net: NetName=UP0_SDA Pin=X1_up0-4
Removed Pin From Net: NetName=UP0_SCL Pin=X1_up0-5
Removed Pin From Net: NetName=UP0_DETECT Pin=X1_up0-6
Removed Pin From Net: NetName=GND Pin=X1_up0-9
Removed Pin From Net: NetName=GND Pin=X1_up0-10
Removed Pin From Net: NetName=GND Pin=X1_up0-11
Removed Pin From Net: NetName=GND Pin=X1_up0-14
Removed Pin From Net: NetName=GND Pin=X1_up0-17
Removed Pin From Net: NetName=GND Pin=X1_up0-20
Removed Pin From Net: NetName=GND Pin=X1_up0-21
Removed Pin From Net: NetName=GND Pin=X1_up0-22
Removed Pin From Net: NetName=GND Pin=X1_up0-23
Removed Pin From Net: NetName=GND Pin=X1_up0-24
Removed Pin From Net: NetName=GND Pin=X1_up0-25
Removed Pin From Net: NetName=GND Pin=X1_up0-26
Removed Pin From Net: NetName=GND Pin=X1_up0-27
Removed Pin From Net: NetName=GND Pin=X1_up0-28
Removed Pin From Net: NetName=GND Pin=X1_up0-29
Removed Pin From Net: NetName=GND Pin=X1_up0-30
Removed Pin From Net: NetName=GND Pin=X1_up0-31
Removed Pin From Net: NetName=GND Pin=X1_up1-1
Removed Pin From Net: NetName=UP1_TX_FAULT Pin=X1_up1-2
Removed Pin From Net: NetName=UP1_SDA Pin=X1_up1-4
Removed Pin From Net: NetName=UP1_SCL Pin=X1_up1-5
Removed Pin From Net: NetName=UP1_DETECT Pin=X1_up1-6
Removed Pin From Net: NetName=GND Pin=X1_up1-9
Removed Pin From Net: NetName=GND Pin=X1_up1-10
Removed Pin From Net: NetName=GND Pin=X1_up1-11
Removed Pin From Net: NetName=GND Pin=X1_up1-14
Removed Pin From Net: NetName=GND Pin=X1_up1-17
Removed Pin From Net: NetName=GND Pin=X1_up1-20
Removed Pin From Net: NetName=GND Pin=X1_up1-21
Removed Pin From Net: NetName=GND Pin=X1_up1-22
Removed Pin From Net: NetName=GND Pin=X1_up1-23
Removed Pin From Net: NetName=GND Pin=X1_up1-24
Removed Pin From Net: NetName=GND Pin=X1_up1-25
Removed Pin From Net: NetName=GND Pin=X1_up1-26
Removed Pin From Net: NetName=GND Pin=X1_up1-27
Removed Pin From Net: NetName=GND Pin=X1_up1-28
Removed Pin From Net: NetName=GND Pin=X1_up1-29
Removed Pin From Net: NetName=GND Pin=X1_up1-30
Removed Pin From Net: NetName=GND Pin=X1_up1-31
Added Component: Designator=C106(CC1005-0402)
Added Component: Designator=C107(CC3216-1206)
Added Component: Designator=C108(CC1005-0402)
Added Component: Designator=C109(CC1005-0402)
Added Component: Designator=C110(CC1005-0402)
Added Component: Designator=C111(CC1005-0402)
Added Component: Designator=C112(TC3216-1206)
Added Component: Designator=C113(CC1005-0402)
Added Component: Designator=C114(CC3216-1206)
Added Component: Designator=C115(CC1005-0402)
Added Component: Designator=C116(CC1005-0402)
Added Component: Designator=C117(CC1005-0402)
Added Component: Designator=C118(CC1005-0402)
Added Component: Designator=C119(CC1005-0402)
Added Component: Designator=C120(CC1005-0402)
Added Component: Designator=C121(CC1005-0402)
Added Component: Designator=C122(CC1005-0402)
Added Component: Designator=C123(CC1005-0402)
Added Component: Designator=C124(CC1005-0402)
Added Component: Designator=C125(CC1005-0402)
Added Component: Designator=IC22(SOT23-5AL)
Added Component: Designator=IC23(QFN40_powerpad)
Added Component: Designator=IC24(TSOP65P490-8AN)
Added Component: Designator=L3(INDC2012-0805)
Added Component: Designator=L4(INDC2012-0805)
Added Component: Designator=L5(INDC2012-0805)
Added Component: Designator=R58(CC1608-0603)
Added Component: Designator=R59(CR1005-0402)
Added Component: Designator=R60(CC1608-0603)
Added Component: Designator=R61(CR1005-0402)
Added Component: Designator=R62(CC1608-0603)
Added Component: Designator=R63(CC1608-0603)
Added Component: Designator=R64(CC1608-0603)
Added Component: Designator=R65(CC1608-0603)
Added Component: Designator=R66(CR1005-0402)
Added Component: Designator=R67(CR1005-0402)
Added Component: Designator=R68(CR1005-0402)
Added Component: Designator=R69(CR1005-0402)
Added Component: Designator=R70(CR1005-0402)
Added Component: Designator=R71(CR1005-0402)
Added Component: Designator=R72(CR1608-0603)
Added Component: Designator=RP1(YC124)
Added Component: Designator=RP2(YC124)
Added Component: Designator=RP3(YC124)
Added Component: Designator=RP4(YC124)
Added Component: Designator=RP5(YC124)
Added Component: Designator=X1(SFP_SINGLE_PORT)
Added Pin To Net: NetName=GND Pin=C106-2
Added Pin To Net: NetName=GND Pin=C107-2
Added Pin To Net: NetName=GND Pin=C110-1
Added Pin To Net: NetName=GND Pin=C111-1
Added Pin To Net: NetName=+3V3 Pin=C111-2
Added Pin To Net: NetName=+3V3 Pin=C112-1
Added Pin To Net: NetName=GND Pin=C112-2
Added Pin To Net: NetName=GND Pin=C114-1
Added Pin To Net: NetName=GND Pin=C116-1
Added Pin To Net: NetName=+3V3 Pin=C116-2
Added Pin To Net: NetName=GND Pin=C117-1
Added Pin To Net: NetName=+2V5 Pin=C117-2
Added Pin To Net: NetName=GND Pin=C118-1
Added Pin To Net: NetName=+2V5 Pin=C118-2
Added Pin To Net: NetName=GND Pin=C119-1
Added Pin To Net: NetName=+2V5 Pin=C119-2
Added Pin To Net: NetName=GND Pin=C120-1
Added Pin To Net: NetName=+2V5 Pin=C120-2
Added Pin To Net: NetName=GND Pin=C121-1
Added Pin To Net: NetName=+2V5 Pin=C121-2
Added Pin To Net: NetName=GND Pin=C122-1
Added Pin To Net: NetName=+2V5 Pin=C122-2
Added Pin To Net: NetName=GND Pin=C123-1
Added Pin To Net: NetName=+2V5 Pin=C123-2
Added Pin To Net: NetName=GND Pin=C124-1
Added Pin To Net: NetName=GND Pin=C125-1
Added Pin To Net: NetName=REFCLK_MAIN+ Pin=CN6-15
Added Pin To Net: NetName=REFCLK_MAIN- Pin=CN6-17
Added Pin To Net: NetName=REFCLK1+ Pin=CN6-18
Added Pin To Net: NetName=REFCLK1- Pin=CN6-20
Added Pin To Net: NetName=DMTDCLK_MAIN+ Pin=CN6-21
Added Pin To Net: NetName=DMTDCLK_MAIN- Pin=CN6-23
Added Pin To Net: NetName=REFCLK2+ Pin=CN6-24
Added Pin To Net: NetName=REFCLK2- Pin=CN6-26
Added Pin To Net: NetName=UP0_TD0 Pin=CN6-27
Added Pin To Net: NetName=UP0_TD1 Pin=CN6-29
Added Pin To Net: NetName=UP0_TD2 Pin=CN6-31
Added Pin To Net: NetName=UP1_TD0 Pin=CN6-32
Added Pin To Net: NetName=UP0_TD3 Pin=CN6-33
Added Pin To Net: NetName=UP1_TD1 Pin=CN6-34
Added Pin To Net: NetName=UP0_TD4 Pin=CN6-35
Added Pin To Net: NetName=UP1_TD2 Pin=CN6-36
Added Pin To Net: NetName=UP1_TD3 Pin=CN6-38
Added Pin To Net: NetName=UP0_TD5 Pin=CN6-39
Added Pin To Net: NetName=UP1_TD4 Pin=CN6-40
Added Pin To Net: NetName=UP0_TD6 Pin=CN6-41
Added Pin To Net: NetName=UP0_TD7 Pin=CN6-43
Added Pin To Net: NetName=UP1_TD5 Pin=CN6-44
Added Pin To Net: NetName=UP0_TD8 Pin=CN6-45
Added Pin To Net: NetName=UP1_TD6 Pin=CN6-46
Added Pin To Net: NetName=UP0_TD9 Pin=CN6-47
Added Pin To Net: NetName=UP1_TD7 Pin=CN6-48
Added Pin To Net: NetName=UP1_TD8 Pin=CN6-50
Added Pin To Net: NetName=UP0_LOS Pin=CN6-51
Added Pin To Net: NetName=UP1_TD9 Pin=CN6-52
Added Pin To Net: NetName=UP0_DETECT Pin=CN6-53
Added Pin To Net: NetName=UP0_TX_FAULT Pin=CN6-55
Added Pin To Net: NetName=UP0_SYNCEN Pin=CN6-56
Added Pin To Net: NetName=UP0_LOOPEN Pin=CN6-58
Added Pin To Net: NetName=UP0_TX_DISABLE Pin=CN6-59
Added Pin To Net: NetName=UP0_PRBSEN Pin=CN6-60
Added Pin To Net: NetName=UP0_SDA Pin=CN6-61
Added Pin To Net: NetName=UP0_ENABLE Pin=CN6-62
Added Pin To Net: NetName=UP0_SCL Pin=CN6-63
Added Pin To Net: NetName=UP0_SYNC Pin=CN6-64
Added Pin To Net: NetName=UP1_RD0 Pin=CN7-4
Added Pin To Net: NetName=UP1_RD1 Pin=CN7-6
Added Pin To Net: NetName=CMI_PIO3 Pin=CN7-7
Added Pin To Net: NetName=UP1_RD2 Pin=CN7-8
Added Pin To Net: NetName=CMI_PIO2 Pin=CN7-9
Added Pin To Net: NetName=UP1_RD3 Pin=CN7-10
Added Pin To Net: NetName=CMI_PIO1 Pin=CN7-11
Added Pin To Net: NetName=UP1_RD4 Pin=CN7-12
Added Pin To Net: NetName=CMI_PIO0 Pin=CN7-13
Added Pin To Net: NetName=UP1_RD5 Pin=CN7-16
Added Pin To Net: NetName=CMI_CLKSRC1 Pin=CN7-17
Added Pin To Net: NetName=UP1_RD6 Pin=CN7-18
Added Pin To Net: NetName=CMI_CLKSRC0 Pin=CN7-19
Added Pin To Net: NetName=UP1_RD7 Pin=CN7-20
Added Pin To Net: NetName=CMI_IRQ1 Pin=CN7-21
Added Pin To Net: NetName=UP1_RD8 Pin=CN7-22
Added Pin To Net: NetName=CMI_IRQ0 Pin=CN7-23
Added Pin To Net: NetName=UP1_RD9 Pin=CN7-24
Added Pin To Net: NetName=CMI_SPI_CS Pin=CN7-27
Added Pin To Net: NetName=UP0_RD0 Pin=CN7-28
Added Pin To Net: NetName=CMI_SPI_SDOUT Pin=CN7-29
Added Pin To Net: NetName=UP0_RD1 Pin=CN7-30
Added Pin To Net: NetName=CMI_SPI_SDIN Pin=CN7-31
Added Pin To Net: NetName=UP0_RD2 Pin=CN7-32
Added Pin To Net: NetName=CMI_SPI_SCLK Pin=CN7-33
Added Pin To Net: NetName=UP0_RD3 Pin=CN7-34
Added Pin To Net: NetName=UP0_RD4 Pin=CN7-36
Added Pin To Net: NetName=JTAG_TDO Pin=CN7-39
Added Pin To Net: NetName=UP0_RD5 Pin=CN7-40
Added Pin To Net: NetName=UP0_RD6 Pin=CN7-42
Added Pin To Net: NetName=UP0_RD7 Pin=CN7-44
Added Pin To Net: NetName=UP0_RD8 Pin=CN7-46
Added Pin To Net: NetName=UP0_RD9 Pin=CN7-48
Added Pin To Net: NetName=DCLK Pin=CN7-49
Added Pin To Net: NetName=CONF_DONE Pin=CN7-51
Added Pin To Net: NetName=UP1_LOS Pin=CN7-52
Added Pin To Net: NetName=NCONFIG Pin=CN7-53
Added Pin To Net: NetName=UP1_DETECT Pin=CN7-54
Added Pin To Net: NetName=NSTATUS Pin=CN7-55
Added Pin To Net: NetName=UP1_TX_FAULT Pin=CN7-56
Added Pin To Net: NetName=EXT_PPS_OUT Pin=CN7-59
Added Pin To Net: NetName=UP0_TX_DISABLE Pin=CN7-60
Added Pin To Net: NetName=EXT_PPS_IN Pin=CN7-61
Added Pin To Net: NetName=UP1_SDA Pin=CN7-62
Added Pin To Net: NetName=UP1_SCL Pin=CN7-64
Added Pin To Net: NetName=UP1_PRBSEN Pin=CN7-65
Added Pin To Net: NetName=UP1_ENABLE Pin=CN7-67
Added Pin To Net: NetName=UP1_SYNCEN Pin=CN7-68
Added Pin To Net: NetName=UP1_SYNC Pin=CN7-69
Added Pin To Net: NetName=UP1_LOOPEN Pin=CN7-70
Added Pin To Net: NetName=PDADC0_CS Pin=IC5-38
Added Pin To Net: NetName=PDADC0_SDO Pin=IC5-39
Added Pin To Net: NetName=PDADC0_SCLK Pin=IC5-42
Added Pin To Net: NetName=PDADC1_CS Pin=IC5-43
Added Pin To Net: NetName=PDADC1_SDO Pin=IC5-44
Added Pin To Net: NetName=PDADC1_SCLK Pin=IC5-46
Added Pin To Net: NetName=PD0_UP Pin=IC5-49
Added Pin To Net: NetName=PD0_DOWN Pin=IC5-50
Added Pin To Net: NetName=PD1_UP Pin=IC5-52
Added Pin To Net: NetName=PD1_DOWN Pin=IC5-53
Added Pin To Net: NetName=REFCLK_EXT_SEL Pin=IC10-15
Added Pin To Net: NetName=REFCLK_FB- Pin=IC12-37
Added Pin To Net: NetName=REFCLK_FB+ Pin=IC12-38
Added Pin To Net: NetName=DAC_REF_SYNC Pin=IC13-5
Added Pin To Net: NetName=DAC_REF_SCLK Pin=IC13-6
Added Pin To Net: NetName=DAC_REF_DIN Pin=IC13-7
Added Pin To Net: NetName=DMTDCLK+ Pin=IC16-7
Added Pin To Net: NetName=DMTDCLK- Pin=IC16-8
Added Pin To Net: NetName=DAC_DMTD_SYNC Pin=IC17-5
Added Pin To Net: NetName=DAC_DMTD_SCLK Pin=IC17-6
Added Pin To Net: NetName=DAC_DMTD_DIN Pin=IC17-7
Added Pin To Net: NetName=GND Pin=IC22-1
Added Pin To Net: NetName=GND Pin=IC22-3
Added Pin To Net: NetName=+2V5 Pin=IC22-5
Added Pin To Net: NetName=+2V5 Pin=IC23-6
Added Pin To Net: NetName=+2V5 Pin=IC23-13
Added Pin To Net: NetName=+2V5 Pin=IC23-16
Added Pin To Net: NetName=+2V5 Pin=IC23-26
Added Pin To Net: NetName=GND Pin=IC23-35
Added Pin To Net: NetName=+2V5 Pin=IC23-37
Added Pin To Net: NetName=GND Pin=IC23-40
Added Pin To Net: NetName=GND Pin=IC23-PAD
Added Pin To Net: NetName=GND Pin=IC23-PAD
Added Pin To Net: NetName=GND Pin=IC23-PAD
Added Pin To Net: NetName=GND Pin=IC23-PAD
Added Pin To Net: NetName=GND Pin=IC23-PAD
Added Pin To Net: NetName=GND Pin=IC23-PAD
Added Pin To Net: NetName=GND Pin=IC23-PAD
Added Pin To Net: NetName=GND Pin=IC23-PAD
Added Pin To Net: NetName=GND Pin=IC23-PAD
Added Pin To Net: NetName=GND Pin=IC24-5
Added Pin To Net: NetName=+3V3 Pin=IC24-8
Added Pin To Net: NetName=+3V3 Pin=L3-2
Added Pin To Net: NetName=+3V3 Pin=L4-2
Added Pin To Net: NetName=+2V5 Pin=L5-1
Added Pin To Net: NetName=UP0_RBCLK Pin=R55-1
Added Pin To Net: NetName=UP1_RBCLK Pin=R56-2
Added Pin To Net: NetName=GND Pin=R58-1
Added Pin To Net: NetName=+3V3 Pin=R59-1
Added Pin To Net: NetName=GND Pin=R60-1
Added Pin To Net: NetName=GND Pin=R61-2
Added Pin To Net: NetName=GND Pin=R62-2
Added Pin To Net: NetName=GND Pin=R63-2
Added Pin To Net: NetName=+2V5 Pin=R64-2
Added Pin To Net: NetName=+2V5 Pin=R65-2
Added Pin To Net: NetName=GND Pin=R69-2
Added Pin To Net: NetName=GND Pin=R70-2
Added Pin To Net: NetName=+3V3 Pin=R71-2
Added Pin To Net: NetName=+3V3 Pin=RP4-1
Added Pin To Net: NetName=+3V3 Pin=RP4-2
Added Pin To Net: NetName=+3V3 Pin=RP4-3
Added Pin To Net: NetName=+3V3 Pin=RP4-4
Added Pin To Net: NetName=+3V3 Pin=RP5-1
Added Pin To Net: NetName=+3V3 Pin=RP5-2
Added Pin To Net: NetName=+3V3 Pin=RP5-3
Added Pin To Net: NetName=+3V3 Pin=RP5-4
Added Pin To Net: NetName=GND Pin=X1-1
Added Pin To Net: NetName=GND Pin=X1-9
Added Pin To Net: NetName=GND Pin=X1-10
Added Pin To Net: NetName=GND Pin=X1-11
Added Pin To Net: NetName=GND Pin=X1-14
Added Pin To Net: NetName=GND Pin=X1-17
Added Pin To Net: NetName=GND Pin=X1-20
Added Pin To Net: NetName=GND Pin=X1-21
Added Pin To Net: NetName=GND Pin=X1-22
Added Pin To Net: NetName=GND Pin=X1-23
Added Pin To Net: NetName=GND Pin=X1-24
Added Pin To Net: NetName=GND Pin=X1-25
Added Pin To Net: NetName=GND Pin=X1-26
Added Pin To Net: NetName=GND Pin=X1-27
Added Pin To Net: NetName=GND Pin=X1-28
Added Pin To Net: NetName=GND Pin=X1-29
Added Pin To Net: NetName=GND Pin=X1-30
Added Pin To Net: NetName=GND Pin=X1-31
Change Net Name : Old Net Name=JTAG_TCK New Net Name=NetIC5_16
Change Net Name : Old Net Name=JTAG_TDI New Net Name=NetIC5_15
Change Net Name : Old Net Name=JTAG_TMS New Net Name=NetIC5_18
Added Pin To Net: NetName=JTAG_TCK Pin=CN7-41
Added Net: Name=JTAG_TCK
Added Pin To Net: NetName=JTAG_TDI Pin=CN7-37
Added Net: Name=JTAG_TDI
Added Pin To Net: NetName=JTAG_TMS Pin=CN7-43
Added Net: Name=JTAG_TMS
Added Pin To Net: NetName=NetC106_1 Pin=C106-1
Added Pin To Net: NetName=NetC106_1 Pin=C107-1
Added Pin To Net: NetName=NetC106_1 Pin=L4-1
Added Pin To Net: NetName=NetC106_1 Pin=X1-15
Added Net: Name=NetC106_1
Added Pin To Net: NetName=NetC108_1 Pin=C108-1
Added Pin To Net: NetName=NetC108_1 Pin=IC23-38
Added Pin To Net: NetName=NetC108_1 Pin=R58-2
Added Net: Name=NetC108_1
Added Pin To Net: NetName=NetC108_2 Pin=C108-2
Added Pin To Net: NetName=NetC108_2 Pin=X1-13
Added Net: Name=NetC108_2
Added Pin To Net: NetName=NetC109_1 Pin=C109-1
Added Pin To Net: NetName=NetC109_1 Pin=IC23-39
Added Pin To Net: NetName=NetC109_1 Pin=R60-2
Added Net: Name=NetC109_1
Added Pin To Net: NetName=NetC109_2 Pin=C109-2
Added Pin To Net: NetName=NetC109_2 Pin=R59-2
Added Pin To Net: NetName=NetC109_2 Pin=R61-1
Added Pin To Net: NetName=NetC109_2 Pin=X1-12
Added Net: Name=NetC109_2
Added Pin To Net: NetName=NetC110_2 Pin=C110-2
Added Pin To Net: NetName=NetC110_2 Pin=C114-2
Added Pin To Net: NetName=NetC110_2 Pin=L3-1
Added Pin To Net: NetName=NetC110_2 Pin=X1-16
Added Net: Name=NetC110_2
Added Pin To Net: NetName=NetC113_1 Pin=C113-1
Added Pin To Net: NetName=NetC113_1 Pin=IC23-34
Added Pin To Net: NetName=NetC113_1 Pin=R62-1
Added Pin To Net: NetName=NetC113_1 Pin=R65-1
Added Net: Name=NetC113_1
Added Pin To Net: NetName=NetC113_2 Pin=C113-2
Added Pin To Net: NetName=NetC113_2 Pin=X1-18
Added Net: Name=NetC113_2
Added Pin To Net: NetName=NetC115_1 Pin=C115-1
Added Pin To Net: NetName=NetC115_1 Pin=IC23-33
Added Pin To Net: NetName=NetC115_1 Pin=R63-1
Added Pin To Net: NetName=NetC115_1 Pin=R64-1
Added Net: Name=NetC115_1
Added Pin To Net: NetName=NetC115_2 Pin=C115-2
Added Pin To Net: NetName=NetC115_2 Pin=X1-19
Added Net: Name=NetC115_2
Added Pin To Net: NetName=NetC124_2 Pin=C124-2
Added Pin To Net: NetName=NetC124_2 Pin=C125-2
Added Pin To Net: NetName=NetC124_2 Pin=IC23-36
Added Pin To Net: NetName=NetC124_2 Pin=L5-2
Added Net: Name=NetC124_2
Added Pin To Net: NetName=NetIC22_2 Pin=IC22-2
Added Pin To Net: NetName=NetIC22_2 Pin=IC23-17
Added Pin To Net: NetName=NetIC22_2 Pin=R66-2
Added Net: Name=NetIC22_2
Added Pin To Net: NetName=NetIC22_4 Pin=IC22-4
Added Net: Name=NetIC22_4
Added Pin To Net: NetName=NetIC23_1 Pin=IC23-1
Added Net: Name=NetIC23_1
Added Pin To Net: NetName=NetIC23_2 Pin=IC23-2
Added Net: Name=NetIC23_2
Added Pin To Net: NetName=NetIC23_3 Pin=IC23-3
Added Net: Name=NetIC23_3
Added Pin To Net: NetName=NetIC23_4 Pin=IC23-4
Added Net: Name=NetIC23_4
Added Pin To Net: NetName=NetIC23_5 Pin=IC23-5
Added Net: Name=NetIC23_5
Added Pin To Net: NetName=NetIC23_7 Pin=IC23-7
Added Net: Name=NetIC23_7
Added Pin To Net: NetName=NetIC23_8 Pin=IC23-8
Added Net: Name=NetIC23_8
Added Pin To Net: NetName=NetIC23_9 Pin=IC23-9
Added Net: Name=NetIC23_9
Added Pin To Net: NetName=NetIC23_10 Pin=IC23-10
Added Net: Name=NetIC23_10
Added Pin To Net: NetName=NetIC23_11 Pin=IC23-11
Added Net: Name=NetIC23_11
Added Pin To Net: NetName=NetIC23_12 Pin=IC23-12
Added Net: Name=NetIC23_12
Added Pin To Net: NetName=NetIC23_14 Pin=IC23-14
Added Pin To Net: NetName=NetIC23_14 Pin=R66-1
Added Pin To Net: NetName=NetIC23_14 Pin=R67-2
Added Net: Name=NetIC23_14
Added Pin To Net: NetName=NetIC23_15 Pin=IC23-15
Added Net: Name=NetIC23_15
Added Pin To Net: NetName=NetIC23_19 Pin=IC23-19
Added Pin To Net: NetName=NetIC23_19 Pin=RP1-7
Added Net: Name=NetIC23_19
Added Pin To Net: NetName=NetIC23_20 Pin=IC23-20
Added Pin To Net: NetName=NetIC23_20 Pin=RP1-8
Added Net: Name=NetIC23_20
Added Pin To Net: NetName=NetIC23_21 Pin=IC23-21
Added Pin To Net: NetName=NetIC23_21 Pin=RP3-5
Added Net: Name=NetIC23_21
Added Pin To Net: NetName=NetIC23_22 Pin=IC23-22
Added Pin To Net: NetName=NetIC23_22 Pin=RP3-6
Added Net: Name=NetIC23_22
Added Pin To Net: NetName=NetIC23_23 Pin=IC23-23
Added Pin To Net: NetName=NetIC23_23 Pin=RP3-7
Added Net: Name=NetIC23_23
Added Pin To Net: NetName=NetIC23_24 Pin=IC23-24
Added Pin To Net: NetName=NetIC23_24 Pin=RP3-8
Added Net: Name=NetIC23_24
Added Pin To Net: NetName=NetIC23_25 Pin=IC23-25
Added Pin To Net: NetName=NetIC23_25 Pin=RP2-5
Added Net: Name=NetIC23_25
Added Pin To Net: NetName=NetIC23_27 Pin=IC23-27
Added Pin To Net: NetName=NetIC23_27 Pin=RP2-6
Added Net: Name=NetIC23_27
Added Pin To Net: NetName=NetIC23_28 Pin=IC23-28
Added Pin To Net: NetName=NetIC23_28 Pin=RP2-7
Added Net: Name=NetIC23_28
Added Pin To Net: NetName=NetIC23_29 Pin=IC23-29
Added Pin To Net: NetName=NetIC23_29 Pin=RP2-8
Added Net: Name=NetIC23_29
Added Pin To Net: NetName=NetIC23_30 Pin=IC23-30
Added Net: Name=NetIC23_30
Added Pin To Net: NetName=NetIC23_31 Pin=IC23-31
Added Net: Name=NetIC23_31
Added Pin To Net: NetName=NetIC23_32 Pin=IC23-32
Added Net: Name=NetIC23_32
Added Pin To Net: NetName=NetIC24_2 Pin=IC24-2
Added Pin To Net: NetName=NetIC24_2 Pin=R72-1
Added Net: Name=NetIC24_2
Added Pin To Net: NetName=NetIC24_3 Pin=IC24-3
Added Pin To Net: NetName=NetIC24_3 Pin=R72-2
Added Net: Name=NetIC24_3
Added Pin To Net: NetName=NetIC24_7 Pin=IC24-7
Added Pin To Net: NetName=NetIC24_7 Pin=R68-1
Added Net: Name=NetIC24_7
Added Pin To Net: NetName=NetR54_2 Pin=R54-2
Added Net: Name=NetR54_2
Added Pin To Net: NetName=NetR67_1 Pin=R67-1
Added Pin To Net: NetName=NetR67_1 Pin=R68-2
Added Pin To Net: NetName=NetR67_1 Pin=R69-1
Added Net: Name=NetR67_1
Added Pin To Net: NetName=NetR70_1 Pin=R70-1
Added Pin To Net: NetName=NetR70_1 Pin=R71-1
Added Pin To Net: NetName=NetR70_1 Pin=X1-7
Added Net: Name=NetR70_1
Added Pin To Net: NetName=NetRP1_1 Pin=RP1-1
Added Net: Name=NetRP1_1
Added Pin To Net: NetName=NetRP1_2 Pin=RP1-2
Added Net: Name=NetRP1_2
Added Pin To Net: NetName=NetRP2_1 Pin=RP2-1
Added Net: Name=NetRP2_1
Added Pin To Net: NetName=NetRP2_2 Pin=RP2-2
Added Net: Name=NetRP2_2
Added Pin To Net: NetName=NetRP2_3 Pin=RP2-3
Added Net: Name=NetRP2_3
Added Pin To Net: NetName=NetRP2_4 Pin=RP2-4
Added Net: Name=NetRP2_4
Added Pin To Net: NetName=NetRP3_1 Pin=RP3-1
Added Net: Name=NetRP3_1
Added Pin To Net: NetName=NetRP3_2 Pin=RP3-2
Added Net: Name=NetRP3_2
Added Pin To Net: NetName=NetRP3_3 Pin=RP3-3
Added Net: Name=NetRP3_3
Added Pin To Net: NetName=NetRP3_4 Pin=RP3-4
Added Net: Name=NetRP3_4
Added Pin To Net: NetName=NetRP4_5 Pin=RP4-5
Added Pin To Net: NetName=NetRP4_5 Pin=X1-6
Added Net: Name=NetRP4_5
Added Pin To Net: NetName=NetRP4_6 Pin=RP4-6
Added Pin To Net: NetName=NetRP4_6 Pin=X1-8
Added Net: Name=NetRP4_6
Added Pin To Net: NetName=NetRP5_5 Pin=RP5-5
Added Pin To Net: NetName=NetRP5_5 Pin=X1-2
Added Net: Name=NetRP5_5
Added Pin To Net: NetName=NetRP5_6 Pin=RP5-6
Added Pin To Net: NetName=NetRP5_6 Pin=X1-3
Added Net: Name=NetRP5_6
Added Pin To Net: NetName=NetRP5_7 Pin=RP5-7
Added Pin To Net: NetName=NetRP5_7 Pin=X1-4
Added Net: Name=NetRP5_7
Added Pin To Net: NetName=NetRP5_8 Pin=RP5-8
Added Pin To Net: NetName=NetRP5_8 Pin=X1-5
Added Net: Name=NetRP5_8
Change Class Name : Old Net Name=APD New Net Name=CLKB_analog_phase_detector
Change Class Name : Old Net Name=CLK New Net Name=CLKB_clocking_system
Change Class Name : Old Net Name=FPGA New Net Name=CLKB_clocking_fpga
Change Class Name : Old Net Name=MBCONN New Net Name=CLKB_mainboard_connector
Change Class Name : Old Net Name=PWR New Net Name=CLKB_power_regulators
Added Class: Name=CLKB_uplink_phy_and_sfp_1221
Added Room: Name=CLKB_uplink_phy_and_sfp_1221
